{"/home/anuruprkris/Project/online-fir-portal/OnlineFirPortal.backend/src/lib/access-control.ts": {"path":"/home/anuruprkris/Project/online-fir-portal/OnlineFirPortal.backend/src/lib/access-control.ts","statementMap":{"0":{"start":{"line":82,"column":0},"end":{"line":82,"column":16}},"1":{"start":{"line":91,"column":0},"end":{"line":91,"column":16}},"2":{"start":{"line":100,"column":0},"end":{"line":100,"column":16}},"3":{"start":{"line":128,"column":0},"end":{"line":128,"column":16}},"4":{"start":{"line":155,"column":0},"end":{"line":155,"column":16}},"5":{"start":{"line":184,"column":0},"end":{"line":184,"column":16}},"6":{"start":{"line":205,"column":0},"end":{"line":205,"column":16}},"7":{"start":{"line":213,"column":0},"end":{"line":213,"column":16}},"8":{"start":{"line":55,"column":76},"end":{"line":77,"column":2}},"9":{"start":{"line":83,"column":22},"end":{"line":83,"column":61}},"10":{"start":{"line":84,"column":2},"end":{"line":84,"column":33}},"11":{"start":{"line":84,"column":20},"end":{"line":84,"column":33}},"12":{"start":{"line":85,"column":2},"end":{"line":85,"column":38}},"13":{"start":{"line":92,"column":2},"end":{"line":92,"column":36}},"14":{"start":{"line":107,"column":2},"end":{"line":112,"column":3}},"15":{"start":{"line":108,"column":4},"end":{"line":111,"column":6}},"16":{"start":{"line":115,"column":2},"end":{"line":120,"column":3}},"17":{"start":{"line":116,"column":4},"end":{"line":119,"column":6}},"18":{"start":{"line":122,"column":2},"end":{"line":122,"column":27}},"19":{"start":{"line":134,"column":2},"end":{"line":139,"column":3}},"20":{"start":{"line":135,"column":4},"end":{"line":138,"column":6}},"21":{"start":{"line":142,"column":2},"end":{"line":147,"column":3}},"22":{"start":{"line":143,"column":4},"end":{"line":146,"column":6}},"23":{"start":{"line":149,"column":2},"end":{"line":149,"column":27}},"24":{"start":{"line":161,"column":2},"end":{"line":166,"column":3}},"25":{"start":{"line":162,"column":4},"end":{"line":165,"column":6}},"26":{"start":{"line":169,"column":2},"end":{"line":176,"column":3}},"27":{"start":{"line":172,"column":4},"end":{"line":175,"column":6}},"28":{"start":{"line":178,"column":2},"end":{"line":178,"column":27}},"29":{"start":{"line":185,"column":2},"end":{"line":185,"column":37}},"30":{"start":{"line":207,"column":2},"end":{"line":207,"column":70}},"31":{"start":{"line":214,"column":55},"end":{"line":220,"column":4}},"32":{"start":{"line":223,"column":23},"end":{"line":223,"column":52}},"33":{"start":{"line":224,"column":2},"end":{"line":224,"column":37}}},"fnMap":{"0":{"name":"hasPermission","decl":{"start":{"line":82,"column":16},"end":{"line":82,"column":29}},"loc":{"start":{"line":82,"column":80},"end":{"line":86,"column":1}}},"1":{"name":"isResourceOwner","decl":{"start":{"line":91,"column":16},"end":{"line":91,"column":31}},"loc":{"start":{"line":91,"column":71},"end":{"line":93,"column":1}}},"2":{"name":"canAccessFIR","decl":{"start":{"line":100,"column":16},"end":{"line":100,"column":28}},"loc":{"start":{"line":104,"column":16},"end":{"line":123,"column":1}}},"3":{"name":"canAccessDocument","decl":{"start":{"line":128,"column":16},"end":{"line":128,"column":33}},"loc":{"start":{"line":132,"column":16},"end":{"line":150,"column":1}}},"4":{"name":"canAccessUser","decl":{"start":{"line":155,"column":16},"end":{"line":155,"column":29}},"loc":{"start":{"line":159,"column":16},"end":{"line":179,"column":1}}},"5":{"name":"getRolePermissions","decl":{"start":{"line":184,"column":16},"end":{"line":184,"column":34}},"loc":{"start":{"line":184,"column":49},"end":{"line":186,"column":1}}},"6":{"name":"logAccessAttempt","decl":{"start":{"line":205,"column":16},"end":{"line":205,"column":32}},"loc":{"start":{"line":205,"column":46},"end":{"line":208,"column":1}}},"7":{"name":"canAccessRoute","decl":{"start":{"line":213,"column":16},"end":{"line":213,"column":30}},"loc":{"start":{"line":213,"column":60},"end":{"line":225,"column":1}}}},"branchMap":{"0":{"loc":{"start":{"line":84,"column":2},"end":{"line":84,"column":33}},"type":"if","locations":[{"start":{"line":84,"column":2},"end":{"line":84,"column":33}},{"start":{},"end":{}}]},"1":{"loc":{"start":{"line":107,"column":2},"end":{"line":112,"column":3}},"type":"if","locations":[{"start":{"line":107,"column":2},"end":{"line":112,"column":3}},{"start":{},"end":{}}]},"2":{"loc":{"start":{"line":115,"column":2},"end":{"line":120,"column":3}},"type":"if","locations":[{"start":{"line":115,"column":2},"end":{"line":120,"column":3}},{"start":{},"end":{}}]},"3":{"loc":{"start":{"line":115,"column":6},"end":{"line":115,"column":68}},"type":"binary-expr","locations":[{"start":{"line":115,"column":6},"end":{"line":115,"column":28}},{"start":{"line":115,"column":32},"end":{"line":115,"column":68}}]},"4":{"loc":{"start":{"line":134,"column":2},"end":{"line":139,"column":3}},"type":"if","locations":[{"start":{"line":134,"column":2},"end":{"line":139,"column":3}},{"start":{},"end":{}}]},"5":{"loc":{"start":{"line":142,"column":2},"end":{"line":147,"column":3}},"type":"if","locations":[{"start":{"line":142,"column":2},"end":{"line":147,"column":3}},{"start":{},"end":{}}]},"6":{"loc":{"start":{"line":142,"column":6},"end":{"line":142,"column":73}},"type":"binary-expr","locations":[{"start":{"line":142,"column":6},"end":{"line":142,"column":28}},{"start":{"line":142,"column":32},"end":{"line":142,"column":73}}]},"7":{"loc":{"start":{"line":161,"column":2},"end":{"line":166,"column":3}},"type":"if","locations":[{"start":{"line":161,"column":2},"end":{"line":166,"column":3}},{"start":{},"end":{}}]},"8":{"loc":{"start":{"line":169,"column":2},"end":{"line":176,"column":3}},"type":"if","locations":[{"start":{"line":169,"column":2},"end":{"line":176,"column":3}},{"start":{},"end":{}}]},"9":{"loc":{"start":{"line":169,"column":6},"end":{"line":171,"column":42}},"type":"binary-expr","locations":[{"start":{"line":169,"column":7},"end":{"line":169,"column":29}},{"start":{"line":169,"column":33},"end":{"line":169,"column":54}},{"start":{"line":170,"column":4},"end":{"line":170,"column":23}},{"start":{"line":171,"column":4},"end":{"line":171,"column":42}}]},"10":{"loc":{"start":{"line":223,"column":23},"end":{"line":223,"column":52}},"type":"binary-expr","locations":[{"start":{"line":223,"column":23},"end":{"line":223,"column":46}},{"start":{"line":223,"column":50},"end":{"line":223,"column":52}}]}},"s":{"0":3,"1":3,"2":3,"3":3,"4":3,"5":3,"6":3,"7":3,"8":3,"9":0,"10":0,"11":0,"12":0,"13":0,"14":0,"15":0,"16":0,"17":0,"18":0,"19":0,"20":0,"21":0,"22":0,"23":0,"24":0,"25":0,"26":0,"27":0,"28":0,"29":0,"30":0,"31":0,"32":0,"33":0},"f":{"0":0,"1":0,"2":0,"3":0,"4":0,"5":0,"6":0,"7":0},"b":{"0":[0,0],"1":[0,0],"2":[0,0],"3":[0,0],"4":[0,0],"5":[0,0],"6":[0,0],"7":[0,0],"8":[0,0],"9":[0,0,0,0],"10":[0,0]}}
,"/home/anuruprkris/Project/online-fir-portal/OnlineFirPortal.backend/src/lib/audit-logger.ts": {"path":"/home/anuruprkris/Project/online-fir-portal/OnlineFirPortal.backend/src/lib/audit-logger.ts","statementMap":{"0":{"start":{"line":22,"column":0},"end":{"line":22,"column":7}},"1":{"start":{"line":49,"column":0},"end":{"line":49,"column":7}},"2":{"start":{"line":69,"column":0},"end":{"line":69,"column":7}},"3":{"start":{"line":92,"column":0},"end":{"line":92,"column":7}},"4":{"start":{"line":114,"column":0},"end":{"line":114,"column":7}},"5":{"start":{"line":1,"column":0},"end":{"line":1,"column":34}},"6":{"start":{"line":2,"column":0},"end":{"line":2,"column":55}},"7":{"start":{"line":23,"column":4},"end":{"line":43,"column":5}},"8":{"start":{"line":24,"column":26},"end":{"line":27,"column":10}},"9":{"start":{"line":29,"column":8},"end":{"line":29,"column":53}},"10":{"start":{"line":29,"column":26},"end":{"line":29,"column":53}},"11":{"start":{"line":30,"column":8},"end":{"line":30,"column":59}},"12":{"start":{"line":30,"column":28},"end":{"line":30,"column":59}},"13":{"start":{"line":31,"column":8},"end":{"line":31,"column":59}},"14":{"start":{"line":31,"column":28},"end":{"line":31,"column":59}},"15":{"start":{"line":32,"column":8},"end":{"line":32,"column":71}},"16":{"start":{"line":32,"column":32},"end":{"line":32,"column":71}},"17":{"start":{"line":33,"column":8},"end":{"line":33,"column":65}},"18":{"start":{"line":33,"column":30},"end":{"line":33,"column":65}},"19":{"start":{"line":34,"column":8},"end":{"line":34,"column":62}},"20":{"start":{"line":34,"column":29},"end":{"line":34,"column":62}},"21":{"start":{"line":35,"column":8},"end":{"line":35,"column":62}},"22":{"start":{"line":35,"column":29},"end":{"line":35,"column":62}},"23":{"start":{"line":36,"column":8},"end":{"line":36,"column":72}},"24":{"start":{"line":36,"column":27},"end":{"line":36,"column":72}},"25":{"start":{"line":37,"column":8},"end":{"line":37,"column":71}},"26":{"start":{"line":37,"column":32},"end":{"line":37,"column":71}},"27":{"start":{"line":38,"column":8},"end":{"line":38,"column":50}},"28":{"start":{"line":38,"column":25},"end":{"line":38,"column":50}},"29":{"start":{"line":40,"column":8},"end":{"line":40,"column":47}},"30":{"start":{"line":42,"column":8},"end":{"line":42,"column":53}},"31":{"start":{"line":56,"column":4},"end":{"line":63,"column":7}},"32":{"start":{"line":77,"column":4},"end":{"line":86,"column":7}},"33":{"start":{"line":100,"column":4},"end":{"line":108,"column":7}},"34":{"start":{"line":124,"column":23},"end":{"line":124,"column":25}},"35":{"start":{"line":126,"column":4},"end":{"line":126,"column":54}},"36":{"start":{"line":126,"column":24},"end":{"line":126,"column":54}},"37":{"start":{"line":127,"column":4},"end":{"line":127,"column":54}},"38":{"start":{"line":127,"column":24},"end":{"line":127,"column":54}},"39":{"start":{"line":128,"column":4},"end":{"line":128,"column":72}},"40":{"start":{"line":128,"column":30},"end":{"line":128,"column":72}},"41":{"start":{"line":129,"column":4},"end":{"line":129,"column":66}},"42":{"start":{"line":129,"column":28},"end":{"line":129,"column":66}},"43":{"start":{"line":131,"column":4},"end":{"line":135,"column":5}},"44":{"start":{"line":132,"column":8},"end":{"line":132,"column":29}},"45":{"start":{"line":133,"column":8},"end":{"line":133,"column":71}},"46":{"start":{"line":133,"column":31},"end":{"line":133,"column":71}},"47":{"start":{"line":134,"column":8},"end":{"line":134,"column":67}},"48":{"start":{"line":134,"column":29},"end":{"line":134,"column":67}},"49":{"start":{"line":137,"column":26},"end":{"line":155,"column":6}},"50":{"start":{"line":157,"column":4},"end":{"line":165,"column":6}},"51":{"start":{"line":158,"column":31},"end":{"line":161,"column":10}}},"fnMap":{"0":{"name":"logAudit","decl":{"start":{"line":22,"column":22},"end":{"line":22,"column":30}},"loc":{"start":{"line":22,"column":51},"end":{"line":44,"column":1}}},"1":{"name":"logAuthAttempt","decl":{"start":{"line":49,"column":22},"end":{"line":49,"column":36}},"loc":{"start":{"line":54,"column":25},"end":{"line":64,"column":1}}},"2":{"name":"logFIROperation","decl":{"start":{"line":69,"column":22},"end":{"line":69,"column":37}},"loc":{"start":{"line":75,"column":22},"end":{"line":87,"column":1}}},"3":{"name":"logUserOperation","decl":{"start":{"line":92,"column":22},"end":{"line":92,"column":38}},"loc":{"start":{"line":98,"column":22},"end":{"line":109,"column":1}}},"4":{"name":"queryAuditLogs","decl":{"start":{"line":114,"column":22},"end":{"line":114,"column":36}},"loc":{"start":{"line":123,"column":1},"end":{"line":166,"column":1}}},"5":{"name":"(anonymous_5)","decl":{"start":{"line":158,"column":23},"end":{"line":158,"column":26}},"loc":{"start":{"line":158,"column":31},"end":{"line":161,"column":10}}}},"branchMap":{"0":{"loc":{"start":{"line":26,"column":21},"end":{"line":26,"column":42}},"type":"binary-expr","locations":[{"start":{"line":26,"column":21},"end":{"line":26,"column":34}},{"start":{"line":26,"column":38},"end":{"line":26,"column":42}}]},"1":{"loc":{"start":{"line":29,"column":8},"end":{"line":29,"column":53}},"type":"if","locations":[{"start":{"line":29,"column":8},"end":{"line":29,"column":53}},{"start":{},"end":{}}]},"2":{"loc":{"start":{"line":30,"column":8},"end":{"line":30,"column":59}},"type":"if","locations":[{"start":{"line":30,"column":8},"end":{"line":30,"column":59}},{"start":{},"end":{}}]},"3":{"loc":{"start":{"line":31,"column":8},"end":{"line":31,"column":59}},"type":"if","locations":[{"start":{"line":31,"column":8},"end":{"line":31,"column":59}},{"start":{},"end":{}}]},"4":{"loc":{"start":{"line":32,"column":8},"end":{"line":32,"column":71}},"type":"if","locations":[{"start":{"line":32,"column":8},"end":{"line":32,"column":71}},{"start":{},"end":{}}]},"5":{"loc":{"start":{"line":33,"column":8},"end":{"line":33,"column":65}},"type":"if","locations":[{"start":{"line":33,"column":8},"end":{"line":33,"column":65}},{"start":{},"end":{}}]},"6":{"loc":{"start":{"line":34,"column":8},"end":{"line":34,"column":62}},"type":"if","locations":[{"start":{"line":34,"column":8},"end":{"line":34,"column":62}},{"start":{},"end":{}}]},"7":{"loc":{"start":{"line":35,"column":8},"end":{"line":35,"column":62}},"type":"if","locations":[{"start":{"line":35,"column":8},"end":{"line":35,"column":62}},{"start":{},"end":{}}]},"8":{"loc":{"start":{"line":36,"column":8},"end":{"line":36,"column":72}},"type":"if","locations":[{"start":{"line":36,"column":8},"end":{"line":36,"column":72}},{"start":{},"end":{}}]},"9":{"loc":{"start":{"line":37,"column":8},"end":{"line":37,"column":71}},"type":"if","locations":[{"start":{"line":37,"column":8},"end":{"line":37,"column":71}},{"start":{},"end":{}}]},"10":{"loc":{"start":{"line":38,"column":8},"end":{"line":38,"column":50}},"type":"if","locations":[{"start":{"line":38,"column":8},"end":{"line":38,"column":50}},{"start":{},"end":{}}]},"11":{"loc":{"start":{"line":58,"column":16},"end":{"line":58,"column":78}},"type":"cond-expr","locations":[{"start":{"line":58,"column":26},"end":{"line":58,"column":51}},{"start":{"line":58,"column":54},"end":{"line":58,"column":78}}]},"12":{"loc":{"start":{"line":126,"column":4},"end":{"line":126,"column":54}},"type":"if","locations":[{"start":{"line":126,"column":4},"end":{"line":126,"column":54}},{"start":{},"end":{}}]},"13":{"loc":{"start":{"line":127,"column":4},"end":{"line":127,"column":54}},"type":"if","locations":[{"start":{"line":127,"column":4},"end":{"line":127,"column":54}},{"start":{},"end":{}}]},"14":{"loc":{"start":{"line":128,"column":4},"end":{"line":128,"column":72}},"type":"if","locations":[{"start":{"line":128,"column":4},"end":{"line":128,"column":72}},{"start":{},"end":{}}]},"15":{"loc":{"start":{"line":129,"column":4},"end":{"line":129,"column":66}},"type":"if","locations":[{"start":{"line":129,"column":4},"end":{"line":129,"column":66}},{"start":{},"end":{}}]},"16":{"loc":{"start":{"line":131,"column":4},"end":{"line":135,"column":5}},"type":"if","locations":[{"start":{"line":131,"column":4},"end":{"line":135,"column":5}},{"start":{},"end":{}}]},"17":{"loc":{"start":{"line":131,"column":8},"end":{"line":131,"column":44}},"type":"binary-expr","locations":[{"start":{"line":131,"column":8},"end":{"line":131,"column":25}},{"start":{"line":131,"column":29},"end":{"line":131,"column":44}}]},"18":{"loc":{"start":{"line":133,"column":8},"end":{"line":133,"column":71}},"type":"if","locations":[{"start":{"line":133,"column":8},"end":{"line":133,"column":71}},{"start":{},"end":{}}]},"19":{"loc":{"start":{"line":134,"column":8},"end":{"line":134,"column":67}},"type":"if","locations":[{"start":{"line":134,"column":8},"end":{"line":134,"column":67}},{"start":{},"end":{}}]},"20":{"loc":{"start":{"line":141,"column":18},"end":{"line":141,"column":38}},"type":"binary-expr","locations":[{"start":{"line":141,"column":18},"end":{"line":141,"column":31}},{"start":{"line":141,"column":35},"end":{"line":141,"column":38}}]},"21":{"loc":{"start":{"line":142,"column":18},"end":{"line":142,"column":37}},"type":"binary-expr","locations":[{"start":{"line":142,"column":18},"end":{"line":142,"column":32}},{"start":{"line":142,"column":36},"end":{"line":142,"column":37}}]},"22":{"loc":{"start":{"line":160,"column":21},"end":{"line":160,"column":65}},"type":"cond-expr","locations":[{"start":{"line":160,"column":35},"end":{"line":160,"column":58}},{"start":{"line":160,"column":61},"end":{"line":160,"column":65}}]},"23":{"loc":{"start":{"line":163,"column":15},"end":{"line":163,"column":35}},"type":"binary-expr","locations":[{"start":{"line":163,"column":15},"end":{"line":163,"column":28}},{"start":{"line":163,"column":32},"end":{"line":163,"column":35}}]},"24":{"loc":{"start":{"line":164,"column":16},"end":{"line":164,"column":35}},"type":"binary-expr","locations":[{"start":{"line":164,"column":16},"end":{"line":164,"column":30}},{"start":{"line":164,"column":34},"end":{"line":164,"column":35}}]}},"s":{"0":3,"1":3,"2":3,"3":3,"4":3,"5":3,"6":3,"7":16,"8":16,"9":16,"10":6,"11":16,"12":6,"13":16,"14":13,"15":16,"16":0,"17":16,"18":0,"19":16,"20":16,"21":16,"22":12,"23":16,"24":4,"25":16,"26":8,"27":16,"28":3,"29":16,"30":0,"31":10,"32":0,"33":0,"34":0,"35":0,"36":0,"37":0,"38":0,"39":0,"40":0,"41":0,"42":0,"43":0,"44":0,"45":0,"46":0,"47":0,"48":0,"49":0,"50":0,"51":0},"f":{"0":16,"1":10,"2":0,"3":0,"4":0,"5":0},"b":{"0":[16,5],"1":[6,10],"2":[6,10],"3":[13,3],"4":[0,16],"5":[0,16],"6":[16,0],"7":[12,4],"8":[4,12],"9":[8,8],"10":[3,13],"11":[3,7],"12":[0,0],"13":[0,0],"14":[0,0],"15":[0,0],"16":[0,0],"17":[0,0],"18":[0,0],"19":[0,0],"20":[0,0],"21":[0,0],"22":[0,0],"23":[0,0],"24":[0,0]}}
,"/home/anuruprkris/Project/online-fir-portal/OnlineFirPortal.backend/src/lib/auth-middleware.ts": {"path":"/home/anuruprkris/Project/online-fir-portal/OnlineFirPortal.backend/src/lib/auth-middleware.ts","statementMap":{"0":{"start":{"line":18,"column":0},"end":{"line":18,"column":7}},"1":{"start":{"line":59,"column":0},"end":{"line":59,"column":16}},"2":{"start":{"line":122,"column":0},"end":{"line":122,"column":16}},"3":{"start":{"line":2,"column":0},"end":{"line":2,"column":56}},"4":{"start":{"line":3,"column":0},"end":{"line":3,"column":95}},"5":{"start":{"line":19,"column":2},"end":{"line":56,"column":3}},"6":{"start":{"line":21,"column":23},"end":{"line":21,"column":51}},"7":{"start":{"line":22,"column":31},"end":{"line":22,"column":35}},"8":{"start":{"line":24,"column":4},"end":{"line":26,"column":5}},"9":{"start":{"line":25,"column":6},"end":{"line":25,"column":38}},"10":{"start":{"line":29,"column":4},"end":{"line":31,"column":5}},"11":{"start":{"line":30,"column":6},"end":{"line":30,"column":41}},"12":{"start":{"line":33,"column":4},"end":{"line":36,"column":5}},"13":{"start":{"line":34,"column":6},"end":{"line":34,"column":74}},"14":{"start":{"line":35,"column":6},"end":{"line":35,"column":13}},"15":{"start":{"line":39,"column":17},"end":{"line":39,"column":41}},"16":{"start":{"line":40,"column":4},"end":{"line":43,"column":5}},"17":{"start":{"line":41,"column":6},"end":{"line":41,"column":66}},"18":{"start":{"line":42,"column":6},"end":{"line":42,"column":13}},"19":{"start":{"line":46,"column":4},"end":{"line":49,"column":5}},"20":{"start":{"line":47,"column":6},"end":{"line":47,"column":67}},"21":{"start":{"line":48,"column":6},"end":{"line":48,"column":13}},"22":{"start":{"line":51,"column":4},"end":{"line":51,"column":20}},"23":{"start":{"line":52,"column":4},"end":{"line":52,"column":11}},"24":{"start":{"line":55,"column":4},"end":{"line":55,"column":49}},"25":{"start":{"line":65,"column":15},"end":{"line":65,"column":36}},"26":{"start":{"line":68,"column":2},"end":{"line":84,"column":3}},"27":{"start":{"line":69,"column":4},"end":{"line":78,"column":7}},"28":{"start":{"line":80,"column":4},"end":{"line":83,"column":6}},"29":{"start":{"line":87,"column":2},"end":{"line":103,"column":3}},"30":{"start":{"line":88,"column":4},"end":{"line":97,"column":7}},"31":{"start":{"line":99,"column":4},"end":{"line":102,"column":6}},"32":{"start":{"line":106,"column":2},"end":{"line":114,"column":5}},"33":{"start":{"line":116,"column":2},"end":{"line":116,"column":27}},"34":{"start":{"line":123,"column":2},"end":{"line":136,"column":4}},"35":{"start":{"line":124,"column":4},"end":{"line":127,"column":5}},"36":{"start":{"line":125,"column":6},"end":{"line":125,"column":59}},"37":{"start":{"line":126,"column":6},"end":{"line":126,"column":13}},"38":{"start":{"line":129,"column":4},"end":{"line":134,"column":5}},"39":{"start":{"line":130,"column":6},"end":{"line":132,"column":9}},"40":{"start":{"line":133,"column":6},"end":{"line":133,"column":13}},"41":{"start":{"line":135,"column":4},"end":{"line":135,"column":11}}},"fnMap":{"0":{"name":"authenticateToken","decl":{"start":{"line":18,"column":22},"end":{"line":18,"column":39}},"loc":{"start":{"line":18,"column":87},"end":{"line":57,"column":1}}},"1":{"name":"checkPermission","decl":{"start":{"line":59,"column":16},"end":{"line":59,"column":31}},"loc":{"start":{"line":63,"column":26},"end":{"line":117,"column":1}}},"2":{"name":"requireRole","decl":{"start":{"line":122,"column":16},"end":{"line":122,"column":27}},"loc":{"start":{"line":122,"column":50},"end":{"line":137,"column":1}}},"3":{"name":"(anonymous_3)","decl":{"start":{"line":123,"column":9},"end":{"line":123,"column":10}},"loc":{"start":{"line":123,"column":61},"end":{"line":136,"column":3}}}},"branchMap":{"0":{"loc":{"start":{"line":24,"column":4},"end":{"line":26,"column":5}},"type":"if","locations":[{"start":{"line":24,"column":4},"end":{"line":26,"column":5}},{"start":{},"end":{}}]},"1":{"loc":{"start":{"line":24,"column":8},"end":{"line":24,"column":54}},"type":"binary-expr","locations":[{"start":{"line":24,"column":8},"end":{"line":24,"column":18}},{"start":{"line":24,"column":22},"end":{"line":24,"column":54}}]},"2":{"loc":{"start":{"line":29,"column":4},"end":{"line":31,"column":5}},"type":"if","locations":[{"start":{"line":29,"column":4},"end":{"line":31,"column":5}},{"start":{},"end":{}}]},"3":{"loc":{"start":{"line":29,"column":8},"end":{"line":29,"column":29}},"type":"binary-expr","locations":[{"start":{"line":29,"column":8},"end":{"line":29,"column":14}},{"start":{"line":29,"column":18},"end":{"line":29,"column":29}}]},"4":{"loc":{"start":{"line":33,"column":4},"end":{"line":36,"column":5}},"type":"if","locations":[{"start":{"line":33,"column":4},"end":{"line":36,"column":5}},{"start":{},"end":{}}]},"5":{"loc":{"start":{"line":40,"column":4},"end":{"line":43,"column":5}},"type":"if","locations":[{"start":{"line":40,"column":4},"end":{"line":43,"column":5}},{"start":{},"end":{}}]},"6":{"loc":{"start":{"line":46,"column":4},"end":{"line":49,"column":5}},"type":"if","locations":[{"start":{"line":46,"column":4},"end":{"line":49,"column":5}},{"start":{},"end":{}}]},"7":{"loc":{"start":{"line":68,"column":2},"end":{"line":84,"column":3}},"type":"if","locations":[{"start":{"line":68,"column":2},"end":{"line":84,"column":3}},{"start":{},"end":{}}]},"8":{"loc":{"start":{"line":75,"column":18},"end":{"line":75,"column":46}},"type":"binary-expr","locations":[{"start":{"line":75,"column":18},"end":{"line":75,"column":33}},{"start":{"line":75,"column":37},"end":{"line":75,"column":46}}]},"9":{"loc":{"start":{"line":87,"column":2},"end":{"line":103,"column":3}},"type":"if","locations":[{"start":{"line":87,"column":2},"end":{"line":103,"column":3}},{"start":{},"end":{}}]},"10":{"loc":{"start":{"line":87,"column":6},"end":{"line":87,"column":78}},"type":"binary-expr","locations":[{"start":{"line":87,"column":6},"end":{"line":87,"column":24}},{"start":{"line":87,"column":28},"end":{"line":87,"column":43}},{"start":{"line":87,"column":47},"end":{"line":87,"column":78}}]},"11":{"loc":{"start":{"line":112,"column":16},"end":{"line":112,"column":44}},"type":"binary-expr","locations":[{"start":{"line":112,"column":16},"end":{"line":112,"column":31}},{"start":{"line":112,"column":35},"end":{"line":112,"column":44}}]},"12":{"loc":{"start":{"line":124,"column":4},"end":{"line":127,"column":5}},"type":"if","locations":[{"start":{"line":124,"column":4},"end":{"line":127,"column":5}},{"start":{},"end":{}}]},"13":{"loc":{"start":{"line":129,"column":4},"end":{"line":134,"column":5}},"type":"if","locations":[{"start":{"line":129,"column":4},"end":{"line":134,"column":5}},{"start":{},"end":{}}]}},"s":{"0":2,"1":2,"2":2,"3":2,"4":2,"5":10,"6":10,"7":10,"8":10,"9":10,"10":10,"11":0,"12":10,"13":0,"14":0,"15":10,"16":10,"17":0,"18":0,"19":10,"20":0,"21":0,"22":10,"23":10,"24":0,"25":0,"26":0,"27":0,"28":0,"29":0,"30":0,"31":0,"32":0,"33":0,"34":64,"35":6,"36":0,"37":0,"38":6,"39":2,"40":2,"41":4},"f":{"0":10,"1":0,"2":64,"3":6},"b":{"0":[10,0],"1":[10,10],"2":[0,10],"3":[10,0],"4":[0,10],"5":[0,10],"6":[0,10],"7":[0,0],"8":[0,0],"9":[0,0],"10":[0,0,0],"11":[0,0],"12":[0,6],"13":[2,4]}}
,"/home/anuruprkris/Project/online-fir-portal/OnlineFirPortal.backend/src/lib/env.ts": {"path":"/home/anuruprkris/Project/online-fir-portal/OnlineFirPortal.backend/src/lib/env.ts","statementMap":{"0":{"start":{"line":1,"column":0},"end":{"line":1,"column":24}},"1":{"start":{"line":2,"column":0},"end":{"line":2,"column":37}},"2":{"start":{"line":5,"column":4},"end":{"line":8,"column":33}},"3":{"start":{"line":10,"column":0},"end":{"line":15,"column":1}},"4":{"start":{"line":11,"column":4},"end":{"line":14,"column":7}},"5":{"start":{"line":21,"column":18},"end":{"line":21,"column":35}},"6":{"start":{"line":22,"column":4},"end":{"line":24,"column":5}},"7":{"start":{"line":23,"column":8},"end":{"line":23,"column":21}},"8":{"start":{"line":26,"column":4},"end":{"line":30,"column":5}},"9":{"start":{"line":27,"column":25},"end":{"line":27,"column":77}},"10":{"start":{"line":28,"column":8},"end":{"line":28,"column":37}},"11":{"start":{"line":29,"column":8},"end":{"line":29,"column":24}},"12":{"start":{"line":32,"column":4},"end":{"line":32,"column":70}},"13":{"start":{"line":35,"column":13},"end":{"line":56,"column":2}}},"fnMap":{"0":{"name":"getRequiredEnv","decl":{"start":{"line":17,"column":9},"end":{"line":17,"column":23}},"loc":{"start":{"line":19,"column":68},"end":{"line":33,"column":1}}}},"branchMap":{"0":{"loc":{"start":{"line":5,"column":4},"end":{"line":8,"column":33}},"type":"binary-expr","locations":[{"start":{"line":5,"column":4},"end":{"line":5,"column":35}},{"start":{"line":6,"column":4},"end":{"line":6,"column":53}},{"start":{"line":7,"column":4},"end":{"line":7,"column":47}},{"start":{"line":8,"column":4},"end":{"line":8,"column":33}}]},"1":{"loc":{"start":{"line":10,"column":0},"end":{"line":15,"column":1}},"type":"if","locations":[{"start":{"line":10,"column":0},"end":{"line":15,"column":1}},{"start":{},"end":{}}]},"2":{"loc":{"start":{"line":22,"column":4},"end":{"line":24,"column":5}},"type":"if","locations":[{"start":{"line":22,"column":4},"end":{"line":24,"column":5}},{"start":{},"end":{}}]},"3":{"loc":{"start":{"line":22,"column":8},"end":{"line":22,"column":40}},"type":"binary-expr","locations":[{"start":{"line":22,"column":8},"end":{"line":22,"column":13}},{"start":{"line":22,"column":17},"end":{"line":22,"column":40}}]},"4":{"loc":{"start":{"line":26,"column":4},"end":{"line":30,"column":5}},"type":"if","locations":[{"start":{"line":26,"column":4},"end":{"line":30,"column":5}},{"start":{},"end":{}}]},"5":{"loc":{"start":{"line":26,"column":8},"end":{"line":26,"column":47}},"type":"binary-expr","locations":[{"start":{"line":26,"column":8},"end":{"line":26,"column":17}},{"start":{"line":26,"column":21},"end":{"line":26,"column":47}}]},"6":{"loc":{"start":{"line":27,"column":25},"end":{"line":27,"column":77}},"type":"binary-expr","locations":[{"start":{"line":27,"column":25},"end":{"line":27,"column":45}},{"start":{"line":27,"column":49},"end":{"line":27,"column":77}}]},"7":{"loc":{"start":{"line":37,"column":13},"end":{"line":37,"column":50}},"type":"binary-expr","locations":[{"start":{"line":37,"column":13},"end":{"line":37,"column":33}},{"start":{"line":37,"column":37},"end":{"line":37,"column":50}}]},"8":{"loc":{"start":{"line":38,"column":17},"end":{"line":38,"column":41}},"type":"binary-expr","locations":[{"start":{"line":38,"column":17},"end":{"line":38,"column":33}},{"start":{"line":38,"column":37},"end":{"line":38,"column":41}}]},"9":{"loc":{"start":{"line":39,"column":16},"end":{"line":39,"column":66}},"type":"binary-expr","locations":[{"start":{"line":39,"column":16},"end":{"line":39,"column":39}},{"start":{"line":39,"column":43},"end":{"line":39,"column":66}}]}},"s":{"0":3,"1":3,"2":3,"3":3,"4":0,"5":12,"6":12,"7":4,"8":8,"9":8,"10":8,"11":8,"12":0,"13":3},"f":{"0":12},"b":{"0":[3,0,0,0],"1":[0,3],"2":[4,8],"3":[12,4],"4":[8,0],"5":[8,8],"6":[8,0],"7":[3,0],"8":[3,2],"9":[3,2]}}
,"/home/anuruprkris/Project/online-fir-portal/OnlineFirPortal.backend/src/lib/jwt.ts": {"path":"/home/anuruprkris/Project/online-fir-portal/OnlineFirPortal.backend/src/lib/jwt.ts","statementMap":{"0":{"start":{"line":28,"column":0},"end":{"line":28,"column":16}},"1":{"start":{"line":39,"column":0},"end":{"line":39,"column":16}},"2":{"start":{"line":49,"column":0},"end":{"line":49,"column":16}},"3":{"start":{"line":64,"column":0},"end":{"line":64,"column":16}},"4":{"start":{"line":6,"column":0},"end":{"line":6,"column":31}},"5":{"start":{"line":7,"column":0},"end":{"line":7,"column":28}},"6":{"start":{"line":10,"column":19},"end":{"line":10,"column":32}},"7":{"start":{"line":11,"column":27},"end":{"line":11,"column":47}},"8":{"start":{"line":12,"column":28},"end":{"line":12,"column":33}},"9":{"start":{"line":13,"column":29},"end":{"line":13,"column":33}},"10":{"start":{"line":29,"column":2},"end":{"line":33,"column":5}},"11":{"start":{"line":40,"column":2},"end":{"line":43,"column":5}},"12":{"start":{"line":50,"column":2},"end":{"line":58,"column":3}},"13":{"start":{"line":51,"column":20},"end":{"line":54,"column":22}},"14":{"start":{"line":55,"column":4},"end":{"line":55,"column":19}},"15":{"start":{"line":57,"column":4},"end":{"line":57,"column":16}},"16":{"start":{"line":65,"column":2},"end":{"line":72,"column":3}},"17":{"start":{"line":66,"column":20},"end":{"line":68,"column":28}},"18":{"start":{"line":69,"column":4},"end":{"line":69,"column":19}},"19":{"start":{"line":71,"column":4},"end":{"line":71,"column":16}}},"fnMap":{"0":{"name":"generateAccessToken","decl":{"start":{"line":28,"column":16},"end":{"line":28,"column":35}},"loc":{"start":{"line":28,"column":57},"end":{"line":34,"column":1}}},"1":{"name":"generateRefreshToken","decl":{"start":{"line":39,"column":16},"end":{"line":39,"column":36}},"loc":{"start":{"line":39,"column":51},"end":{"line":44,"column":1}}},"2":{"name":"verifyAccessToken","decl":{"start":{"line":49,"column":16},"end":{"line":49,"column":33}},"loc":{"start":{"line":49,"column":47},"end":{"line":59,"column":1}}},"3":{"name":"verifyRefreshToken","decl":{"start":{"line":64,"column":16},"end":{"line":64,"column":34}},"loc":{"start":{"line":64,"column":48},"end":{"line":73,"column":1}}}},"branchMap":{},"s":{"0":2,"1":2,"2":2,"3":2,"4":2,"5":2,"6":2,"7":2,"8":2,"9":2,"10":6,"11":1,"12":12,"13":12,"14":12,"15":0,"16":0,"17":0,"18":0,"19":0},"f":{"0":6,"1":1,"2":12,"3":0},"b":{}}
,"/home/anuruprkris/Project/online-fir-portal/OnlineFirPortal.backend/src/lib/password-service.ts": {"path":"/home/anuruprkris/Project/online-fir-portal/OnlineFirPortal.backend/src/lib/password-service.ts","statementMap":{"0":{"start":{"line":4,"column":0},"end":{"line":4,"column":16}},"1":{"start":{"line":36,"column":0},"end":{"line":36,"column":16}},"2":{"start":{"line":50,"column":0},"end":{"line":50,"column":16}},"3":{"start":{"line":70,"column":0},"end":{"line":70,"column":16}},"4":{"start":{"line":77,"column":0},"end":{"line":77,"column":7}},"5":{"start":{"line":93,"column":0},"end":{"line":93,"column":7}},"6":{"start":{"line":130,"column":0},"end":{"line":130,"column":7}},"7":{"start":{"line":142,"column":0},"end":{"line":142,"column":7}},"8":{"start":{"line":156,"column":0},"end":{"line":156,"column":7}},"9":{"start":{"line":1,"column":0},"end":{"line":1,"column":49}},"10":{"start":{"line":2,"column":0},"end":{"line":2,"column":34}},"11":{"start":{"line":8,"column":29},"end":{"line":8,"column":31}},"12":{"start":{"line":10,"column":4},"end":{"line":12,"column":5}},"13":{"start":{"line":11,"column":8},"end":{"line":11,"column":68}},"14":{"start":{"line":14,"column":4},"end":{"line":16,"column":5}},"15":{"start":{"line":15,"column":8},"end":{"line":15,"column":75}},"16":{"start":{"line":18,"column":4},"end":{"line":20,"column":5}},"17":{"start":{"line":19,"column":8},"end":{"line":19,"column":75}},"18":{"start":{"line":22,"column":4},"end":{"line":24,"column":5}},"19":{"start":{"line":23,"column":8},"end":{"line":23,"column":65}},"20":{"start":{"line":26,"column":4},"end":{"line":28,"column":5}},"21":{"start":{"line":27,"column":8},"end":{"line":27,"column":76}},"22":{"start":{"line":30,"column":4},"end":{"line":33,"column":6}},"23":{"start":{"line":40,"column":4},"end":{"line":40,"column":38}},"24":{"start":{"line":40,"column":26},"end":{"line":40,"column":38}},"25":{"start":{"line":42,"column":4},"end":{"line":47,"column":5}},"26":{"start":{"line":43,"column":34},"end":{"line":43,"column":61}},"27":{"start":{"line":44,"column":8},"end":{"line":44,"column":50}},"28":{"start":{"line":46,"column":8},"end":{"line":46,"column":20}},"29":{"start":{"line":54,"column":28},"end":{"line":54,"column":30}},"30":{"start":{"line":56,"column":4},"end":{"line":62,"column":5}},"31":{"start":{"line":57,"column":8},"end":{"line":61,"column":9}},"32":{"start":{"line":58,"column":12},"end":{"line":58,"column":49}},"33":{"start":{"line":60,"column":12},"end":{"line":60,"column":25}},"34":{"start":{"line":64,"column":4},"end":{"line":64,"column":37}},"35":{"start":{"line":65,"column":4},"end":{"line":65,"column":34}},"36":{"start":{"line":67,"column":4},"end":{"line":67,"column":35}},"37":{"start":{"line":71,"column":18},"end":{"line":71,"column":49}},"38":{"start":{"line":72,"column":22},"end":{"line":72,"column":70}},"39":{"start":{"line":74,"column":4},"end":{"line":74,"column":32}},"40":{"start":{"line":78,"column":33},"end":{"line":78,"column":53}},"41":{"start":{"line":79,"column":22},"end":{"line":79,"column":59}},"42":{"start":{"line":81,"column":4},"end":{"line":88,"column":7}},"43":{"start":{"line":90,"column":4},"end":{"line":90,"column":17}},"44":{"start":{"line":98,"column":22},"end":{"line":98,"column":70}},"45":{"start":{"line":100,"column":23},"end":{"line":103,"column":6}},"46":{"start":{"line":105,"column":4},"end":{"line":107,"column":5}},"47":{"start":{"line":106,"column":8},"end":{"line":106,"column":32}},"48":{"start":{"line":109,"column":4},"end":{"line":111,"column":5}},"49":{"start":{"line":110,"column":8},"end":{"line":110,"column":32}},"50":{"start":{"line":113,"column":4},"end":{"line":115,"column":5}},"51":{"start":{"line":114,"column":8},"end":{"line":114,"column":32}},"52":{"start":{"line":117,"column":4},"end":{"line":122,"column":5}},"53":{"start":{"line":118,"column":8},"end":{"line":121,"column":10}},"54":{"start":{"line":124,"column":4},"end":{"line":127,"column":6}},"55":{"start":{"line":131,"column":22},"end":{"line":131,"column":70}},"56":{"start":{"line":133,"column":4},"end":{"line":139,"column":7}},"57":{"start":{"line":146,"column":4},"end":{"line":153,"column":7}},"58":{"start":{"line":157,"column":4},"end":{"line":174,"column":7}}},"fnMap":{"0":{"name":"validatePasswordStrength","decl":{"start":{"line":4,"column":16},"end":{"line":4,"column":40}},"loc":{"start":{"line":4,"column":57},"end":{"line":34,"column":1}}},"1":{"name":"checkPasswordHistory","decl":{"start":{"line":36,"column":16},"end":{"line":36,"column":36}},"loc":{"start":{"line":38,"column":28},"end":{"line":48,"column":1}}},"2":{"name":"updatePasswordHistory","decl":{"start":{"line":50,"column":16},"end":{"line":50,"column":37}},"loc":{"start":{"line":52,"column":27},"end":{"line":68,"column":1}}},"3":{"name":"generateResetToken","decl":{"start":{"line":70,"column":16},"end":{"line":70,"column":34}},"loc":{"start":{"line":70,"column":34},"end":{"line":75,"column":1}}},"4":{"name":"createPasswordResetRequest","decl":{"start":{"line":77,"column":22},"end":{"line":77,"column":48}},"loc":{"start":{"line":77,"column":63},"end":{"line":91,"column":1}}},"5":{"name":"verifyResetToken","decl":{"start":{"line":93,"column":22},"end":{"line":93,"column":38}},"loc":{"start":{"line":93,"column":52},"end":{"line":128,"column":1}}},"6":{"name":"markResetTokenUsed","decl":{"start":{"line":130,"column":22},"end":{"line":130,"column":40}},"loc":{"start":{"line":130,"column":54},"end":{"line":140,"column":1}}},"7":{"name":"approvePasswordReset","decl":{"start":{"line":142,"column":22},"end":{"line":142,"column":42}},"loc":{"start":{"line":144,"column":19},"end":{"line":154,"column":1}}},"8":{"name":"getPendingResetRequests","decl":{"start":{"line":156,"column":22},"end":{"line":156,"column":45}},"loc":{"start":{"line":156,"column":45},"end":{"line":175,"column":1}}}},"branchMap":{"0":{"loc":{"start":{"line":10,"column":4},"end":{"line":12,"column":5}},"type":"if","locations":[{"start":{"line":10,"column":4},"end":{"line":12,"column":5}},{"start":{},"end":{}}]},"1":{"loc":{"start":{"line":14,"column":4},"end":{"line":16,"column":5}},"type":"if","locations":[{"start":{"line":14,"column":4},"end":{"line":16,"column":5}},{"start":{},"end":{}}]},"2":{"loc":{"start":{"line":18,"column":4},"end":{"line":20,"column":5}},"type":"if","locations":[{"start":{"line":18,"column":4},"end":{"line":20,"column":5}},{"start":{},"end":{}}]},"3":{"loc":{"start":{"line":22,"column":4},"end":{"line":24,"column":5}},"type":"if","locations":[{"start":{"line":22,"column":4},"end":{"line":24,"column":5}},{"start":{},"end":{}}]},"4":{"loc":{"start":{"line":26,"column":4},"end":{"line":28,"column":5}},"type":"if","locations":[{"start":{"line":26,"column":4},"end":{"line":28,"column":5}},{"start":{},"end":{}}]},"5":{"loc":{"start":{"line":40,"column":4},"end":{"line":40,"column":38}},"type":"if","locations":[{"start":{"line":40,"column":4},"end":{"line":40,"column":38}},{"start":{},"end":{}}]},"6":{"loc":{"start":{"line":56,"column":4},"end":{"line":62,"column":5}},"type":"if","locations":[{"start":{"line":56,"column":4},"end":{"line":62,"column":5}},{"start":{},"end":{}}]},"7":{"loc":{"start":{"line":105,"column":4},"end":{"line":107,"column":5}},"type":"if","locations":[{"start":{"line":105,"column":4},"end":{"line":107,"column":5}},{"start":{},"end":{}}]},"8":{"loc":{"start":{"line":109,"column":4},"end":{"line":111,"column":5}},"type":"if","locations":[{"start":{"line":109,"column":4},"end":{"line":111,"column":5}},{"start":{},"end":{}}]},"9":{"loc":{"start":{"line":113,"column":4},"end":{"line":115,"column":5}},"type":"if","locations":[{"start":{"line":113,"column":4},"end":{"line":115,"column":5}},{"start":{},"end":{}}]},"10":{"loc":{"start":{"line":117,"column":4},"end":{"line":122,"column":5}},"type":"if","locations":[{"start":{"line":117,"column":4},"end":{"line":122,"column":5}},{"start":{},"end":{}}]},"11":{"loc":{"start":{"line":117,"column":8},"end":{"line":117,"column":71}},"type":"binary-expr","locations":[{"start":{"line":117,"column":8},"end":{"line":117,"column":42}},{"start":{"line":117,"column":46},"end":{"line":117,"column":71}}]}},"s":{"0":3,"1":3,"2":3,"3":3,"4":3,"5":3,"6":3,"7":3,"8":3,"9":3,"10":3,"11":9,"12":9,"13":2,"14":9,"15":2,"16":9,"17":1,"18":9,"19":2,"20":9,"21":2,"22":9,"23":3,"24":1,"25":2,"26":2,"27":2,"28":0,"29":3,"30":3,"31":2,"32":2,"33":0,"34":3,"35":3,"36":3,"37":0,"38":0,"39":0,"40":0,"41":0,"42":0,"43":0,"44":0,"45":0,"46":0,"47":0,"48":0,"49":0,"50":0,"51":0,"52":0,"53":0,"54":0,"55":0,"56":0,"57":0,"58":0},"f":{"0":9,"1":3,"2":3,"3":0,"4":0,"5":0,"6":0,"7":0,"8":0},"b":{"0":[2,7],"1":[2,7],"2":[1,8],"3":[2,7],"4":[2,7],"5":[1,2],"6":[2,1],"7":[0,0],"8":[0,0],"9":[0,0],"10":[0,0],"11":[0,0]}}
,"/home/anuruprkris/Project/online-fir-portal/OnlineFirPortal.backend/src/lib/prisma.ts": {"path":"/home/anuruprkris/Project/online-fir-portal/OnlineFirPortal.backend/src/lib/prisma.ts","statementMap":{"0":{"start":{"line":1,"column":0},"end":{"line":1,"column":46}},"1":{"start":{"line":2,"column":0},"end":{"line":2,"column":24}},"2":{"start":{"line":3,"column":0},"end":{"line":3,"column":20}},"3":{"start":{"line":4,"column":0},"end":{"line":4,"column":41}},"4":{"start":{"line":6,"column":24},"end":{"line":6,"column":95}},"5":{"start":{"line":9,"column":4},"end":{"line":12,"column":33}},"6":{"start":{"line":14,"column":0},"end":{"line":23,"column":1}},"7":{"start":{"line":15,"column":20},"end":{"line":15,"column":52}},"8":{"start":{"line":16,"column":4},"end":{"line":18,"column":5}},"9":{"start":{"line":17,"column":8},"end":{"line":17,"column":51}},"10":{"start":{"line":19,"column":19},"end":{"line":21,"column":44}},"11":{"start":{"line":22,"column":4},"end":{"line":22,"column":48}},"12":{"start":{"line":25,"column":0},"end":{"line":40,"column":1}},"13":{"start":{"line":26,"column":4},"end":{"line":26,"column":42}},"14":{"start":{"line":28,"column":4},"end":{"line":39,"column":5}},"15":{"start":{"line":29,"column":8},"end":{"line":32,"column":11}},"16":{"start":{"line":34,"column":8},"end":{"line":34,"column":95}},"17":{"start":{"line":35,"column":8},"end":{"line":38,"column":11}},"18":{"start":{"line":42,"column":13},"end":{"line":46,"column":7}},"19":{"start":{"line":48,"column":0},"end":{"line":48,"column":75}},"20":{"start":{"line":48,"column":43},"end":{"line":48,"column":75}},"21":{"start":{"line":50,"column":0},"end":{"line":50,"column":22}}},"fnMap":{},"branchMap":{"0":{"loc":{"start":{"line":9,"column":4},"end":{"line":12,"column":33}},"type":"binary-expr","locations":[{"start":{"line":9,"column":4},"end":{"line":9,"column":35}},{"start":{"line":10,"column":4},"end":{"line":10,"column":53}},{"start":{"line":11,"column":4},"end":{"line":11,"column":47}},{"start":{"line":12,"column":4},"end":{"line":12,"column":33}}]},"1":{"loc":{"start":{"line":14,"column":0},"end":{"line":23,"column":1}},"type":"if","locations":[{"start":{"line":14,"column":0},"end":{"line":23,"column":1}},{"start":{},"end":{}}]},"2":{"loc":{"start":{"line":14,"column":4},"end":{"line":14,"column":42}},"type":"binary-expr","locations":[{"start":{"line":14,"column":4},"end":{"line":14,"column":13}},{"start":{"line":14,"column":17},"end":{"line":14,"column":42}}]},"3":{"loc":{"start":{"line":16,"column":4},"end":{"line":18,"column":5}},"type":"if","locations":[{"start":{"line":16,"column":4},"end":{"line":18,"column":5}},{"start":{},"end":{}}]},"4":{"loc":{"start":{"line":19,"column":19},"end":{"line":21,"column":44}},"type":"cond-expr","locations":[{"start":{"line":20,"column":10},"end":{"line":20,"column":49}},{"start":{"line":21,"column":10},"end":{"line":21,"column":44}}]},"5":{"loc":{"start":{"line":25,"column":0},"end":{"line":40,"column":1}},"type":"if","locations":[{"start":{"line":25,"column":0},"end":{"line":40,"column":1}},{"start":{},"end":{}}]},"6":{"loc":{"start":{"line":25,"column":4},"end":{"line":25,"column":48}},"type":"binary-expr","locations":[{"start":{"line":25,"column":4},"end":{"line":25,"column":13}},{"start":{"line":25,"column":17},"end":{"line":25,"column":48}}]},"7":{"loc":{"start":{"line":43,"column":4},"end":{"line":46,"column":6}},"type":"binary-expr","locations":[{"start":{"line":43,"column":4},"end":{"line":43,"column":26}},{"start":{"line":44,"column":4},"end":{"line":46,"column":6}}]},"8":{"loc":{"start":{"line":45,"column":13},"end":{"line":45,"column":83}},"type":"cond-expr","locations":[{"start":{"line":45,"column":54},"end":{"line":45,"column":71}},{"start":{"line":45,"column":74},"end":{"line":45,"column":83}}]},"9":{"loc":{"start":{"line":48,"column":0},"end":{"line":48,"column":75}},"type":"if","locations":[{"start":{"line":48,"column":0},"end":{"line":48,"column":75}},{"start":{},"end":{}}]}},"s":{"0":4,"1":4,"2":4,"3":4,"4":4,"5":4,"6":4,"7":4,"8":4,"9":0,"10":4,"11":4,"12":4,"13":4,"14":4,"15":4,"16":0,"17":0,"18":4,"19":4,"20":4,"21":4},"f":{},"b":{"0":[4,0,0,0],"1":[4,0],"2":[4,0],"3":[0,4],"4":[0,4],"5":[4,0],"6":[4,4],"7":[4,4],"8":[0,4],"9":[4,0]}}
,"/home/anuruprkris/Project/online-fir-portal/OnlineFirPortal.backend/src/lib/security-middleware.ts": {"path":"/home/anuruprkris/Project/online-fir-portal/OnlineFirPortal.backend/src/lib/security-middleware.ts","statementMap":{"0":{"start":{"line":1,"column":0},"end":{"line":1,"column":43}},"1":{"start":{"line":2,"column":0},"end":{"line":2,"column":28}},"2":{"start":{"line":3,"column":0},"end":{"line":3,"column":22}},"3":{"start":{"line":6,"column":33},"end":{"line":6,"column":95}},"4":{"start":{"line":7,"column":27},"end":{"line":7,"column":72}},"5":{"start":{"line":8,"column":34},"end":{"line":8,"column":97}},"6":{"start":{"line":9,"column":28},"end":{"line":9,"column":74}},"7":{"start":{"line":12,"column":13},"end":{"line":18,"column":3}},"8":{"start":{"line":21,"column":13},"end":{"line":27,"column":3}},"9":{"start":{"line":29,"column":13},"end":{"line":29,"column":40}},"10":{"start":{"line":31,"column":13},"end":{"line":31,"column":35}},"11":{"start":{"line":35,"column":23},"end":{"line":35,"column":99}},"12":{"start":{"line":35,"column":50},"end":{"line":35,"column":99}},"13":{"start":{"line":37,"column":22},"end":{"line":48,"column":1}},"14":{"start":{"line":38,"column":2},"end":{"line":38,"column":62}},"15":{"start":{"line":38,"column":33},"end":{"line":38,"column":62}},"16":{"start":{"line":39,"column":2},"end":{"line":39,"column":60}},"17":{"start":{"line":39,"column":28},"end":{"line":39,"column":60}},"18":{"start":{"line":40,"column":2},"end":{"line":46,"column":3}},"19":{"start":{"line":41,"column":47},"end":{"line":41,"column":49}},"20":{"start":{"line":42,"column":4},"end":{"line":44,"column":5}},"21":{"start":{"line":43,"column":6},"end":{"line":43,"column":78}},"22":{"start":{"line":45,"column":4},"end":{"line":45,"column":21}},"23":{"start":{"line":47,"column":2},"end":{"line":47,"column":15}},"24":{"start":{"line":50,"column":46},"end":{"line":73,"column":1}},"25":{"start":{"line":51,"column":2},"end":{"line":53,"column":3}},"26":{"start":{"line":52,"column":4},"end":{"line":52,"column":39}},"27":{"start":{"line":54,"column":2},"end":{"line":62,"column":3}},"28":{"start":{"line":55,"column":27},"end":{"line":55,"column":71}},"29":{"start":{"line":56,"column":4},"end":{"line":61,"column":5}},"30":{"start":{"line":57,"column":6},"end":{"line":59,"column":7}},"31":{"start":{"line":58,"column":8},"end":{"line":58,"column":59}},"32":{"start":{"line":60,"column":6},"end":{"line":60,"column":101}},"33":{"start":{"line":63,"column":2},"end":{"line":71,"column":3}},"34":{"start":{"line":64,"column":28},"end":{"line":64,"column":74}},"35":{"start":{"line":65,"column":4},"end":{"line":70,"column":5}},"36":{"start":{"line":66,"column":6},"end":{"line":68,"column":7}},"37":{"start":{"line":67,"column":8},"end":{"line":67,"column":60}},"38":{"start":{"line":69,"column":6},"end":{"line":69,"column":103}},"39":{"start":{"line":72,"column":2},"end":{"line":72,"column":9}},"40":{"start":{"line":50,"column":13},"end":{"line":50,"column":46}}},"fnMap":{"0":{"name":"(anonymous_1)","decl":{"start":{"line":35,"column":23},"end":{"line":35,"column":24}},"loc":{"start":{"line":35,"column":50},"end":{"line":35,"column":99}}},"1":{"name":"(anonymous_2)","decl":{"start":{"line":37,"column":22},"end":{"line":37,"column":23}},"loc":{"start":{"line":37,"column":50},"end":{"line":48,"column":1}}},"2":{"name":"(anonymous_3)","decl":{"start":{"line":50,"column":46},"end":{"line":50,"column":47}},"loc":{"start":{"line":50,"column":98},"end":{"line":73,"column":1}}}},"branchMap":{"0":{"loc":{"start":{"line":6,"column":40},"end":{"line":6,"column":94}},"type":"binary-expr","locations":[{"start":{"line":6,"column":40},"end":{"line":6,"column":76}},{"start":{"line":6,"column":80},"end":{"line":6,"column":94}}]},"1":{"loc":{"start":{"line":7,"column":34},"end":{"line":7,"column":71}},"type":"binary-expr","locations":[{"start":{"line":7,"column":34},"end":{"line":7,"column":64}},{"start":{"line":7,"column":68},"end":{"line":7,"column":71}}]},"2":{"loc":{"start":{"line":8,"column":41},"end":{"line":8,"column":96}},"type":"binary-expr","locations":[{"start":{"line":8,"column":41},"end":{"line":8,"column":78}},{"start":{"line":8,"column":82},"end":{"line":8,"column":96}}]},"3":{"loc":{"start":{"line":9,"column":35},"end":{"line":9,"column":73}},"type":"binary-expr","locations":[{"start":{"line":9,"column":35},"end":{"line":9,"column":66}},{"start":{"line":9,"column":70},"end":{"line":9,"column":73}}]},"4":{"loc":{"start":{"line":38,"column":2},"end":{"line":38,"column":62}},"type":"if","locations":[{"start":{"line":38,"column":2},"end":{"line":38,"column":62}},{"start":{},"end":{}}]},"5":{"loc":{"start":{"line":39,"column":2},"end":{"line":39,"column":60}},"type":"if","locations":[{"start":{"line":39,"column":2},"end":{"line":39,"column":60}},{"start":{},"end":{}}]},"6":{"loc":{"start":{"line":40,"column":2},"end":{"line":46,"column":3}},"type":"if","locations":[{"start":{"line":40,"column":2},"end":{"line":46,"column":3}},{"start":{},"end":{}}]},"7":{"loc":{"start":{"line":40,"column":6},"end":{"line":40,"column":40}},"type":"binary-expr","locations":[{"start":{"line":40,"column":6},"end":{"line":40,"column":11}},{"start":{"line":40,"column":15},"end":{"line":40,"column":40}}]},"8":{"loc":{"start":{"line":51,"column":2},"end":{"line":53,"column":3}},"type":"if","locations":[{"start":{"line":51,"column":2},"end":{"line":53,"column":3}},{"start":{},"end":{}}]},"9":{"loc":{"start":{"line":54,"column":2},"end":{"line":62,"column":3}},"type":"if","locations":[{"start":{"line":54,"column":2},"end":{"line":62,"column":3}},{"start":{},"end":{}}]},"10":{"loc":{"start":{"line":56,"column":4},"end":{"line":61,"column":5}},"type":"if","locations":[{"start":{"line":56,"column":4},"end":{"line":61,"column":5}},{"start":{},"end":{}}]},"11":{"loc":{"start":{"line":56,"column":8},"end":{"line":56,"column":50}},"type":"binary-expr","locations":[{"start":{"line":56,"column":8},"end":{"line":56,"column":17}},{"start":{"line":56,"column":21},"end":{"line":56,"column":50}}]},"12":{"loc":{"start":{"line":63,"column":2},"end":{"line":71,"column":3}},"type":"if","locations":[{"start":{"line":63,"column":2},"end":{"line":71,"column":3}},{"start":{},"end":{}}]},"13":{"loc":{"start":{"line":65,"column":4},"end":{"line":70,"column":5}},"type":"if","locations":[{"start":{"line":65,"column":4},"end":{"line":70,"column":5}},{"start":{},"end":{}}]},"14":{"loc":{"start":{"line":65,"column":8},"end":{"line":65,"column":52}},"type":"binary-expr","locations":[{"start":{"line":65,"column":8},"end":{"line":65,"column":18}},{"start":{"line":65,"column":22},"end":{"line":65,"column":52}}]}},"s":{"0":2,"1":2,"2":2,"3":2,"4":2,"5":2,"6":2,"7":2,"8":2,"9":2,"10":2,"11":2,"12":64,"13":2,"14":136,"15":64,"16":72,"17":0,"18":72,"19":71,"20":71,"21":65,"22":71,"23":1,"24":2,"25":25,"26":21,"27":25,"28":25,"29":25,"30":25,"31":0,"32":25,"33":25,"34":25,"35":25,"36":25,"37":0,"38":25,"39":25,"40":2},"f":{"0":64,"1":136,"2":25},"b":{"0":[2,0],"1":[2,0],"2":[2,0],"3":[2,2],"4":[64,72],"5":[0,72],"6":[71,1],"7":[72,71],"8":[21,4],"9":[25,0],"10":[25,0],"11":[25,25],"12":[25,0],"13":[25,0],"14":[25,25]}}
,"/home/anuruprkris/Project/online-fir-portal/OnlineFirPortal.backend/src/lib/security.ts": {"path":"/home/anuruprkris/Project/online-fir-portal/OnlineFirPortal.backend/src/lib/security.ts","statementMap":{"0":{"start":{"line":20,"column":0},"end":{"line":20,"column":16}},"1":{"start":{"line":42,"column":0},"end":{"line":42,"column":7}},"2":{"start":{"line":75,"column":0},"end":{"line":75,"column":7}},"3":{"start":{"line":85,"column":0},"end":{"line":85,"column":7}},"4":{"start":{"line":111,"column":0},"end":{"line":111,"column":7}},"5":{"start":{"line":122,"column":0},"end":{"line":122,"column":16}},"6":{"start":{"line":130,"column":0},"end":{"line":130,"column":16}},"7":{"start":{"line":135,"column":0},"end":{"line":135,"column":16}},"8":{"start":{"line":141,"column":0},"end":{"line":141,"column":16}},"9":{"start":{"line":145,"column":0},"end":{"line":145,"column":16}},"10":{"start":{"line":152,"column":0},"end":{"line":152,"column":16}},"11":{"start":{"line":169,"column":0},"end":{"line":169,"column":16}},"12":{"start":{"line":173,"column":0},"end":{"line":173,"column":16}},"13":{"start":{"line":177,"column":0},"end":{"line":177,"column":7}},"14":{"start":{"line":183,"column":0},"end":{"line":183,"column":7}},"15":{"start":{"line":191,"column":0},"end":{"line":191,"column":7}},"16":{"start":{"line":197,"column":0},"end":{"line":197,"column":7}},"17":{"start":{"line":225,"column":0},"end":{"line":225,"column":7}},"18":{"start":{"line":245,"column":0},"end":{"line":245,"column":7}},"19":{"start":{"line":263,"column":0},"end":{"line":263,"column":7}},"20":{"start":{"line":284,"column":0},"end":{"line":284,"column":7}},"21":{"start":{"line":305,"column":0},"end":{"line":305,"column":7}},"22":{"start":{"line":326,"column":0},"end":{"line":326,"column":7}},"23":{"start":{"line":347,"column":0},"end":{"line":347,"column":7}},"24":{"start":{"line":368,"column":0},"end":{"line":368,"column":7}},"25":{"start":{"line":389,"column":0},"end":{"line":389,"column":16}},"26":{"start":{"line":399,"column":0},"end":{"line":399,"column":7}},"27":{"start":{"line":404,"column":0},"end":{"line":404,"column":7}},"28":{"start":{"line":1,"column":0},"end":{"line":1,"column":30}},"29":{"start":{"line":2,"column":0},"end":{"line":2,"column":35}},"30":{"start":{"line":3,"column":0},"end":{"line":3,"column":34}},"31":{"start":{"line":4,"column":0},"end":{"line":4,"column":48}},"32":{"start":{"line":5,"column":0},"end":{"line":5,"column":28}},"33":{"start":{"line":7,"column":16},"end":{"line":7,"column":46}},"34":{"start":{"line":9,"column":0},"end":{"line":9,"column":33}},"35":{"start":{"line":11,"column":23},"end":{"line":11,"column":76}},"36":{"start":{"line":12,"column":26},"end":{"line":12,"column":79}},"37":{"start":{"line":14,"column":26},"end":{"line":14,"column":91}},"38":{"start":{"line":15,"column":32},"end":{"line":15,"column":80}},"39":{"start":{"line":16,"column":29},"end":{"line":16,"column":43}},"40":{"start":{"line":17,"column":27},"end":{"line":17,"column":28}},"41":{"start":{"line":18,"column":33},"end":{"line":18,"column":47}},"42":{"start":{"line":21,"column":14},"end":{"line":21,"column":24}},"43":{"start":{"line":22,"column":14},"end":{"line":22,"column":33}},"44":{"start":{"line":23,"column":17},"end":{"line":23,"column":40}},"45":{"start":{"line":25,"column":2},"end":{"line":31,"column":3}},"46":{"start":{"line":26,"column":4},"end":{"line":29,"column":7}},"47":{"start":{"line":30,"column":4},"end":{"line":30,"column":16}},"48":{"start":{"line":33,"column":2},"end":{"line":35,"column":3}},"49":{"start":{"line":34,"column":4},"end":{"line":34,"column":17}},"50":{"start":{"line":37,"column":2},"end":{"line":37,"column":17}},"51":{"start":{"line":38,"column":2},"end":{"line":38,"column":34}},"52":{"start":{"line":39,"column":2},"end":{"line":39,"column":14}},"53":{"start":{"line":48,"column":15},"end":{"line":53,"column":4}},"54":{"start":{"line":55,"column":2},"end":{"line":55,"column":82}},"55":{"start":{"line":57,"column":28},"end":{"line":57,"column":73}},"56":{"start":{"line":59,"column":2},"end":{"line":70,"column":3}},"57":{"start":{"line":60,"column":24},"end":{"line":60,"column":71}},"58":{"start":{"line":61,"column":4},"end":{"line":67,"column":7}},"59":{"start":{"line":69,"column":4},"end":{"line":69,"column":50}},"60":{"start":{"line":72,"column":2},"end":{"line":72,"column":46}},"61":{"start":{"line":76,"column":2},"end":{"line":82,"column":5}},"62":{"start":{"line":86,"column":15},"end":{"line":89,"column":4}},"63":{"start":{"line":91,"column":2},"end":{"line":91,"column":26}},"64":{"start":{"line":91,"column":13},"end":{"line":91,"column":26}},"65":{"start":{"line":93,"column":2},"end":{"line":106,"column":3}},"66":{"start":{"line":94,"column":4},"end":{"line":104,"column":5}},"67":{"start":{"line":95,"column":6},"end":{"line":102,"column":9}},"68":{"start":{"line":103,"column":6},"end":{"line":103,"column":19}},"69":{"start":{"line":105,"column":4},"end":{"line":105,"column":16}},"70":{"start":{"line":108,"column":2},"end":{"line":108,"column":15}},"71":{"start":{"line":112,"column":2},"end":{"line":119,"column":5}},"72":{"start":{"line":123,"column":2},"end":{"line":127,"column":12}},"73":{"start":{"line":131,"column":21},"end":{"line":131,"column":49}},"74":{"start":{"line":132,"column":2},"end":{"line":132,"column":32}},"75":{"start":{"line":136,"column":21},"end":{"line":136,"column":88}},"76":{"start":{"line":137,"column":22},"end":{"line":137,"column":36}},"77":{"start":{"line":138,"column":2},"end":{"line":138,"column":38}},"78":{"start":{"line":142,"column":2},"end":{"line":142,"column":77}},"79":{"start":{"line":146,"column":16},"end":{"line":146,"column":80}},"80":{"start":{"line":147,"column":16},"end":{"line":147,"column":38}},"81":{"start":{"line":148,"column":2},"end":{"line":148,"column":32}},"82":{"start":{"line":149,"column":2},"end":{"line":149,"column":72}},"83":{"start":{"line":149,"column":35},"end":{"line":149,"column":61}},"84":{"start":{"line":153,"column":14},"end":{"line":153,"column":24}},"85":{"start":{"line":154,"column":2},"end":{"line":158,"column":3}},"86":{"start":{"line":155,"column":4},"end":{"line":157,"column":5}},"87":{"start":{"line":156,"column":6},"end":{"line":156,"column":33}},"88":{"start":{"line":159,"column":2},"end":{"line":163,"column":3}},"89":{"start":{"line":160,"column":4},"end":{"line":162,"column":5}},"90":{"start":{"line":161,"column":6},"end":{"line":161,"column":36}},"91":{"start":{"line":166,"column":24},"end":{"line":166,"column":69}},"92":{"start":{"line":167,"column":0},"end":{"line":167,"column":24}},"93":{"start":{"line":170,"column":2},"end":{"line":170,"column":50}},"94":{"start":{"line":174,"column":2},"end":{"line":174,"column":51}},"95":{"start":{"line":178,"column":16},"end":{"line":178,"column":38}},"96":{"start":{"line":179,"column":2},"end":{"line":179,"column":32}},"97":{"start":{"line":180,"column":2},"end":{"line":180,"column":80}},"98":{"start":{"line":180,"column":35},"end":{"line":180,"column":69}},"99":{"start":{"line":184,"column":18},"end":{"line":184,"column":35}},"100":{"start":{"line":185,"column":23},"end":{"line":185,"column":50}},"101":{"start":{"line":186,"column":21},"end":{"line":186,"column":72}},"102":{"start":{"line":187,"column":20},"end":{"line":187,"column":58}},"103":{"start":{"line":188,"column":2},"end":{"line":188,"column":76}},"104":{"start":{"line":188,"column":31},"end":{"line":188,"column":65}},"105":{"start":{"line":192,"column":15},"end":{"line":192,"column":39}},"106":{"start":{"line":193,"column":15},"end":{"line":193,"column":48}},"107":{"start":{"line":194,"column":2},"end":{"line":194,"column":24}},"108":{"start":{"line":198,"column":2},"end":{"line":198,"column":52}},"109":{"start":{"line":202,"column":18},"end":{"line":202,"column":35}},"110":{"start":{"line":203,"column":22},"end":{"line":208,"column":null}},"111":{"start":{"line":211,"column":2},"end":{"line":222,"column":4}},"112":{"start":{"line":226,"column":18},"end":{"line":226,"column":35}},"113":{"start":{"line":227,"column":15},"end":{"line":227,"column":57}},"114":{"start":{"line":228,"column":13},"end":{"line":228,"column":55}},"115":{"start":{"line":229,"column":14},"end":{"line":229,"column":45}},"116":{"start":{"line":231,"column":20},"end":{"line":234,"column":null}},"117":{"start":{"line":237,"column":19},"end":{"line":237,"column":81}},"118":{"start":{"line":238,"column":2},"end":{"line":238,"column":24}},"119":{"start":{"line":239,"column":2},"end":{"line":239,"column":32}},"120":{"start":{"line":240,"column":2},"end":{"line":240,"column":67}},"121":{"start":{"line":242,"column":2},"end":{"line":242,"column":48}},"122":{"start":{"line":246,"column":19},"end":{"line":246,"column":87}},"123":{"start":{"line":246,"column":70},"end":{"line":246,"column":85}},"124":{"start":{"line":248,"column":15},"end":{"line":248,"column":36}},"125":{"start":{"line":249,"column":13},"end":{"line":249,"column":35}},"126":{"start":{"line":250,"column":20},"end":{"line":250,"column":38}},"127":{"start":{"line":252,"column":14},"end":{"line":252,"column":45}},"128":{"start":{"line":254,"column":20},"end":{"line":257,"column":null}},"129":{"start":{"line":260,"column":2},"end":{"line":260,"column":45}},"130":{"start":{"line":264,"column":28},"end":{"line":272,"column":null}},"131":{"start":{"line":275,"column":20},"end":{"line":275,"column":86}},"132":{"start":{"line":276,"column":21},"end":{"line":276,"column":89}},"133":{"start":{"line":278,"column":2},"end":{"line":281,"column":4}},"134":{"start":{"line":285,"column":18},"end":{"line":285,"column":35}},"135":{"start":{"line":286,"column":26},"end":{"line":286,"column":86}},"136":{"start":{"line":286,"column":70},"end":{"line":286,"column":85}},"137":{"start":{"line":288,"column":20},"end":{"line":293,"column":null}},"138":{"start":{"line":296,"column":20},"end":{"line":299,"column":null}},"139":{"start":{"line":302,"column":2},"end":{"line":302,"column":65}},"140":{"start":{"line":306,"column":27},"end":{"line":306,"column":88}},"141":{"start":{"line":306,"column":72},"end":{"line":306,"column":87}},"142":{"start":{"line":307,"column":26},"end":{"line":307,"column":86}},"143":{"start":{"line":307,"column":70},"end":{"line":307,"column":85}},"144":{"start":{"line":309,"column":21},"end":{"line":314,"column":null}},"145":{"start":{"line":317,"column":20},"end":{"line":320,"column":null}},"146":{"start":{"line":323,"column":2},"end":{"line":323,"column":45}},"147":{"start":{"line":327,"column":18},"end":{"line":335,"column":null}},"148":{"start":{"line":338,"column":20},"end":{"line":338,"column":76}},"149":{"start":{"line":339,"column":21},"end":{"line":339,"column":79}},"150":{"start":{"line":341,"column":2},"end":{"line":344,"column":4}},"151":{"start":{"line":348,"column":18},"end":{"line":348,"column":35}},"152":{"start":{"line":349,"column":27},"end":{"line":349,"column":88}},"153":{"start":{"line":349,"column":72},"end":{"line":349,"column":87}},"154":{"start":{"line":351,"column":21},"end":{"line":356,"column":null}},"155":{"start":{"line":359,"column":20},"end":{"line":362,"column":null}},"156":{"start":{"line":365,"column":2},"end":{"line":365,"column":65}},"157":{"start":{"line":369,"column":18},"end":{"line":369,"column":35}},"158":{"start":{"line":370,"column":26},"end":{"line":370,"column":86}},"159":{"start":{"line":370,"column":70},"end":{"line":370,"column":85}},"160":{"start":{"line":371,"column":26},"end":{"line":371,"column":86}},"161":{"start":{"line":371,"column":70},"end":{"line":371,"column":85}},"162":{"start":{"line":373,"column":20},"end":{"line":378,"column":null}},"163":{"start":{"line":381,"column":2},"end":{"line":386,"column":4}},"164":{"start":{"line":390,"column":15},"end":{"line":390,"column":39}},"165":{"start":{"line":391,"column":17},"end":{"line":391,"column":82}},"166":{"start":{"line":392,"column":2},"end":{"line":392,"column":46}},"167":{"start":{"line":396,"column":2},"end":{"line":396,"column":27}},"168":{"start":{"line":400,"column":14},"end":{"line":400,"column":35}},"169":{"start":{"line":401,"column":2},"end":{"line":401,"column":37}},"170":{"start":{"line":405,"column":14},"end":{"line":405,"column":35}},"171":{"start":{"line":406,"column":2},"end":{"line":406,"column":46}}},"fnMap":{"0":{"name":"checkRateLimit","decl":{"start":{"line":20,"column":16},"end":{"line":20,"column":30}},"loc":{"start":{"line":20,"column":48},"end":{"line":40,"column":1}}},"1":{"name":"trackFailedLogin","decl":{"start":{"line":42,"column":22},"end":{"line":42,"column":38}},"loc":{"start":{"line":46,"column":20},"end":{"line":73,"column":1}}},"2":{"name":"resetFailedLoginAttempts","decl":{"start":{"line":75,"column":22},"end":{"line":75,"column":46}},"loc":{"start":{"line":75,"column":61},"end":{"line":83,"column":1}}},"3":{"name":"isAccountLocked","decl":{"start":{"line":85,"column":22},"end":{"line":85,"column":37}},"loc":{"start":{"line":85,"column":52},"end":{"line":109,"column":1}}},"4":{"name":"unlockAccount","decl":{"start":{"line":111,"column":22},"end":{"line":111,"column":35}},"loc":{"start":{"line":111,"column":67},"end":{"line":120,"column":1}}},"5":{"name":"sanitizeInput","decl":{"start":{"line":122,"column":16},"end":{"line":122,"column":29}},"loc":{"start":{"line":122,"column":43},"end":{"line":128,"column":1}}},"6":{"name":"isValidEmail","decl":{"start":{"line":130,"column":16},"end":{"line":130,"column":28}},"loc":{"start":{"line":130,"column":42},"end":{"line":133,"column":1}}},"7":{"name":"isValidMobile","decl":{"start":{"line":135,"column":16},"end":{"line":135,"column":29}},"loc":{"start":{"line":135,"column":44},"end":{"line":139,"column":1}}},"8":{"name":"normalizeMobile","decl":{"start":{"line":141,"column":16},"end":{"line":141,"column":31}},"loc":{"start":{"line":141,"column":46},"end":{"line":143,"column":1}}},"9":{"name":"generateSecureToken","decl":{"start":{"line":145,"column":16},"end":{"line":145,"column":35}},"loc":{"start":{"line":145,"column":55},"end":{"line":150,"column":1}}},"10":{"name":"(anonymous_15)","decl":{"start":{"line":149,"column":27},"end":{"line":149,"column":31}},"loc":{"start":{"line":149,"column":35},"end":{"line":149,"column":61}}},"11":{"name":"cleanupRateLimits","decl":{"start":{"line":152,"column":16},"end":{"line":152,"column":33}},"loc":{"start":{"line":152,"column":33},"end":{"line":164,"column":1}}},"12":{"name":"encodeBase64","decl":{"start":{"line":169,"column":16},"end":{"line":169,"column":28}},"loc":{"start":{"line":169,"column":41},"end":{"line":171,"column":1}}},"13":{"name":"decodeBase64","decl":{"start":{"line":173,"column":16},"end":{"line":173,"column":28}},"loc":{"start":{"line":173,"column":44},"end":{"line":175,"column":1}}},"14":{"name":"generateSalt","decl":{"start":{"line":177,"column":22},"end":{"line":177,"column":34}},"loc":{"start":{"line":177,"column":54},"end":{"line":181,"column":1}}},"15":{"name":"(anonymous_20)","decl":{"start":{"line":180,"column":27},"end":{"line":180,"column":31}},"loc":{"start":{"line":180,"column":35},"end":{"line":180,"column":69}}},"16":{"name":"hashWithSalt","decl":{"start":{"line":183,"column":22},"end":{"line":183,"column":34}},"loc":{"start":{"line":183,"column":61},"end":{"line":189,"column":1}}},"17":{"name":"(anonymous_22)","decl":{"start":{"line":188,"column":23},"end":{"line":188,"column":27}},"loc":{"start":{"line":188,"column":31},"end":{"line":188,"column":65}}},"18":{"name":"hashPassword","decl":{"start":{"line":191,"column":22},"end":{"line":191,"column":34}},"loc":{"start":{"line":191,"column":51},"end":{"line":195,"column":1}}},"19":{"name":"verifyPassword","decl":{"start":{"line":197,"column":22},"end":{"line":197,"column":36}},"loc":{"start":{"line":197,"column":88},"end":{"line":199,"column":1}}},"20":{"name":"deriveKey","decl":{"start":{"line":201,"column":15},"end":{"line":201,"column":24}},"loc":{"start":{"line":201,"column":59},"end":{"line":223,"column":1}}},"21":{"name":"encryptAES","decl":{"start":{"line":225,"column":22},"end":{"line":225,"column":32}},"loc":{"start":{"line":225,"column":68},"end":{"line":243,"column":1}}},"22":{"name":"decryptAES","decl":{"start":{"line":245,"column":22},"end":{"line":245,"column":32}},"loc":{"start":{"line":245,"column":69},"end":{"line":261,"column":1}}},"23":{"name":"(anonymous_28)","decl":{"start":{"line":246,"column":65},"end":{"line":246,"column":66}},"loc":{"start":{"line":246,"column":70},"end":{"line":246,"column":85}}},"24":{"name":"generateRSAKeyPair","decl":{"start":{"line":263,"column":22},"end":{"line":263,"column":40}},"loc":{"start":{"line":263,"column":40},"end":{"line":282,"column":1}}},"25":{"name":"encryptRSA","decl":{"start":{"line":284,"column":22},"end":{"line":284,"column":32}},"loc":{"start":{"line":284,"column":70},"end":{"line":303,"column":1}}},"26":{"name":"(anonymous_31)","decl":{"start":{"line":286,"column":65},"end":{"line":286,"column":66}},"loc":{"start":{"line":286,"column":70},"end":{"line":286,"column":85}}},"27":{"name":"decryptRSA","decl":{"start":{"line":305,"column":22},"end":{"line":305,"column":32}},"loc":{"start":{"line":305,"column":82},"end":{"line":324,"column":1}}},"28":{"name":"(anonymous_33)","decl":{"start":{"line":306,"column":67},"end":{"line":306,"column":68}},"loc":{"start":{"line":306,"column":72},"end":{"line":306,"column":87}}},"29":{"name":"(anonymous_34)","decl":{"start":{"line":307,"column":65},"end":{"line":307,"column":66}},"loc":{"start":{"line":307,"column":70},"end":{"line":307,"column":85}}},"30":{"name":"generateRSASigningKeyPair","decl":{"start":{"line":326,"column":22},"end":{"line":326,"column":47}},"loc":{"start":{"line":326,"column":47},"end":{"line":345,"column":1}}},"31":{"name":"signData","decl":{"start":{"line":347,"column":22},"end":{"line":347,"column":30}},"loc":{"start":{"line":347,"column":69},"end":{"line":366,"column":1}}},"32":{"name":"(anonymous_37)","decl":{"start":{"line":349,"column":67},"end":{"line":349,"column":68}},"loc":{"start":{"line":349,"column":72},"end":{"line":349,"column":87}}},"33":{"name":"verifySignature","decl":{"start":{"line":368,"column":22},"end":{"line":368,"column":37}},"loc":{"start":{"line":368,"column":100},"end":{"line":387,"column":1}}},"34":{"name":"(anonymous_39)","decl":{"start":{"line":370,"column":65},"end":{"line":370,"column":66}},"loc":{"start":{"line":370,"column":70},"end":{"line":370,"column":85}}},"35":{"name":"(anonymous_40)","decl":{"start":{"line":371,"column":65},"end":{"line":371,"column":66}},"loc":{"start":{"line":371,"column":70},"end":{"line":371,"column":85}}},"36":{"name":"generateFIRNumber","decl":{"start":{"line":389,"column":16},"end":{"line":389,"column":33}},"loc":{"start":{"line":389,"column":58},"end":{"line":393,"column":1}}},"37":{"name":"ensureEncryptionKey","decl":{"start":{"line":395,"column":9},"end":{"line":395,"column":28}},"loc":{"start":{"line":395,"column":28},"end":{"line":397,"column":1}}},"38":{"name":"encryptData","decl":{"start":{"line":399,"column":22},"end":{"line":399,"column":33}},"loc":{"start":{"line":399,"column":46},"end":{"line":402,"column":1}}},"39":{"name":"decryptData","decl":{"start":{"line":404,"column":22},"end":{"line":404,"column":33}},"loc":{"start":{"line":404,"column":55},"end":{"line":407,"column":1}}}},"branchMap":{"0":{"loc":{"start":{"line":7,"column":16},"end":{"line":7,"column":46}},"type":"binary-expr","locations":[{"start":{"line":7,"column":16},"end":{"line":7,"column":33}},{"start":{"line":7,"column":37},"end":{"line":7,"column":46}}]},"1":{"loc":{"start":{"line":14,"column":33},"end":{"line":14,"column":90}},"type":"binary-expr","locations":[{"start":{"line":14,"column":33},"end":{"line":14,"column":72}},{"start":{"line":14,"column":76},"end":{"line":14,"column":90}}]},"2":{"loc":{"start":{"line":15,"column":39},"end":{"line":15,"column":79}},"type":"binary-expr","locations":[{"start":{"line":15,"column":39},"end":{"line":15,"column":72}},{"start":{"line":15,"column":76},"end":{"line":15,"column":79}}]},"3":{"loc":{"start":{"line":25,"column":2},"end":{"line":31,"column":3}},"type":"if","locations":[{"start":{"line":25,"column":2},"end":{"line":31,"column":3}},{"start":{},"end":{}}]},"4":{"loc":{"start":{"line":25,"column":6},"end":{"line":25,"column":37}},"type":"binary-expr","locations":[{"start":{"line":25,"column":6},"end":{"line":25,"column":13}},{"start":{"line":25,"column":17},"end":{"line":25,"column":37}}]},"5":{"loc":{"start":{"line":33,"column":2},"end":{"line":35,"column":3}},"type":"if","locations":[{"start":{"line":33,"column":2},"end":{"line":35,"column":3}},{"start":{},"end":{}}]},"6":{"loc":{"start":{"line":59,"column":2},"end":{"line":70,"column":3}},"type":"if","locations":[{"start":{"line":59,"column":2},"end":{"line":70,"column":3}},{"start":{},"end":{}}]},"7":{"loc":{"start":{"line":91,"column":2},"end":{"line":91,"column":26}},"type":"if","locations":[{"start":{"line":91,"column":2},"end":{"line":91,"column":26}},{"start":{},"end":{}}]},"8":{"loc":{"start":{"line":93,"column":2},"end":{"line":106,"column":3}},"type":"if","locations":[{"start":{"line":93,"column":2},"end":{"line":106,"column":3}},{"start":{},"end":{}}]},"9":{"loc":{"start":{"line":94,"column":4},"end":{"line":104,"column":5}},"type":"if","locations":[{"start":{"line":94,"column":4},"end":{"line":104,"column":5}},{"start":{},"end":{}}]},"10":{"loc":{"start":{"line":94,"column":8},"end":{"line":94,"column":57}},"type":"binary-expr","locations":[{"start":{"line":94,"column":8},"end":{"line":94,"column":24}},{"start":{"line":94,"column":28},"end":{"line":94,"column":57}}]},"11":{"loc":{"start":{"line":145,"column":36},"end":{"line":145,"column":55}},"type":"default-arg","locations":[{"start":{"line":145,"column":53},"end":{"line":145,"column":55}}]},"12":{"loc":{"start":{"line":155,"column":4},"end":{"line":157,"column":5}},"type":"if","locations":[{"start":{"line":155,"column":4},"end":{"line":157,"column":5}},{"start":{},"end":{}}]},"13":{"loc":{"start":{"line":160,"column":4},"end":{"line":162,"column":5}},"type":"if","locations":[{"start":{"line":160,"column":4},"end":{"line":162,"column":5}},{"start":{},"end":{}}]},"14":{"loc":{"start":{"line":177,"column":35},"end":{"line":177,"column":54}},"type":"default-arg","locations":[{"start":{"line":177,"column":52},"end":{"line":177,"column":54}}]},"15":{"loc":{"start":{"line":389,"column":34},"end":{"line":389,"column":58}},"type":"default-arg","locations":[{"start":{"line":389,"column":54},"end":{"line":389,"column":58}}]}},"s":{"0":3,"1":3,"2":3,"3":3,"4":3,"5":3,"6":3,"7":3,"8":3,"9":3,"10":3,"11":3,"12":3,"13":3,"14":3,"15":3,"16":3,"17":3,"18":3,"19":3,"20":3,"21":3,"22":3,"23":3,"24":3,"25":3,"26":3,"27":3,"28":3,"29":3,"30":3,"31":3,"32":3,"33":3,"34":3,"35":3,"36":3,"37":3,"38":3,"39":3,"40":3,"41":3,"42":13,"43":13,"44":13,"45":13,"46":1,"47":1,"48":12,"49":0,"50":12,"51":12,"52":12,"53":5,"54":5,"55":5,"56":5,"57":1,"58":1,"59":1,"60":4,"61":3,"62":10,"63":10,"64":0,"65":10,"66":2,"67":0,"68":0,"69":2,"70":8,"71":0,"72":22,"73":8,"74":8,"75":9,"76":9,"77":9,"78":17,"79":0,"80":0,"81":0,"82":0,"83":0,"84":0,"85":0,"86":0,"87":0,"88":0,"89":0,"90":0,"91":3,"92":3,"93":0,"94":0,"95":0,"96":0,"97":0,"98":0,"99":0,"100":0,"101":0,"102":0,"103":0,"104":0,"105":3,"106":3,"107":3,"108":8,"109":2,"110":2,"111":2,"112":1,"113":1,"114":1,"115":1,"116":1,"117":1,"118":1,"119":1,"120":1,"121":1,"122":1,"123":376,"124":1,"125":1,"126":1,"127":1,"128":1,"129":1,"130":0,"131":0,"132":0,"133":0,"134":0,"135":0,"136":0,"137":0,"138":0,"139":0,"140":0,"141":0,"142":0,"143":0,"144":0,"145":0,"146":0,"147":0,"148":0,"149":0,"150":0,"151":0,"152":0,"153":0,"154":0,"155":0,"156":0,"157":0,"158":0,"159":0,"160":0,"161":0,"162":0,"163":0,"164":0,"165":0,"166":0,"167":2,"168":1,"169":1,"170":1,"171":1},"f":{"0":13,"1":5,"2":3,"3":10,"4":0,"5":22,"6":8,"7":9,"8":17,"9":0,"10":0,"11":0,"12":0,"13":0,"14":0,"15":0,"16":0,"17":0,"18":3,"19":8,"20":2,"21":1,"22":1,"23":376,"24":0,"25":0,"26":0,"27":0,"28":0,"29":0,"30":0,"31":0,"32":0,"33":0,"34":0,"35":0,"36":0,"37":2,"38":1,"39":1},"b":{"0":[3,0],"1":[3,3],"2":[3,0],"3":[1,12],"4":[13,12],"5":[0,12],"6":[1,4],"7":[0,10],"8":[2,8],"9":[0,2],"10":[2,2],"11":[0],"12":[0,0],"13":[0,0],"14":[0],"15":[0]}}
,"/home/anuruprkris/Project/online-fir-portal/OnlineFirPortal.backend/src/lib/session-service.ts": {"path":"/home/anuruprkris/Project/online-fir-portal/OnlineFirPortal.backend/src/lib/session-service.ts","statementMap":{"0":{"start":{"line":9,"column":0},"end":{"line":9,"column":7}},"1":{"start":{"line":35,"column":0},"end":{"line":35,"column":7}},"2":{"start":{"line":72,"column":0},"end":{"line":72,"column":7}},"3":{"start":{"line":87,"column":0},"end":{"line":87,"column":7}},"4":{"start":{"line":100,"column":0},"end":{"line":100,"column":7}},"5":{"start":{"line":114,"column":0},"end":{"line":114,"column":7}},"6":{"start":{"line":1,"column":0},"end":{"line":1,"column":49}},"7":{"start":{"line":2,"column":0},"end":{"line":2,"column":34}},"8":{"start":{"line":4,"column":25},"end":{"line":4,"column":48}},"9":{"start":{"line":14,"column":18},"end":{"line":14,"column":49}},"10":{"start":{"line":15,"column":22},"end":{"line":15,"column":70}},"11":{"start":{"line":16,"column":22},"end":{"line":16,"column":61}},"12":{"start":{"line":18,"column":22},"end":{"line":22,"column":6}},"13":{"start":{"line":24,"column":4},"end":{"line":24,"column":46}},"14":{"start":{"line":24,"column":19},"end":{"line":24,"column":46}},"15":{"start":{"line":25,"column":4},"end":{"line":25,"column":46}},"16":{"start":{"line":25,"column":19},"end":{"line":25,"column":46}},"17":{"start":{"line":27,"column":4},"end":{"line":27,"column":42}},"18":{"start":{"line":29,"column":4},"end":{"line":29,"column":17}},"19":{"start":{"line":39,"column":22},"end":{"line":39,"column":70}},"20":{"start":{"line":41,"column":20},"end":{"line":43,"column":6}},"21":{"start":{"line":45,"column":4},"end":{"line":47,"column":5}},"22":{"start":{"line":46,"column":8},"end":{"line":46,"column":32}},"23":{"start":{"line":49,"column":4},"end":{"line":51,"column":5}},"24":{"start":{"line":50,"column":8},"end":{"line":50,"column":32}},"25":{"start":{"line":53,"column":4},"end":{"line":55,"column":5}},"26":{"start":{"line":54,"column":8},"end":{"line":54,"column":32}},"27":{"start":{"line":58,"column":4},"end":{"line":61,"column":7}},"28":{"start":{"line":63,"column":4},"end":{"line":66,"column":6}},"29":{"start":{"line":73,"column":22},"end":{"line":73,"column":70}},"30":{"start":{"line":75,"column":4},"end":{"line":81,"column":7}},"31":{"start":{"line":88,"column":4},"end":{"line":94,"column":7}},"32":{"start":{"line":101,"column":4},"end":{"line":108,"column":7}},"33":{"start":{"line":115,"column":4},"end":{"line":119,"column":7}}},"fnMap":{"0":{"name":"createSession","decl":{"start":{"line":9,"column":22},"end":{"line":9,"column":35}},"loc":{"start":{"line":12,"column":34},"end":{"line":30,"column":1}}},"1":{"name":"verifySession","decl":{"start":{"line":35,"column":22},"end":{"line":35,"column":35}},"loc":{"start":{"line":35,"column":49},"end":{"line":67,"column":1}}},"2":{"name":"revokeSession","decl":{"start":{"line":72,"column":22},"end":{"line":72,"column":35}},"loc":{"start":{"line":72,"column":49},"end":{"line":82,"column":1}}},"3":{"name":"revokeAllUserSessions","decl":{"start":{"line":87,"column":22},"end":{"line":87,"column":43}},"loc":{"start":{"line":87,"column":58},"end":{"line":95,"column":1}}},"4":{"name":"getUserSessions","decl":{"start":{"line":100,"column":22},"end":{"line":100,"column":37}},"loc":{"start":{"line":100,"column":52},"end":{"line":109,"column":1}}},"5":{"name":"cleanupExpiredSessions","decl":{"start":{"line":114,"column":22},"end":{"line":114,"column":44}},"loc":{"start":{"line":114,"column":44},"end":{"line":120,"column":1}}}},"branchMap":{"0":{"loc":{"start":{"line":24,"column":4},"end":{"line":24,"column":46}},"type":"if","locations":[{"start":{"line":24,"column":4},"end":{"line":24,"column":46}},{"start":{},"end":{}}]},"1":{"loc":{"start":{"line":25,"column":4},"end":{"line":25,"column":46}},"type":"if","locations":[{"start":{"line":25,"column":4},"end":{"line":25,"column":46}},{"start":{},"end":{}}]},"2":{"loc":{"start":{"line":45,"column":4},"end":{"line":47,"column":5}},"type":"if","locations":[{"start":{"line":45,"column":4},"end":{"line":47,"column":5}},{"start":{},"end":{}}]},"3":{"loc":{"start":{"line":49,"column":4},"end":{"line":51,"column":5}},"type":"if","locations":[{"start":{"line":49,"column":4},"end":{"line":51,"column":5}},{"start":{},"end":{}}]},"4":{"loc":{"start":{"line":53,"column":4},"end":{"line":55,"column":5}},"type":"if","locations":[{"start":{"line":53,"column":4},"end":{"line":55,"column":5}},{"start":{},"end":{}}]}},"s":{"0":2,"1":2,"2":2,"3":2,"4":2,"5":2,"6":2,"7":2,"8":2,"9":1,"10":
[...]
,"end":{"line":680,"column":41}},{"start":{"line":680,"column":45},"end":{"line":680,"column":60}}]},"69":{"loc":{"start":{"line":682,"column":25},"end":{"line":682,"column":40}},"type":"binary-expr","locations":[{"start":{"line":682,"column":25},"end":{"line":682,"column":32}},{"start":{"line":682,"column":36},"end":{"line":682,"column":40}}]},"70":{"loc":{"start":{"line":716,"column":8},"end":{"line":719,"column":9}},"type":"if","locations":[{"start":{"line":716,"column":8},"end":{"line":719,"column":9}},{"start":{},"end":{}}]},"71":{"loc":{"start":{"line":725,"column":8},"end":{"line":728,"column":9}},"type":"if","locations":[{"start":{"line":725,"column":8},"end":{"line":728,"column":9}},{"start":{},"end":{}}]},"72":{"loc":{"start":{"line":731,"column":8},"end":{"line":734,"column":9}},"type":"if","locations":[{"start":{"line":731,"column":8},"end":{"line":734,"column":9}},{"start":{},"end":{}}]},"73":{"loc":{"start":{"line":731,"column":12},"end":{"line":731,"column":70}},"type":"binary-expr","locations":[{"start":{"line":731,"column":12},"end":{"line":731,"column":34}},{"start":{"line":731,"column":38},"end":{"line":731,"column":70}}]},"74":{"loc":{"start":{"line":740,"column":27},"end":{"line":740,"column":60}},"type":"binary-expr","locations":[{"start":{"line":740,"column":27},"end":{"line":740,"column":41}},{"start":{"line":740,"column":45},"end":{"line":740,"column":60}}]}},"s":{"0":2,"1":2,"2":2,"3":2,"4":2,"5":2,"6":2,"7":4,"8":2,"9":2,"10":2,"11":2,"12":2,"13":2,"14":2,"15":1,"16":1,"17":1,"18":1,"19":0,"20":0,"21":0,"22":0,"23":0,"24":0,"25":0,"26":0,"27":0,"28":0,"29":0,"30":0,"31":0,"32":0,"33":0,"34":0,"35":0,"36":1,"37":1,"38":1,"39":1,"40":1,"41":0,"42":1,"43":1,"44":0,"45":0,"46":2,"47":1,"48":1,"49":1,"50":1,"51":1,"52":1,"53":1,"54":0,"55":0,"56":1,"57":0,"58":0,"59":1,"60":1,"61":0,"62":0,"63":0,"64":0,"65":0,"66":0,"67":0,"68":0,"69":0,"70":0,"71":0,"72":0,"73":0,"74":0,"75":1,"76":0,"77":0,"78":1,"79":1,"80":0,"81":0,"82":1,"83":1,"84":1,"85":1,"86":0,"87":0,"88":2,"89":2,"90":2,"91":2,"92":2,"93":2,"94":2,"95":1,"96":1,"97":1,"98":1,"99":0,"100":0,"101":0,"102":0,"103":2,"104":0,"105":2,"106":2,"107":2,"108":0,"109":0,"110":2,"111":1,"112":1,"113":1,"114":1,"115":1,"116":0,"117":1,"118":1,"119":1,"120":0,"121":0,"122":0,"123":0,"124":1,"125":1,"126":1,"127":1,"128":1,"129":0,"130":0,"131":1,"132":1,"133":1,"134":0,"135":0,"136":1,"137":0,"138":0,"139":2,"140":0,"141":0,"142":0,"143":0,"144":0,"145":0,"146":0,"147":0,"148":0,"149":0,"150":0,"151":0,"152":2,"153":1,"154":1,"155":1,"156":1,"157":1,"158":1,"159":0,"160":0,"161":1,"162":0,"163":0,"164":1,"165":1,"166":1,"167":1,"168":1,"169":0,"170":1,"171":0,"172":0,"173":2,"174":0,"175":0,"176":0,"177":0,"178":0,"179":0,"180":0,"181":0,"182":0,"183":0,"184":0,"185":0,"186":0,"187":0,"188":0,"189":0,"190":0,"191":0,"192":0,"193":2,"194":1,"195":1,"196":1,"197":1,"198":1,"199":1,"200":1,"201":0,"202":0,"203":1,"204":1,"205":0,"206":0,"207":1,"208":0,"209":0,"210":1,"211":1,"212":0,"213":0,"214":1,"215":1,"216":0,"217":1,"218":1,"219":1,"220":1,"221":0,"222":0,"223":2,"224":0,"225":0,"226":0,"227":0,"228":0,"229":0,"230":0,"231":0,"232":0,"233":0,"234":0,"235":0,"236":0,"237":0,"238":0,"239":0,"240":0,"241":0,"242":0,"243":0,"244":0,"245":2},"f":{"0":4,"1":2,"2":1,"3":2,"4":1,"5":1,"6":0,"7":1,"8":0,"9":1,"10":0},"b":{"0":[4,0,0],"1":[1,1],"2":[2,2,1,1,1,1],"3":[0,1],"4":[0,0],"5":[0,0],"6":[0,0],"7":[0,0],"8":[0,0],"9":[0,0],"10":[1,0],"11":[1,0],"12":[1,1],"13":[0,1],"14":[0,1],"15":[1,1],"16":[1,0],"17":[1,1],"18":[0,1],"19":[1,0],"20":[0,1],"21":[0,0],"22":[0,1],"23":[1,0],"24":[0,1],"25":[0,1],"26":[0,1],"27":[0,1],"28":[0,0],"29":[0,0],"30":[0,0],"31":[0,0],"32":[0,0],"33":[0,1],"34":[0,1],"35":[1,0],"36":[2],"37":[2],"38":[1,1],"39":[1,0],"40":[0,1],"41":[0,0],"42":[0,0],"43":[0,2],"44":[0,1],"45":[1,0],"46":[0,1],"47":[0,0],"48":[0,0],"49":[0,1,0,0],"50":[0,0],"51":[0,0],"52":[0,1],"53":[0,1],"54":[1,0],"55":[1,0],"56":[0,0],"57":[0,0],"58":[0,0],"59":[0,0],"60":[0,0,0],"61":[0,0],"62":[0,1],"63":[0,1],"64":[0,1],"65":[1,1,0],"66":[0,1],"67":[0,1],"68":[1,0],"69":[1,1],"70":[0,0],"71":[0,0],"72":[0,0],"73":[0,0],"74":[0,0]}}
,"/home/anuruprkris/Project/online-fir-portal/OnlineFirPortal.backend/src/routes/ipc.ts": {"path":"/home/anuruprkris/Project/online-fir-portal/OnlineFirPortal.backend/src/routes/ipc.ts","statementMap":{"0":{"start":{"line":1,"column":0},"end":{"line":1,"column":30}},"1":{"start":{"line":2,"column":0},"end":{"line":2,"column":20}},"2":{"start":{"line":3,"column":0},"end":{"line":3,"column":24}},"3":{"start":{"line":5,"column":15},"end":{"line":5,"column":31}},"4":{"start":{"line":15,"column":28},"end":{"line":15,"column":30}},"5":{"start":{"line":17,"column":0},"end":{"line":23,"column":1}},"6":{"start":{"line":18,"column":21},"end":{"line":18,"column":64}},"7":{"start":{"line":19,"column":20},"end":{"line":19,"column":54}},"8":{"start":{"line":20,"column":4},"end":{"line":20,"column":34}},"9":{"start":{"line":22,"column":4},"end":{"line":22,"column":50}},"10":{"start":{"line":25,"column":0},"end":{"line":55,"column":3}},"11":{"start":{"line":26,"column":4},"end":{"line":54,"column":5}},"12":{"start":{"line":27,"column":45},"end":{"line":27,"column":54}},"13":{"start":{"line":29,"column":22},"end":{"line":29,"column":29}},"14":{"start":{"line":31,"column":8},"end":{"line":33,"column":9}},"15":{"start":{"line":32,"column":12},"end":{"line":32,"column":89}},"16":{"start":{"line":32,"column":45},"end":{"line":32,"column":87}},"17":{"start":{"line":35,"column":8},"end":{"line":42,"column":9}},"18":{"start":{"line":36,"column":26},"end":{"line":36,"column":49}},"19":{"start":{"line":37,"column":12},"end":{"line":41,"column":14}},"20":{"start":{"line":38,"column":16},"end":{"line":40,"column":52}},"21":{"start":{"line":44,"column":25},"end":{"line":44,"column":48}},"22":{"start":{"line":45,"column":8},"end":{"line":45,"column":45}},"23":{"start":{"line":47,"column":8},"end":{"line":50,"column":11}},"24":{"start":{"line":52,"column":8},"end":{"line":52,"column":51}},"25":{"start":{"line":53,"column":8},"end":{"line":53,"column":73}},"26":{"start":{"line":57,"column":0},"end":{"line":74,"column":3}},"27":{"start":{"line":58,"column":4},"end":{"line":73,"column":5}},"28":{"start":{"line":59,"column":25},"end":{"line":67,"column":14}},"29":{"start":{"line":60,"column":12},"end":{"line":65,"column":13}},"30":{"start":{"line":60,"column":31},"end":{"line":60,"column":57}},"31":{"start":{"line":61,"column":16},"end":{"line":64,"column":19}},"32":{"start":{"line":66,"column":12},"end":{"line":66,"column":23}},"33":{"start":{"line":69,"column":8},"end":{"line":69,"column":31}},"34":{"start":{"line":71,"column":8},"end":{"line":71,"column":53}},"35":{"start":{"line":72,"column":8},"end":{"line":72,"column":70}},"36":{"start":{"line":76,"column":0},"end":{"line":91,"column":3}},"37":{"start":{"line":77,"column":4},"end":{"line":90,"column":5}},"38":{"start":{"line":78,"column":28},"end":{"line":78,"column":38}},"39":{"start":{"line":79,"column":28},"end":{"line":79,"column":82}},"40":{"start":{"line":79,"column":49},"end":{"line":79,"column":81}},"41":{"start":{"line":81,"column":8},"end":{"line":84,"column":9}},"42":{"start":{"line":82,"column":12},"end":{"line":82,"column":65}},"43":{"start":{"line":83,"column":12},"end":{"line":83,"column":19}},"44":{"start":{"line":86,"column":8},"end":{"line":86,"column":30}},"45":{"start":{"line":88,"column":8},"end":{"line":88,"column":52}},"46":{"start":{"line":89,"column":8},"end":{"line":89,"column":69}},"47":{"start":{"line":93,"column":0},"end":{"line":93,"column":22}}},"fnMap":{"0":{"name":"(anonymous_1)","decl":{"start":{"line":25,"column":22},"end":{"line":25,"column":23}},"loc":{"start":{"line":25,"column":35},"end":{"line":55,"column":1}}},"1":{"name":"(anonymous_2)","decl":{"start":{"line":32,"column":37},"end":{"line":32,"column":41}},"loc":{"start":{"line":32,"column":45},"end":{"line":32,"column":87}}},"2":{"name":"(anonymous_3)","decl":{"start":{"line":37,"column":37},"end":{"line":37,"column":41}},"loc":{"start":{"line":38,"column":16},"end":{"line":40,"column":52}}},"3":{"name":"(anonymous_4)","decl":{"start":{"line":57,"column":24},"end":{"line":57,"column":25}},"loc":{"start":{"line":57,"column":37},"end":{"line":74,"column":1}}},"4":{"name":"(anonymous_5)","decl":{"start":{"line":59,"column":40},"end":{"line":59,"column":41}},"loc":{"start":{"line":59,"column":61},"end":{"line":67,"column":9}}},"5":{"name":"(anonymous_6)","decl":{"start":{"line":60,"column":26},"end":{"line":60,"column":27}},"loc":{"start":{"line":60,"column":31},"end":{"line":60,"column":57}}},"6":{"name":"(anonymous_7)","decl":{"start":{"line":76,"column":32},"end":{"line":76,"column":33}},"loc":{"start":{"line":76,"column":45},"end":{"line":91,"column":1}}},"7":{"name":"(anonymous_8)","decl":{"start":{"line":79,"column":41},"end":{"line":79,"column":45}},"loc":{"start":{"line":79,"column":49},"end":{"line":79,"column":81}}}},"branchMap":{"0":{"loc":{"start":{"line":27,"column":28},"end":{"line":27,"column":40}},"type":"default-arg","locations":[{"start":{"line":27,"column":36},"end":{"line":27,"column":40}}]},"1":{"loc":{"start":{"line":31,"column":8},"end":{"line":33,"column":9}},"type":"if","locations":[{"start":{"line":31,"column":8},"end":{"line":33,"column":9}},{"start":{},"end":{}}]},"2":{"loc":{"start":{"line":35,"column":8},"end":{"line":42,"column":9}},"type":"if","locations":[{"start":{"line":35,"column":8},"end":{"line":42,"column":9}},{"start":{},"end":{}}]},"3":{"loc":{"start":{"line":38,"column":16},"end":{"line":40,"column":52}},"type":"binary-expr","locations":[{"start":{"line":38,"column":16},"end":{"line":38,"column":64}},{"start":{"line":39,"column":16},"end":{"line":39,"column":63}},{"start":{"line":40,"column":16},"end":{"line":40,"column":52}}]},"4":{"loc":{"start":{"line":60,"column":12},"end":{"line":65,"column":13}},"type":"if","locations":[{"start":{"line":60,"column":12},"end":{"line":65,"column":13}},{"start":{},"end":{}}]},"5":{"loc":{"start":{"line":81,"column":8},"end":{"line":84,"column":9}},"type":"if","locations":[{"start":{"line":81,"column":8},"end":{"line":84,"column":9}},{"start":{},"end":{}}]}},"s":{"0":2,"1":2,"2":2,"3":2,"4":2,"5":2,"6":2,"7":2,"8":2,"9":0,"10":2,"11":0,"12":0,"13":0,"14":0,"15":0,"16":0,"17":0,"18":0,"19":0,"20":0,"21":0,"22":0,"23":0,"24":0,"25":0,"26":2,"27":0,"28":0,"29":0,"30":0,"31":0,"32":0,"33":0,"34":0,"35":0,"36":2,"37":0,"38":0,"39":0,"40":0,"41":0,"42":0,"43":0,"44":0,"45":0,"46":0,"47":2},"f":{"0":0,"1":0,"2":0,"3":0,"4":0,"5":0,"6":0,"7":0},"b":{"0":[0],"1":[0,0],"2":[0,0],"3":[0,0,0],"4":[0,0],"5":[0,0]}}
,"/home/anuruprkris/Project/online-fir-portal/OnlineFirPortal.backend/src/routes/notifications.ts": {"path":"/home/anuruprkris/Project/online-fir-portal/OnlineFirPortal.backend/src/routes/notifications.ts","statementMap":{"0":{"start":{"line":1,"column":0},"end":{"line":1,"column":30}},"1":{"start":{"line":2,"column":0},"end":{"line":2,"column":39}},"2":{"start":{"line":3,"column":0},"end":{"line":3,"column":59}},"3":{"start":{"line":5,"column":15},"end":{"line":5,"column":31}},"4":{"start":{"line":11,"column":0},"end":{"line":26,"column":3}},"5":{"start":{"line":12,"column":4},"end":{"line":25,"column":5}},"6":{"start":{"line":13,"column":23},"end":{"line":13,"column":39}},"7":{"start":{"line":15,"column":30},"end":{"line":19,"column":10}},"8":{"start":{"line":21,"column":8},"end":{"line":21,"column":32}},"9":{"start":{"line":23,"column":8},"end":{"line":23,"column":58}},"10":{"start":{"line":24,"column":8},"end":{"line":24,"column":73}},"11":{"start":{"line":32,"column":0},"end":{"line":52,"column":3}},"12":{"start":{"line":33,"column":4},"end":{"line":51,"column":5}},"13":{"start":{"line":34,"column":23},"end":{"line":34,"column":39}},"14":{"start":{"line":36,"column":8},"end":{"line":45,"column":11}},"15":{"start":{"line":47,"column":8},"end":{"line":47,"column":81}},"16":{"start":{"line":49,"column":8},"end":{"line":49,"column":54}},"17":{"start":{"line":50,"column":8},"end":{"line":50,"column":80}},"18":{"start":{"line":54,"column":0},"end":{"line":54,"column":22}}},"fnMap":{"0":{"name":"(anonymous_1)","decl":{"start":{"line":11,"column":35},"end":{"line":11,"column":40}},"loc":{"start":{"line":11,"column":54},"end":{"line":26,"column":1}}},"1":{"name":"(anonymous_2)","decl":{"start":{"line":32,"column":44},"end":{"line":32,"column":49}},"loc":{"start":{"line":32,"column":63},"end":{"line":52,"column":1}}}},"branchMap":{},"s":{"0":2,"1":2,"2":2,"3":2,"4":2,"5":0,"6":0,"7":0,"8":0,"9":0,"10":0,"11":2,"12":0,"13":0,"14":0,"15":0,"16":0,"17":0,"18":2},"f":{"0":0,"1":0},"b":{}}
,"/home/anuruprkris/Project/online-fir-portal/OnlineFirPortal.backend/src/routes/roster.ts": {"path":"/home/anuruprkris/Project/online-fir-portal/OnlineFirPortal.backend/src/routes/roster.ts","statementMap":{"0":{"start":{"line":1,"column":0},"end":{"line":1,"column":30}},"1":{"start":{"line":2,"column":0},"end":{"line":2,"column":39}},"2":{"start":{"line":3,"column":0},"end":{"line":3,"column":72}},"3":{"start":{"line":4,"column":0},"end":{"line":4,"column":47}},"4":{"start":{"line":7,"column":15},"end":{"line":7,"column":31}},"5":{"start":{"line":9,"column":14},"end":{"line":9,"column":95}},"6":{"start":{"line":9,"column":48},"end":{"line":9,"column":95}},"7":{"start":{"line":14,"column":0},"end":{"line":57,"column":3}},"8":{"start":{"line":15,"column":4},"end":{"line":56,"column":5}},"9":{"start":{"line":16,"column":34},"end":{"line":16,"column":43}},"10":{"start":{"line":18,"column":25},"end":{"line":18,"column":27}},"11":{"start":{"line":21,"column":26},"end":{"line":21,"column":68}},"12":{"start":{"line":22,"column":27},"end":{"line":22,"column":67}},"13":{"start":{"line":23,"column":25},"end":{"line":23,"column":70}},"14":{"start":{"line":25,"column":8},"end":{"line":28,"column":10}},"15":{"start":{"line":31,"column":8},"end":{"line":33,"column":9}},"16":{"start":{"line":32,"column":12},"end":{"line":32,"column":63}},"17":{"start":{"line":35,"column":23},"end":{"line":50,"column":10}},"18":{"start":{"line":52,"column":8},"end":{"line":52,"column":25}},"19":{"start":{"line":54,"column":8},"end":{"line":54,"column":51}},"20":{"start":{"line":55,"column":8},"end":{"line":55,"column":64}},"21":{"start":{"line":62,"column":0},"end":{"line":114,"column":3}},"22":{"start":{"line":63,"column":4},"end":{"line":113,"column":5}},"23":{"start":{"line":64,"column":23},"end":{"line":64,"column":39}},"24":{"start":{"line":65,"column":25},"end":{"line":65,"column":51}},"25":{"start":{"line":66,"column":26},"end":{"line":66,"column":36}},"26":{"start":{"line":76,"column":12},"end":{"line":76,"column":20}},"27":{"start":{"line":78,"column":8},"end":{"line":81,"column":9}},"28":{"start":{"line":79,"column":12},"end":{"line":79,"column":92}},"29":{"start":{"line":80,"column":12},"end":{"line":80,"column":19}},"30":{"start":{"line":83,"column":22},"end":{"line":93,"column":10}},"31":{"start":{"line":95,"column":8},"end":{"line":103,"column":11}},"32":{"start":{"line":105,"column":8},"end":{"line":109,"column":11}},"33":{"start":{"line":111,"column":8},"end":{"line":111,"column":53}},"34":{"start":{"line":112,"column":8},"end":{"line":112,"column":66}},"35":{"start":{"line":119,"column":0},"end":{"line":160,"column":3}},"36":{"start":{"line":120,"column":4},"end":{"line":159,"column":5}},"37":{"start":{"line":121,"column":23},"end":{"line":121,"column":39}},"38":{"start":{"line":122,"column":49},"end":{"line":122,"column":57}},"39":{"start":{"line":125,"column":29},"end":{"line":135,"column":10}},"40":{"start":{"line":137,"column":8},"end":{"line":140,"column":9}},"41":{"start":{"line":138,"column":12},"end":{"line":138,"column":69}},"42":{"start":{"line":139,"column":12},"end":{"line":139,"column":19}},"43":{"start":{"line":142,"column":29},"end":{"line":149,"column":10}},"44":{"start":{"line":151,"column":8},"end":{"line":155,"column":11}},"45":{"start":{"line":157,"column":8},"end":{"line":157,"column":54}},"46":{"start":{"line":158,"column":8},"end":{"line":158,"column":67}},"47":{"start":{"line":162,"column":0},"end":{"line":162,"column":22}}},"fnMap":{"0":{"name":"(anonymous_1)","decl":{"start":{"line":9,"column":14},"end":{"line":9,"column":15}},"loc":{"start":{"line":9,"column":48},"end":{"line":9,"column":95}}},"1":{"name":"(anonymous_2)","decl":{"start":{"line":14,"column":66},"end":{"line":14,"column":71}},"loc":{"start":{"line":14,"column":85},"end":{"line":57,"column":1}}},"2":{"name":"(anonymous_3)","decl":{"start":{"line":62,"column":72},"end":{"line":62,"column":77}},"loc":{"start":{"line":62,"column":91},"end":{"line":114,"column":1}}},"3":{"name":"(anonymous_4)","decl":{"start":{"line":119,"column":75},"end":{"line":119,"column":80}},"loc":{"start":{"line":119,"column":94},"end":{"line":160,"column":1}}}},"branchMap":{"0":{"loc":{"start":{"line":9,"column":48},"end":{"line":9,"column":95}},"type":"binary-expr","locations":[{"start":{"line":9,"column":48},"end":{"line":9,"column":54}},{"start":{"line":9,"column":58},"end":{"line":9,"column":82}},{"start":{"line":9,"column":86},"end":{"line":9,"column":95}}]},"1":{"loc":{"start":{"line":21,"column":26},"end":{"line":21,"column":68}},"type":"cond-expr","locations":[{"start":{"line":21,"column":33},"end":{"line":21,"column":55}},{"start":{"line":21,"column":58},"end":{"line":21,"column":68}}]},"2":{"loc":{"start":{"line":31,"column":8},"end":{"line":33,"column":9}},"type":"if","locations":[{"start":{"line":31,"column":8},"end":{"line":33,"column":9}},{"start":{},"end":{}}]},"3":{"loc":{"start":{"line":78,"column":8},"end":{"line":81,"column":9}},"type":"if","locations":[{"start":{"line":78,"column":8},"end":{"line":81,"column":9}},{"start":{},"end":{}}]},"4":{"loc":{"start":{"line":78,"column":12},"end":{"line":78,"column":45}},"type":"binary-expr","locations":[{"start":{"line":78,"column":12},"end":{"line":78,"column":22}},{"start":{"line":78,"column":26},"end":{"line":78,"column":36}},{"start":{"line":78,"column":40},"end":{"line":78,"column":45}}]},"5":{"loc":{"start":{"line":87,"column":25},"end":{"line":87,"column":59}},"type":"cond-expr","locations":[{"start":{"line":87,"column":35},"end":{"line":87,"column":52}},{"start":{"line":87,"column":55},"end":{"line":87,"column":59}}]},"6":{"loc":{"start":{"line":89,"column":24},"end":{"line":89,"column":57}},"type":"binary-expr","locations":[{"start":{"line":89,"column":24},"end":{"line":89,"column":44}},{"start":{"line":89,"column":48},"end":{"line":89,"column":57}}]},"7":{"loc":{"start":{"line":137,"column":8},"end":{"line":140,"column":9}},"type":"if","locations":[{"start":{"line":137,"column":8},"end":{"line":140,"column":9}},{"start":{},"end":{}}]},"8":{"loc":{"start":{"line":146,"column":26},"end":{"line":146,"column":59}},"type":"binary-expr","locations":[{"start":{"line":146,"column":26},"end":{"line":146,"column":34}},{"start":{"line":146,"column":38},"end":{"line":146,"column":59}}]},"9":{"loc":{"start":{"line":147,"column":28},"end":{"line":147,"column":151}},"type":"cond-expr","locations":[{"start":{"line":147,"column":42},"end":{"line":147,"column":124}},{"start":{"line":147,"column":128},"end":{"line":147,"column":151}}]},"10":{"loc":{"start":{"line":147,"column":42},"end":{"line":147,"column":124}},"type":"cond-expr","locations":[{"start":{"line":147,"column":68},"end":{"line":147,"column":111}},{"start":{"line":147,"column":114},"end":{"line":147,"column":124}}]}},"s":{"0":2,"1":2,"2":2,"3":2,"4":2,"5":2,"6":0,"7":2,"8":0,"9":0,"10":0,"11":0,"12":0,"13":0,"14":0,"15":0,"16":0,"17":0,"18":0,"19":0,"20":0,"21":2,"22":0,"23":0,"24":0,"25":0,"26":0,"27":0,"28":0,"29":0,"30":0,"31":0,"32":0,"33":0,"34":0,"35":2,"36":0,"37":0,"38":0,"39":0,"40":0,"41":0,"42":0,"43":0,"44":0,"45":0,"46":0,"47":2},"f":{"0":0,"1":0,"2":0,"3":0},"b":{"0":[0,0,0],"1":[0,0],"2":[0,0],"3":[0,0],"4":[0,0,0],"5":[0,0],"6":[0,0],"7":[0,0],"8":[0,0],"9":[0,0],"10":[0,0]}}
}
