TN:
SF:src/lib/access-control.ts
FN:82,hasPermission
FN:91,isResourceOwner
FN:100,canAccessFIR
FN:128,canAccessDocument
FN:155,canAccessUser
FN:184,getRolePermissions
FN:205,logAccessAttempt
FN:213,canAccessRoute
FNF:8
FNH:0
FNDA:0,hasPermission
FNDA:0,isResourceOwner
FNDA:0,canAccessFIR
FNDA:0,canAccessDocument
FNDA:0,canAccessUser
FNDA:0,getRolePermissions
FNDA:0,logAccessAttempt
FNDA:0,canAccessRoute
DA:55,3
DA:82,3
DA:83,0
DA:84,0
DA:85,0
DA:91,3
DA:92,0
DA:100,3
DA:107,0
DA:108,0
DA:115,0
DA:116,0
DA:122,0
DA:128,3
DA:134,0
DA:135,0
DA:142,0
DA:143,0
DA:149,0
DA:155,3
DA:161,0
DA:162,0
DA:169,0
DA:172,0
DA:178,0
DA:184,3
DA:185,0
DA:205,3
DA:207,0
DA:213,3
DA:214,0
DA:223,0
DA:224,0
LF:33
LH:9
BRDA:84,0,0,0
BRDA:84,0,1,0
BRDA:107,1,0,0
BRDA:107,1,1,0
BRDA:115,2,0,0
BRDA:115,2,1,0
BRDA:115,3,0,0
BRDA:115,3,1,0
BRDA:134,4,0,0
BRDA:134,4,1,0
BRDA:142,5,0,0
BRDA:142,5,1,0
BRDA:142,6,0,0
BRDA:142,6,1,0
BRDA:161,7,0,0
BRDA:161,7,1,0
BRDA:169,8,0,0
BRDA:169,8,1,0
BRDA:169,9,0,0
BRDA:169,9,1,0
BRDA:169,9,2,0
BRDA:169,9,3,0
BRDA:223,10,0,0
BRDA:223,10,1,0
BRF:24
BRH:0
end_of_record
TN:
SF:src/lib/audit-logger.ts
FN:22,logAudit
FN:49,logAuthAttempt
FN:69,logFIROperation
FN:92,logUserOperation
FN:114,queryAuditLogs
FN:158,(anonymous_5)
FNF:6
FNH:2
FNDA:16,logAudit
FNDA:10,logAuthAttempt
FNDA:0,logFIROperation
FNDA:0,logUserOperation
FNDA:0,queryAuditLogs
FNDA:0,(anonymous_5)
DA:1,3
DA:2,3
DA:22,3
DA:23,16
DA:24,16
DA:29,16
DA:30,16
DA:31,16
DA:32,16
DA:33,16
DA:34,16
DA:35,16
DA:36,16
DA:37,16
DA:38,16
DA:40,16
DA:42,0
DA:49,3
DA:56,10
DA:69,3
DA:77,0
DA:92,3
DA:100,0
DA:114,3
DA:124,0
DA:126,0
DA:127,0
DA:128,0
DA:129,0
DA:131,0
DA:132,0
DA:133,0
DA:134,0
DA:137,0
DA:157,0
DA:158,0
LF:36
LH:21
BRDA:26,0,0,16
BRDA:26,0,1,5
BRDA:29,1,0,6
BRDA:29,1,1,10
BRDA:30,2,0,6
BRDA:30,2,1,10
BRDA:31,3,0,13
BRDA:31,3,1,3
BRDA:32,4,0,0
BRDA:32,4,1,16
BRDA:33,5,0,0
BRDA:33,5,1,16
BRDA:34,6,0,16
BRDA:34,6,1,0
BRDA:35,7,0,12
BRDA:35,7,1,4
BRDA:36,8,0,4
BRDA:36,8,1,12
BRDA:37,9,0,8
BRDA:37,9,1,8
BRDA:38,10,0,3
BRDA:38,10,1,13
BRDA:58,11,0,3
BRDA:58,11,1,7
BRDA:126,12,0,0
BRDA:126,12,1,0
BRDA:127,13,0,0
BRDA:127,13,1,0
BRDA:128,14,0,0
BRDA:128,14,1,0
BRDA:129,15,0,0
BRDA:129,15,1,0
BRDA:131,16,0,0
BRDA:131,16,1,0
BRDA:131,17,0,0
BRDA:131,17,1,0
BRDA:133,18,0,0
BRDA:133,18,1,0
BRDA:134,19,0,0
BRDA:134,19,1,0
BRDA:141,20,0,0
BRDA:141,20,1,0
BRDA:142,21,0,0
BRDA:142,21,1,0
BRDA:160,22,0,0
BRDA:160,22,1,0
BRDA:163,23,0,0
BRDA:163,23,1,0
BRDA:164,24,0,0
BRDA:164,24,1,0
BRF:50
BRH:21
end_of_record
TN:
SF:src/lib/auth-middleware.ts
FN:18,authenticateToken
FN:59,checkPermission
FN:122,requireRole
FN:123,(anonymous_3)
FNF:4
FNH:3
FNDA:10,authenticateToken
FNDA:0,checkPermission
FNDA:64,requireRole
FNDA:6,(anonymous_3)
DA:2,2
DA:3,2
DA:18,2
DA:19,10
DA:21,10
DA:22,10
DA:24,10
DA:25,10
DA:29,10
DA:30,0
DA:33,10
DA:34,0
DA:35,0
DA:39,10
DA:40,10
DA:41,0
DA:42,0
DA:46,10
DA:47,0
DA:48,0
DA:51,10
DA:52,10
DA:55,0
DA:59,2
DA:65,0
DA:68,0
DA:69,0
DA:80,0
DA:87,0
DA:88,0
DA:99,0
DA:106,0
DA:116,0
DA:122,2
DA:123,64
DA:124,6
DA:125,0
DA:126,0
DA:129,6
DA:130,2
DA:133,2
DA:135,4
LF:42
LH:23
BRDA:24,0,0,10
BRDA:24,0,1,0
BRDA:24,1,0,10
BRDA:24,1,1,10
BRDA:29,2,0,0
BRDA:29,2,1,10
BRDA:29,3,0,10
BRDA:29,3,1,0
BRDA:33,4,0,0
BRDA:33,4,1,10
BRDA:40,5,0,0
BRDA:40,5,1,10
BRDA:46,6,0,0
BRDA:46,6,1,10
BRDA:68,7,0,0
BRDA:68,7,1,0
BRDA:75,8,0,0
BRDA:75,8,1,0
BRDA:87,9,0,0
BRDA:87,9,1,0
BRDA:87,10,0,0
BRDA:87,10,1,0
BRDA:87,10,2,0
BRDA:112,11,0,0
BRDA:112,11,1,0
BRDA:124,12,0,0
BRDA:124,12,1,6
BRDA:129,13,0,2
BRDA:129,13,1,4
BRF:29
BRH:11
end_of_record
TN:
SF:src/lib/env.ts
FN:17,getRequiredEnv
FNF:1
FNH:1
FNDA:12,getRequiredEnv
DA:1,3
DA:2,3
DA:5,3
DA:10,3
DA:11,0
DA:21,12
DA:22,12
DA:23,4
DA:26,8
DA:27,8
DA:28,8
DA:29,8
DA:32,0
DA:35,3
LF:14
LH:12
BRDA:5,0,0,3
BRDA:5,0,1,0
BRDA:5,0,2,0
BRDA:5,0,3,0
BRDA:10,1,0,0
BRDA:10,1,1,3
BRDA:22,2,0,4
BRDA:22,2,1,8
BRDA:22,3,0,12
BRDA:22,3,1,4
BRDA:26,4,0,8
BRDA:26,4,1,0
BRDA:26,5,0,8
BRDA:26,5,1,8
BRDA:27,6,0,8
BRDA:27,6,1,0
BRDA:37,7,0,3
BRDA:37,7,1,0
BRDA:38,8,0,3
BRDA:38,8,1,2
BRDA:39,9,0,3
BRDA:39,9,1,2
BRF:22
BRH:15
end_of_record
TN:
SF:src/lib/jwt.ts
FN:28,generateAccessToken
FN:39,generateRefreshToken
FN:49,verifyAccessToken
FN:64,verifyRefreshToken
FNF:4
FNH:3
FNDA:6,generateAccessToken
FNDA:1,generateRefreshToken
FNDA:12,verifyAccessToken
FNDA:0,verifyRefreshToken
DA:6,2
DA:7,2
DA:10,2
DA:11,2
DA:12,2
DA:13,2
DA:28,2
DA:29,6
DA:39,2
DA:40,1
DA:49,2
DA:50,12
DA:51,12
DA:55,12
DA:57,0
DA:64,2
DA:65,0
DA:66,0
DA:69,0
DA:71,0
LF:20
LH:15
BRF:0
BRH:0
end_of_record
TN:
SF:src/lib/password-service.ts
FN:4,validatePasswordStrength
FN:36,checkPasswordHistory
FN:50,updatePasswordHistory
FN:70,generateResetToken
FN:77,createPasswordResetRequest
FN:93,verifyResetToken
FN:130,markResetTokenUsed
FN:142,approvePasswordReset
FN:156,getPendingResetRequests
FNF:9
FNH:3
FNDA:9,validatePasswordStrength
FNDA:3,checkPasswordHistory
FNDA:3,updatePasswordHistory
FNDA:0,generateResetToken
FNDA:0,createPasswordResetRequest
FNDA:0,verifyResetToken
FNDA:0,markResetTokenUsed
FNDA:0,approvePasswordReset
FNDA:0,getPendingResetRequests
DA:1,3
DA:2,3
DA:4,3
DA:8,9
DA:10,9
DA:11,2
DA:14,9
DA:15,2
DA:18,9
DA:19,1
DA:22,9
DA:23,2
DA:26,9
DA:27,2
DA:30,9
DA:36,3
DA:40,3
DA:42,2
DA:43,2
DA:44,2
DA:46,0
DA:50,3
DA:54,3
DA:56,3
DA:57,2
DA:58,2
DA:60,0
DA:64,3
DA:65,3
DA:67,3
DA:70,3
DA:71,0
DA:72,0
DA:74,0
DA:77,3
DA:78,0
DA:79,0
DA:81,0
DA:90,0
DA:93,3
DA:98,0
DA:100,0
DA:105,0
DA:106,0
DA:109,0
DA:110,0
DA:113,0
DA:114,0
DA:117,0
DA:118,0
DA:124,0
DA:130,3
DA:131,0
DA:133,0
DA:142,3
DA:146,0
DA:156,3
DA:157,0
LF:58
LH:34
BRDA:10,0,0,2
BRDA:10,0,1,7
BRDA:14,1,0,2
BRDA:14,1,1,7
BRDA:18,2,0,1
BRDA:18,2,1,8
BRDA:22,3,0,2
BRDA:22,3,1,7
BRDA:26,4,0,2
BRDA:26,4,1,7
BRDA:40,5,0,1
BRDA:40,5,1,2
BRDA:56,6,0,2
BRDA:56,6,1,1
BRDA:105,7,0,0
BRDA:105,7,1,0
BRDA:109,8,0,0
BRDA:109,8,1,0
BRDA:113,9,0,0
BRDA:113,9,1,0
BRDA:117,10,0,0
BRDA:117,10,1,0
BRDA:117,11,0,0
BRDA:117,11,1,0
BRF:24
BRH:14
end_of_record
TN:
SF:src/lib/prisma.ts
FNF:0
FNH:0
DA:1,4
DA:2,4
DA:3,4
DA:4,4
DA:6,4
DA:9,4
DA:14,4
DA:15,4
DA:16,4
DA:17,0
DA:19,4
DA:22,4
DA:25,4
DA:26,4
DA:28,4
DA:29,4
DA:34,0
DA:35,0
DA:42,4
DA:48,4
DA:50,4
LF:21
LH:18
BRDA:9,0,0,4
BRDA:9,0,1,0
BRDA:9,0,2,0
BRDA:9,0,3,0
BRDA:14,1,0,4
BRDA:14,1,1,0
BRDA:14,2,0,4
BRDA:14,2,1,0
BRDA:16,3,0,0
BRDA:16,3,1,4
BRDA:19,4,0,0
BRDA:19,4,1,4
BRDA:25,5,0,4
BRDA:25,5,1,0
BRDA:25,6,0,4
BRDA:25,6,1,4
BRDA:43,7,0,4
BRDA:43,7,1,4
BRDA:45,8,0,0
BRDA:45,8,1,4
BRDA:48,9,0,4
BRDA:48,9,1,0
BRF:22
BRH:12
end_of_record
TN:
SF:src/lib/security-middleware.ts
FN:35,(anonymous_1)
FN:37,(anonymous_2)
FN:50,(anonymous_3)
FNF:3
FNH:3
FNDA:64,(anonymous_1)
FNDA:136,(anonymous_2)
FNDA:25,(anonymous_3)
DA:1,2
DA:2,2
DA:3,2
DA:6,2
DA:7,2
DA:8,2
DA:9,2
DA:12,2
DA:21,2
DA:29,2
DA:31,2
DA:35,64
DA:37,2
DA:38,136
DA:39,72
DA:40,72
DA:41,71
DA:42,71
DA:43,65
DA:45,71
DA:47,1
DA:50,2
DA:51,25
DA:52,21
DA:54,25
DA:55,25
DA:56,25
DA:57,25
DA:58,0
DA:60,25
DA:63,25
DA:64,25
DA:65,25
DA:66,25
DA:67,0
DA:69,25
DA:72,25
LF:37
LH:35
BRDA:6,0,0,2
BRDA:6,0,1,0
BRDA:7,1,0,2
BRDA:7,1,1,0
BRDA:8,2,0,2
BRDA:8,2,1,0
BRDA:9,3,0,2
BRDA:9,3,1,2
BRDA:38,4,0,64
BRDA:38,4,1,72
BRDA:39,5,0,0
BRDA:39,5,1,72
BRDA:40,6,0,71
BRDA:40,6,1,1
BRDA:40,7,0,72
BRDA:40,7,1,71
BRDA:51,8,0,21
BRDA:51,8,1,4
BRDA:54,9,0,25
BRDA:54,9,1,0
BRDA:56,10,0,25
BRDA:56,10,1,0
BRDA:56,11,0,25
BRDA:56,11,1,25
BRDA:63,12,0,25
BRDA:63,12,1,0
BRDA:65,13,0,25
BRDA:65,13,1,0
BRDA:65,14,0,25
BRDA:65,14,1,25
BRF:30
BRH:22
end_of_record
TN:
SF:src/lib/security.ts
FN:20,checkRateLimit
FN:42,trackFailedLogin
FN:75,resetFailedLoginAttempts
FN:85,isAccountLocked
FN:111,unlockAccount
FN:122,sanitizeInput
FN:130,isValidEmail
FN:135,isValidMobile
FN:141,normalizeMobile
FN:145,generateSecureToken
FN:149,(anonymous_15)
FN:152,cleanupRateLimits
FN:169,encodeBase64
FN:173,decodeBase64
FN:177,generateSalt
FN:180,(anonymous_20)
FN:183,hashWithSalt
FN:188,(anonymous_22)
FN:191,hashPassword
FN:197,verifyPassword
FN:201,deriveKey
FN:225,encryptAES
FN:245,decryptAES
FN:246,(anonymous_28)
FN:263,generateRSAKeyPair
FN:284,encryptRSA
FN:286,(anonymous_31)
FN:305,decryptRSA
FN:306,(anonymous_33)
FN:307,(anonymous_34)
FN:326,generateRSASigningKeyPair
FN:347,signData
FN:349,(anonymous_37)
FN:368,verifySignature
FN:370,(anonymous_39)
FN:371,(anonymous_40)
FN:389,generateFIRNumber
FN:395,ensureEncryptionKey
FN:399,encryptData
FN:404,decryptData
FNF:40
FNH:17
FNDA:13,checkRateLimit
FNDA:5,trackFailedLogin
FNDA:3,resetFailedLoginAttempts
FNDA:10,isAccountLocked
FNDA:0,unlockAccount
FNDA:22,sanitizeInput
FNDA:8,isValidEmail
FNDA:9,isValidMobile
FNDA:17,normalizeMobile
FNDA:0,generateSecureToken
FNDA:0,(anonymous_15)
FNDA:0,cleanupRateLimits
FNDA:0,encodeBase64
FNDA:0,decodeBase64
FNDA:0,generateSalt
FNDA:0,(anonymous_20)
FNDA:0,hashWithSalt
FNDA:0,(anonymous_22)
FNDA:3,hashPassword
FNDA:8,verifyPassword
FNDA:2,deriveKey
FNDA:1,encryptAES
FNDA:1,decryptAES
FNDA:376,(anonymous_28)
FNDA:0,generateRSAKeyPair
FNDA:0,encryptRSA
FNDA:0,(anonymous_31)
FNDA:0,decryptRSA
FNDA:0,(anonymous_33)
FNDA:0,(anonymous_34)
FNDA:0,generateRSASigningKeyPair
FNDA:0,signData
FNDA:0,(anonymous_37)
FNDA:0,verifySignature
FNDA:0,(anonymous_39)
FNDA:0,(anonymous_40)
FNDA:0,generateFIRNumber
FNDA:2,ensureEncryptionKey
FNDA:1,encryptData
FNDA:1,decryptData
DA:1,3
DA:2,3
DA:3,3
DA:4,3
DA:5,3
DA:7,3
DA:9,3
DA:11,3
DA:12,3
DA:14,3
DA:15,3
DA:16,3
DA:17,3
DA:18,3
DA:20,3
DA:21,13
DA:22,13
DA:23,13
DA:25,13
DA:26,1
DA:30,1
DA:33,12
DA:34,0
DA:37,12
DA:38,12
DA:39,12
DA:42,3
DA:48,5
DA:55,5
DA:57,5
DA:59,5
DA:60,1
DA:61,1
DA:69,1
DA:72,4
DA:75,3
DA:76,3
DA:85,3
DA:86,10
DA:91,10
DA:93,10
DA:94,2
DA:95,0
DA:103,0
DA:105,2
DA:108,8
DA:111,3
DA:112,0
DA:122,3
DA:123,22
DA:130,3
DA:131,8
DA:132,8
DA:135,3
DA:136,9
DA:137,9
DA:138,9
DA:141,3
DA:142,17
DA:145,3
DA:146,0
DA:147,0
DA:148,0
DA:149,0
DA:152,3
DA:153,0
DA:154,0
DA:155,0
DA:156,0
DA:159,0
DA:160,0
DA:161,0
DA:166,3
DA:167,3
DA:169,3
DA:170,0
DA:173,3
DA:174,0
DA:177,3
DA:178,0
DA:179,0
DA:180,0
DA:183,3
DA:184,0
DA:185,0
DA:186,0
DA:187,0
DA:188,0
DA:191,3
DA:192,3
DA:193,3
DA:194,3
DA:197,3
DA:198,8
DA:202,2
DA:203,2
DA:211,2
DA:225,3
DA:226,1
DA:227,1
DA:228,1
DA:229,1
DA:231,1
DA:237,1
DA:238,1
DA:239,1
DA:240,1
DA:242,1
DA:245,3
DA:246,376
DA:248,1
DA:249,1
DA:250,1
DA:252,1
DA:254,1
DA:260,1
DA:263,3
DA:264,0
DA:275,0
DA:276,0
DA:278,0
DA:284,3
DA:285,0
DA:286,0
DA:288,0
DA:296,0
DA:302,0
DA:305,3
DA:306,0
DA:307,0
DA:309,0
DA:317,0
DA:323,0
DA:326,3
DA:327,0
DA:338,0
DA:339,0
DA:341,0
DA:347,3
DA:348,0
DA:349,0
DA:351,0
DA:359,0
DA:365,0
DA:368,3
DA:369,0
DA:370,0
DA:371,0
DA:373,0
DA:381,0
DA:389,3
DA:390,0
DA:391,0
DA:392,0
DA:396,2
DA:399,3
DA:400,1
DA:401,1
DA:404,3
DA:405,1
DA:406,1
LF:161
LH:105
BRDA:7,0,0,3
BRDA:7,0,1,0
BRDA:14,1,0,3
BRDA:14,1,1,3
BRDA:15,2,0,3
BRDA:15,2,1,0
BRDA:25,3,0,1
BRDA:25,3,1,12
BRDA:25,4,0,13
BRDA:25,4,1,12
BRDA:33,5,0,0
BRDA:33,5,1,12
BRDA:59,6,0,1
BRDA:59,6,1,4
BRDA:91,7,0,0
BRDA:91,7,1,10
BRDA:93,8,0,2
BRDA:93,8,1,8
BRDA:94,9,0,0
BRDA:94,9,1,2
BRDA:94,10,0,2
BRDA:94,10,1,2
BRDA:145,11,0,0
BRDA:155,12,0,0
BRDA:155,12,1,0
BRDA:160,13,0,0
BRDA:160,13,1,0
BRDA:177,14,0,0
BRDA:389,15,0,0
BRF:29
BRH:17
end_of_record
TN:
SF:src/lib/session-service.ts
FN:9,createSession
FN:35,verifySession
FN:72,revokeSession
FN:87,revokeAllUserSessions
FN:100,getUserSessions
FN:114,cleanupExpiredSessions
FNF:6
FNH:1
FNDA:1,createSession
FNDA:0,verifySession
FNDA:0,revokeSession
FNDA:0,revokeAllUserSessions
FNDA:0,getUserSessions
FNDA:0,cleanupExpiredSessions
DA:1,2
DA:2,2
DA:4,2
DA:9,2
DA:14,1
DA:15,1
DA:16,1
DA:18,1
DA:24,1
DA:25,1
DA:27,1
DA:29,1
DA:35,2
DA:39,0
DA:41,0
DA:45,0
DA:46,0
DA:49,0
DA:50,0
DA:53,0
DA:54,0
DA:58,0
DA:63,0
DA:72,2
DA:73,0
DA:75,0
DA:87,2
DA:88,0
DA:100,2
DA:101,0
DA:114,2
DA:115,0
LF:32
LH:17
BRDA:24,0,0,1
BRDA:24,0,1,0
BRDA:25,1,0,1
BRDA:25,1,1,0
BRDA:45,2,0,0
BRDA:45,2,1,0
BRDA:49,3,0,0
BRDA:49,3,1,0
BRDA:53,4,0,0
BRDA:53,4,1,0
BRF:10
BRH:2
end_of_record
TN:
SF:src/lib/totp-service.ts
FN:20,generateTOTPSecret
FN:44,verifyTOTP
FN:57,generateRecoveryCodes
FNF:3
FNH:3
FNDA:1,generateTOTPSecret
FNDA:7,verifyTOTP
FNDA:4,generateRecoveryCodes
DA:6,3
DA:7,3
DA:9,3
DA:20,3
DA:21,1
DA:27,1
DA:28,0
DA:31,1
DA:33,1
DA:44,3
DA:45,7
DA:57,3
DA:58,4
DA:59,4
DA:60,40
DA:61,40
DA:63,4
LF:17
LH:16
BRDA:27,0,0,0
BRDA:27,0,1,1
BRF:2
BRH:1
end_of_record
TN:
SF:src/routes/admin.ts
FN:13,(anonymous_1)
FN:15,(anonymous_2)
FN:92,(anonymous_3)
FN:169,(anonymous_4)
FN:241,(anonymous_5)
FN:289,(anonymous_6)
FN:326,(anonymous_7)
FN:355,(anonymous_8)
FN:365,(anonymous_9)
FN:382,(anonymous_10)
FN:415,(anonymous_11)
FN:456,(anonymous_12)
FN:501,(anonymous_13)
FN:535,(anonymous_14)
FN:556,(anonymous_15)
FN:560,(anonymous_16)
FN:574,(anonymous_17)
FN:611,(anonymous_18)
FNF:18
FNH:0
FNDA:0,(anonymous_1)
FNDA:0,(anonymous_2)
FNDA:0,(anonymous_3)
FNDA:0,(anonymous_4)
FNDA:0,(anonymous_5)
FNDA:0,(anonymous_6)
FNDA:0,(anonymous_7)
FNDA:0,(anonymous_8)
FNDA:0,(anonymous_9)
FNDA:0,(anonymous_10)
FNDA:0,(anonymous_11)
FNDA:0,(anonymous_12)
FNDA:0,(anonymous_13)
FNDA:0,(anonymous_14)
FNDA:0,(anonymous_15)
FNDA:0,(anonymous_16)
FNDA:0,(anonymous_17)
FNDA:0,(anonymous_18)
DA:1,2
DA:2,2
DA:3,2
DA:4,2
DA:6,2
DA:7,2
DA:8,2
DA:11,2
DA:13,2
DA:15,2
DA:16,0
DA:17,0
DA:18,0
DA:19,0
DA:21,0
DA:23,0
DA:24,0
DA:25,0
DA:28,0
DA:37,0
DA:38,0
DA:39,0
DA:42,0
DA:43,0
DA:45,0
DA:62,0
DA:72,0
DA:87,0
DA:88,0
DA:92,2
DA:93,0
DA:94,0
DA:95,0
DA:96,0
DA:98,0
DA:100,0
DA:101,0
DA:102,0
DA:105,0
DA:114,0
DA:115,0
DA:116,0
DA:119,0
DA:120,0
DA:122,0
DA:139,0
DA:149,0
DA:164,0
DA:165,0
DA:169,2
DA:170,0
DA:171,0
DA:172,0
DA:173,0
DA:175,0
DA:177,0
DA:178,0
DA:179,0
DA:182,0
DA:191,0
DA:192,0
DA:193,0
DA:196,0
DA:197,0
DA:199,0
DA:213,0
DA:223,0
DA:236,0
DA:237,0
DA:241,2
DA:242,0
DA:243,0
DA:245,0
DA:246,0
DA:247,0
DA:248,0
DA:250,0
DA:252,0
DA:276,0
DA:284,0
DA:285,0
DA:289,2
DA:290,0
DA:291,0
DA:293,0
DA:314,0
DA:315,0
DA:316,0
DA:319,0
DA:321,0
DA:322,0
DA:326,2
DA:327,0
DA:328,0
DA:329,0
DA:330,0
DA:331,0
DA:333,0
DA:335,0
DA:345,0
DA:350,0
DA:351,0
DA:355,2
DA:356,0
DA:357,0
DA:358,0
DA:360,0
DA:361,0
DA:365,2
DA:366,0
DA:367,0
DA:368,0
DA:370,0
DA:372,0
DA:377,0
DA:378,0
DA:382,2
DA:383,0
DA:384,0
DA:386,0
DA:397,0
DA:399,0
DA:407,0
DA:408,0
DA:415,2
DA:416,0
DA:417,0
DA:418,0
DA:420,0
DA:440,0
DA:448,0
DA:449,0
DA:456,2
DA:457,0
DA:458,0
DA:459,0
DA:461,0
DA:462,0
DA:464,0
DA:485,0
DA:493,0
DA:494,0
DA:501,2
DA:502,0
DA:509,0
DA:529,0
DA:534,0
DA:535,0
DA:536,0
DA:539,0
DA:548,0
DA:549,0
DA:556,2
DA:557,0
DA:558,0
DA:559,0
DA:560,0
DA:561,0
DA:564,0
DA:566,0
DA:567,0
DA:574,2
DA:575,0
DA:576,0
DA:577,0
DA:579,0
DA:580,0
DA:581,0
DA:584,0
DA:585,0
DA:601,0
DA:603,0
DA:604,0
DA:611,2
DA:612,0
DA:613,0
DA:614,0
DA:615,0
DA:617,0
DA:626,0
DA:628,0
DA:637,0
DA:638,0
DA:639,0
DA:641,0
DA:642,0
DA:646,2
LF:187
LH:25
BRDA:13,0,0,0
BRDA:13,0,1,0
BRDA:13,0,2,0
BRDA:23,1,0,0
BRDA:23,1,1,0
BRDA:23,2,0,0
BRDA:23,2,1,0
BRDA:23,2,2,0
BRDA:23,2,3,0
BRDA:23,2,4,0
BRDA:37,3,0,0
BRDA:37,3,1,0
BRDA:55,4,0,0
BRDA:55,4,1,0
BRDA:100,5,0,0
BRDA:100,5,1,0
BRDA:100,6,0,0
BRDA:100,6,1,0
BRDA:100,6,2,0
BRDA:100,6,3,0
BRDA:100,6,4,0
BRDA:114,7,0,0
BRDA:114,7,1,0
BRDA:177,8,0,0
BRDA:177,8,1,0
BRDA:177,9,0,0
BRDA:177,9,1,0
BRDA:177,9,2,0
BRDA:191,10,0,0
BRDA:191,10,1,0
BRDA:243,11,0,0
BRDA:243,12,0,0
BRDA:246,13,0,0
BRDA:246,13,1,0
BRDA:247,14,0,0
BRDA:247,14,1,0
BRDA:248,15,0,0
BRDA:248,15,1,0
BRDA:314,16,0,0
BRDA:314,16,1,0
BRDA:384,17,0,0
BRDA:384,18,0,0
BRDA:387,19,0,0
BRDA:387,19,1,0
BRDA:389,20,0,0
BRDA:389,20,1,0
BRDA:390,21,0,0
BRDA:390,21,1,0
BRDA:391,22,0,0
BRDA:391,22,1,0
BRDA:392,23,0,0
BRDA:392,23,1,0
BRDA:417,24,0,0
BRDA:417,25,0,0
BRDA:458,26,0,0
BRDA:458,27,0,0
BRDA:462,28,0,0
BRDA:462,28,1,0
BRDA:579,29,0,0
BRDA:579,29,1,0
BRDA:619,30,0,0
BRDA:619,30,1,0
BRDA:620,31,0,0
BRDA:620,31,1,0
BRDA:621,32,0,0
BRDA:621,32,1,0
BRDA:622,33,0,0
BRDA:622,33,1,0
BRF:68
BRH:0
end_of_record
TN:
SF:src/routes/auth.ts
FN:34,verifyAadhaar
FN:49,(anonymous_2)
FN:50,(anonymous_3)
FN:58,generateNumericOTP
FN:62,cleanupExpiredOtps
FN:74,(anonymous_6)
FN:102,(anonymous_7)
FN:182,(anonymous_8)
FN:187,(anonymous_9)
FN:207,(anonymous_10)
FN:249,(anonymous_11)
FN:284,(anonymous_12)
FN:334,(anonymous_13)
FN:465,(anonymous_14)
FN:513,(anonymous_15)
FN:542,(anonymous_16)
FN:585,(anonymous_17)
FN:682,(anonymous_18)
FN:799,(anonymous_19)
FN:854,(anonymous_20)
FN:945,(anonymous_21)
FN:1022,(anonymous_22)
FN:1055,(anonymous_23)
FN:1106,(anonymous_24)
FN:1146,(anonymous_25)
FNF:25
FNH:9
FNDA:3,verifyAadhaar
FNDA:15,(anonymous_2)
FNDA:15,(anonymous_3)
FNDA:0,generateNumericOTP
FNDA:0,cleanupExpiredOtps
FNDA:0,(anonymous_6)
FNDA:3,(anonymous_7)
FNDA:10,(anonymous_8)
FNDA:1,(anonymous_9)
FNDA:10,(anonymous_10)
FNDA:0,(anonymous_11)
FNDA:0,(anonymous_12)
FNDA:10,(anonymous_13)
FNDA:0,(anonymous_14)
FNDA:0,(anonymous_15)
FNDA:0,(anonymous_16)
FNDA:2,(anonymous_17)
FNDA:0,(anonymous_18)
FNDA:0,(anonymous_19)
FNDA:0,(anonymous_20)
FNDA:0,(anonymous_21)
FNDA:0,(anonymous_22)
FNDA:0,(anonymous_23)
FNDA:0,(anonymous_24)
FNDA:0,(anonymous_25)
DA:6,2
DA:8,2
DA:9,2
DA:10,2
DA:11,2
DA:19,2
DA:37,3
DA:38,3
DA:41,2
DA:42,2
DA:43,2
DA:44,2
DA:45,2
DA:47,2
DA:49,15
DA:50,15
DA:55,2
DA:56,2
DA:59,0
DA:63,0
DA:64,0
DA:65,0
DA:66,0
DA:74,2
DA:75,0
DA:76,0
DA:78,0
DA:79,0
DA:80,0
DA:84,0
DA:86,0
DA:94,0
DA:95,0
DA:102,2
DA:103,3
DA:104,3
DA:105,3
DA:108,3
DA:109,0
DA:110,0
DA:113,3
DA:116,3
DA:117,0
DA:118,0
DA:122,3
DA:123,0
DA:124,0
DA:128,3
DA:129,3
DA:130,0
DA:131,0
DA:134,3
DA:135,3
DA:136,3
DA:137,0
DA:138,0
DA:142,3
DA:143,3
DA:145,3
DA:146,0
DA:147,0
DA:150,3
DA:151,0
DA:152,0
DA:156,3
DA:157,3
DA:158,1
DA:159,1
DA:163,2
DA:172,2
DA:173,1
DA:174,1
DA:178,1
DA:181,1
DA:182,10
DA:187,1
DA:188,1
DA:206,1
DA:207,10
DA:213,1
DA:217,1
DA:227,1
DA:241,0
DA:242,0
DA:249,2
DA:250,0
DA:251,0
DA:253,0
DA:254,0
DA:255,0
DA:262,0
DA:263,0
DA:264,0
DA:265,0
DA:268,0
DA:269,0
DA:270,0
DA:271,0
DA:273,0
DA:279,0
DA:280,0
DA:284,2
DA:285,0
DA:286,0
DA:288,0
DA:289,0
DA:290,0
DA:297,0
DA:298,0
DA:300,0
DA:301,0
DA:302,0
DA:305,0
DA:306,0
DA:307,0
DA:308,0
DA:311,0
DA:312,0
DA:313,0
DA:317,0
DA:319,0
DA:326,0
DA:327,0
DA:334,2
DA:335,10
DA:336,10
DA:337,10
DA:340,10
DA:341,0
DA:342,0
DA:345,10
DA:347,10
DA:348,0
DA:349,0
DA:352,10
DA:353,10
DA:356,10
DA:366,10
DA:367,0
DA:368,0
DA:369,0
DA:373,10
DA:374,10
DA:375,2
DA:376,2
DA:380,2
DA:384,8
DA:385,8
DA:386,5
DA:388,5
DA:389,1
DA:394,4
DA:399,5
DA:403,3
DA:406,3
DA:407,0
DA:415,0
DA:420,0
DA:424,3
DA:425,0
DA:433,0
DA:438,0
DA:442,3
DA:449,3
DA:451,3
DA:457,0
DA:458,0
DA:465,2
DA:466,0
DA:467,0
DA:468,0
DA:470,0
DA:474,0
DA:475,0
DA:476,0
DA:480,0
DA:483,0
DA:490,0
DA:498,0
DA:505,0
DA:506,0
DA:513,2
DA:514,0
DA:515,0
DA:516,0
DA:517,0
DA:519,0
DA:520,0
DA:521,0
DA:524,0
DA:528,0
DA:529,0
DA:530,0
DA:534,0
DA:535,0
DA:536,0
DA:537,0
DA:541,0
DA:542,0
DA:548,0
DA:562,0
DA:571,0
DA:577,0
DA:578,0
DA:585,2
DA:586,2
DA:587,2
DA:588,2
DA:589,2
DA:591,2
DA:592,0
DA:593,0
DA:596,2
DA:597,2
DA:598,0
DA:599,0
DA:602,2
DA:606,2
DA:607,0
DA:608,0
DA:612,2
DA:613,2
DA:614,1
DA:624,1
DA:625,1
DA:629,1
DA:630,1
DA:636,1
DA:638,1
DA:648,1
DA:655,1
DA:662,1
DA:674,0
DA:675,0
DA:682,2
DA:683,0
DA:684,0
DA:685,0
DA:686,0
DA:688,0
DA:689,0
DA:690,0
DA:693,0
DA:694,0
DA:695,0
DA:696,0
DA:699,0
DA:703,0
DA:704,0
DA:705,0
DA:709,0
DA:712,0
DA:720,0
DA:721,0
DA:731,0
DA:732,0
DA:736,0
DA:745,0
DA:746,0
DA:752,0
DA:754,0
DA:764,0
DA:771,0
DA:778,0
DA:791,0
DA:792,0
DA:799,2
DA:800,0
DA:801,0
DA:802,0
DA:804,0
DA:805,0
DA:806,0
DA:809,0
DA:814,0
DA:815,0
DA:819,0
DA:823,0
DA:825,0
DA:835,0
DA:836,0
DA:839,0
DA:846,0
DA:847,0
DA:854,2
DA:855,0
DA:856,0
DA:857,0
DA:859,0
DA:860,0
DA:861,0
DA:865,0
DA:866,0
DA:867,0
DA:868,0
DA:872,0
DA:873,0
DA:874,0
DA:875,0
DA:877,0
DA:879,0
DA:882,0
DA:883,0
DA:884,0
DA:887,0
DA:891,0
DA:892,0
DA:893,0
DA:897,0
DA:900,0
DA:901,0
DA:902,0
DA:906,0
DA:907,0
DA:919,0
DA:922,0
DA:924,0
DA:932,0
DA:937,0
DA:938,0
DA:945,2
DA:946,0
DA:947,0
DA:948,0
DA:949,0
DA:951,0
DA:952,0
DA:953,0
DA:956,0
DA:960,0
DA:961,0
DA:962,0
DA:966,0
DA:967,0
DA:968,0
DA:969,0
DA:973,0
DA:974,0
DA:975,0
DA:976,0
DA:980,0
DA:983,0
DA:984,0
DA:985,0
DA:989,0
DA:990,0
DA:1001,0
DA:1009,0
DA:1014,0
DA:1015,0
DA:1022,2
DA:1023,0
DA:1024,0
DA:1025,0
DA:1027,0
DA:1028,0
DA:1032,0
DA:1034,0
DA:1039,0
DA:1040,0
DA:1042,0
DA:1047,0
DA:1048,0
DA:1055,2
DA:1056,0
DA:1057,0
DA:1059,0
DA:1060,0
DA:1061,0
DA:1064,0
DA:1065,0
DA:1066,0
DA:1067,0
DA:1070,0
DA:1074,0
DA:1075,0
DA:1076,0
DA:1079,0
DA:1086,0
DA:1093,0
DA:1098,0
DA:1099,0
DA:1106,2
DA:1107,0
DA:1108,0
DA:1109,0
DA:1111,0
DA:1112,0
DA:1113,0
DA:1117,0
DA:1118,0
DA:1119,0
DA:1124,0
DA:1132,0
DA:1138,0
DA:1139,0
DA:1146,2
DA:1147,0
DA:1148,0
DA:1149,0
DA:1150,0
DA:1152,0
DA:1153,0
DA:1154,0
DA:1158,0
DA:1159,0
DA:1160,0
DA:1163,0
DA:1171,0
DA:1180,0
DA:1186,0
DA:1187,0
DA:1191,2
LF:413
LH:118
BRDA:38,0,0,3
BRDA:38,0,1,3
BRDA:49,1,0,15
BRDA:49,1,1,0
BRDA:49,1,2,0
BRDA:50,2,0,15
BRDA:50,2,1,15
BRDA:65,3,0,0
BRDA:65,3,1,0
BRDA:78,4,0,0
BRDA:78,4,1,0
BRDA:108,5,0,0
BRDA:108,5,1,3
BRDA:108,6,0,3
BRDA:108,6,1,0
BRDA:116,7,0,0
BRDA:116,7,1,3
BRDA:116,8,0,3
BRDA:116,8,1,3
BRDA:116,8,2,3
BRDA:116,8,3,3
BRDA:122,9,0,0
BRDA:122,9,1,3
BRDA:122,10,0,3
BRDA:122,10,1,3
BRDA:129,11,0,0
BRDA:129,11,1,3
BRDA:134,12,0,3
BRDA:134,12,1,0
BRDA:136,13,0,0
BRDA:136,13,1,3
BRDA:145,14,0,0
BRDA:145,14,1,3
BRDA:150,15,0,0
BRDA:150,15,1,3
BRDA:157,16,0,1
BRDA:157,16,1,2
BRDA:172,17,0,1
BRDA:172,17,1,1
BRDA:193,18,0,1
BRDA:193,18,1,0
BRDA:253,19,0,0
BRDA:253,19,1,0
BRDA:253,20,0,0
BRDA:253,20,1,0
BRDA:288,21,0,0
BRDA:288,21,1,0
BRDA:288,22,0,0
BRDA:288,22,1,0
BRDA:300,23,0,0
BRDA:300,23,1,0
BRDA:305,24,0,0
BRDA:305,24,1,0
BRDA:311,25,0,0
BRDA:311,25,1,0
BRDA:340,26,0,0
BRDA:340,26,1,10
BRDA:340,27,0,10
BRDA:340,27,1,0
BRDA:347,28,0,0
BRDA:347,28,1,10
BRDA:347,29,0,10
BRDA:347,29,1,10
BRDA:366,30,0,0
BRDA:366,30,1,10
BRDA:374,31,0,2
BRDA:374,31,1,8
BRDA:385,32,0,5
BRDA:385,32,1,3
BRDA:388,33,0,1
BRDA:388,33,1,4
BRDA:406,34,0,0
BRDA:406,34,1,3
BRDA:424,35,0,0
BRDA:424,35,1,3
BRDA:424,36,0,3
BRDA:424,36,1,3
BRDA:474,37,0,0
BRDA:474,37,1,0
BRDA:519,38,0,0
BRDA:519,38,1,0
BRDA:528,39,0,0
BRDA:528,39,1,0
BRDA:528,40,0,0
BRDA:528,40,1,0
BRDA:535,41,0,0
BRDA:535,41,1,0
BRDA:591,42,0,0
BRDA:591,42,1,2
BRDA:591,43,0,2
BRDA:591,43,1,2
BRDA:597,44,0,0
BRDA:597,44,1,2
BRDA:597,45,0,2
BRDA:597,45,1,2
BRDA:606,46,0,0
BRDA:606,46,1,2
BRDA:606,47,0,2
BRDA:606,47,1,2
BRDA:613,48,0,1
BRDA:613,48,1,1
BRDA:688,49,0,0
BRDA:688,49,1,0
BRDA:688,50,0,0
BRDA:688,50,1,0
BRDA:694,51,0,0
BRDA:694,51,1,0
BRDA:694,52,0,0
BRDA:694,52,1,0
BRDA:703,53,0,0
BRDA:703,53,1,0
BRDA:720,54,0,0
BRDA:720,54,1,0
BRDA:804,55,0,0
BRDA:804,55,1,0
BRDA:814,56,0,0
BRDA:814,56,1,0
BRDA:835,57,0,0
BRDA:835,57,1,0
BRDA:841,58,0,0
BRDA:841,58,1,0
BRDA:859,59,0,0
BRDA:859,59,1,0
BRDA:859,60,0,0
BRDA:859,60,1,0
BRDA:866,61,0,0
BRDA:866,61,1,0
BRDA:873,62,0,0
BRDA:873,62,1,0
BRDA:874,63,0,0
BRDA:874,63,1,0
BRDA:882,64,0,0
BRDA:882,64,1,0
BRDA:891,65,0,0
BRDA:891,65,1,0
BRDA:900,66,0,0
BRDA:900,66,1,0
BRDA:900,67,0,0
BRDA:900,67,1,0
BRDA:906,68,0,0
BRDA:906,68,1,0
BRDA:951,69,0,0
BRDA:951,69,1,0
BRDA:951,70,0,0
BRDA:951,70,1,0
BRDA:960,71,0,0
BRDA:960,71,1,0
BRDA:967,72,0,0
BRDA:967,72,1,0
BRDA:974,73,0,0
BRDA:974,73,1,0
BRDA:983,74,0,0
BRDA:983,74,1,0
BRDA:983,75,0,0
BRDA:983,75,1,0
BRDA:989,76,0,0
BRDA:989,76,1,0
BRDA:1027,77,0,0
BRDA:1027,77,1,0
BRDA:1057,78,0,0
BRDA:1057,78,1,0
BRDA:1059,79,0,0
BRDA:1059,79,1,0
BRDA:1065,80,0,0
BRDA:1065,80,1,0
BRDA:1065,81,0,0
BRDA:1065,81,1,0
BRDA:1074,82,0,0
BRDA:1074,82,1,0
BRDA:1111,83,0,0
BRDA:1111,83,1,0
BRDA:1111,84,0,0
BRDA:1111,84,1,0
BRDA:1117,85,0,0
BRDA:1117,85,1,0
BRDA:1135,86,0,0
BRDA:1135,86,1,0
BRDA:1152,87,0,0
BRDA:1152,87,1,0
BRDA:1152,88,0,0
BRDA:1152,88,1,0
BRDA:1158,89,0,0
BRDA:1158,89,1,0
BRF:183
BRH:52
end_of_record
TN:
SF:src/routes/criminals.ts
FN:9,(anonymous_1)
FN:14,(anonymous_2)
FN:58,(anonymous_3)
FN:111,(anonymous_4)
FNF:4
FNH:0
FNDA:0,(anonymous_1)
FNDA:0,(anonymous_2)
FNDA:0,(anonymous_3)
FNDA:0,(anonymous_4)
DA:1,2
DA:2,2
DA:3,2
DA:4,2
DA:7,2
DA:9,2
DA:14,2
DA:15,0
DA:16,0
DA:18,0
DA:20,0
DA:21,0
DA:22,0
DA:31,0
DA:48,0
DA:50,0
DA:51,0
DA:58,2
DA:59,0
DA:60,0
DA:61,0
DA:62,0
DA:68,0
DA:70,0
DA:71,0
DA:72,0
DA:75,0
DA:87,0
DA:97,0
DA:103,0
DA:104,0
DA:111,2
DA:112,0
DA:113,0
DA:114,0
DA:115,0
DA:116,0
DA:118,0
DA:120,0
DA:121,0
DA:122,0
DA:125,0
DA:129,0
DA:130,0
DA:131,0
DA:135,0
DA:144,0
DA:145,0
DA:146,0
DA:149,0
DA:160,0
DA:170,0
DA:181,0
DA:186,0
DA:187,0
DA:191,2
LF:56
LH:10
BRDA:9,0,0,0
BRDA:9,0,1,0
BRDA:9,0,2,0
BRDA:20,1,0,0
BRDA:20,1,1,0
BRDA:70,2,0,0
BRDA:70,2,1,0
BRDA:78,3,0,0
BRDA:78,3,1,0
BRDA:82,4,0,0
BRDA:82,4,1,0
BRDA:120,5,0,0
BRDA:120,5,1,0
BRDA:120,6,0,0
BRDA:120,6,1,0
BRDA:129,7,0,0
BRDA:129,7,1,0
BRDA:144,8,0,0
BRDA:144,8,1,0
BRDA:164,9,0,0
BRDA:164,9,1,0
BRF:21
BRH:0
end_of_record
TN:
SF:src/routes/documents.ts
FN:10,(anonymous_1)
FN:24,(anonymous_2)
FN:83,(anonymous_3)
FN:162,(anonymous_4)
FN:233,(anonymous_5)
FN:293,(anonymous_6)
FN:343,(anonymous_7)
FNF:7
FNH:0
FNDA:0,(anonymous_1)
FNDA:0,(anonymous_2)
FNDA:0,(anonymous_3)
FNDA:0,(anonymous_4)
FNDA:0,(anonymous_5)
FNDA:0,(anonymous_6)
FNDA:0,(anonymous_7)
DA:1,2
DA:2,2
DA:3,2
DA:4,2
DA:5,2
DA:8,2
DA:10,2
DA:12,2
DA:13,2
DA:24,2
DA:25,0
DA:26,0
DA:27,0
DA:28,0
DA:30,0
DA:32,0
DA:33,0
DA:34,0
DA:39,0
DA:42,0
DA:44,0
DA:70,0
DA:78,0
DA:79,0
DA:83,2
DA:84,0
DA:85,0
DA:86,0
DA:87,0
DA:96,0
DA:98,0
DA:99,0
DA:100,0
DA:103,0
DA:104,0
DA:105,0
DA:108,0
DA:109,0
DA:110,0
DA:113,0
DA:117,0
DA:118,0
DA:119,0
DA:122,0
DA:123,0
DA:124,0
DA:127,0
DA:129,0
DA:142,0
DA:150,0
DA:157,0
DA:158,0
DA:162,2
DA:163,0
DA:164,0
DA:165,0
DA:166,0
DA:167,0
DA:169,0
DA:189,0
DA:190,0
DA:191,0
DA:195,0
DA:201,0
DA:202,0
DA:203,0
DA:206,0
DA:208,0
DA:216,0
DA:228,0
DA:229,0
DA:233,2
DA:234,0
DA:235,0
DA:236,0
DA:237,0
DA:239,0
DA:243,0
DA:244,0
DA:245,0
DA:249,0
DA:254,0
DA:255,0
DA:256,0
DA:259,0
DA:282,0
DA:288,0
DA:289,0
DA:293,2
DA:294,0
DA:295,0
DA:296,0
DA:297,0
DA:298,0
DA:300,0
DA:304,0
DA:305,0
DA:306,0
DA:309,0
DA:310,0
DA:311,0
DA:314,0
DA:323,0
DA:331,0
DA:338,0
DA:339,0
DA:343,2
DA:344,0
DA:345,0
DA:346,0
DA:347,0
DA:348,0
DA:350,0
DA:362,0
DA:363,0
DA:364,0
DA:368,0
DA:372,0
DA:373,0
DA:374,0
DA:377,0
DA:381,0
DA:389,0
DA:394,0
DA:395,0
DA:399,2
LF:126
LH:16
BRDA:10,0,0,0
BRDA:10,0,1,0
BRDA:10,0,2,0
BRDA:28,1,0,0
BRDA:28,2,0,0
BRDA:32,3,0,0
BRDA:32,3,1,0
BRDA:34,4,0,0
BRDA:34,4,1,0
BRDA:34,5,0,0
BRDA:34,5,1,0
BRDA:98,6,0,0
BRDA:98,6,1,0
BRDA:98,7,0,0
BRDA:98,7,1,0
BRDA:98,7,2,0
BRDA:98,7,3,0
BRDA:98,7,4,0
BRDA:103,8,0,0
BRDA:103,8,1,0
BRDA:108,9,0,0
BRDA:108,9,1,0
BRDA:117,10,0,0
BRDA:117,10,1,0
BRDA:122,11,0,0
BRDA:122,11,1,0
BRDA:122,12,0,0
BRDA:122,12,1,0
BRDA:136,13,0,0
BRDA:136,13,1,0
BRDA:189,14,0,0
BRDA:189,14,1,0
BRDA:195,15,0,0
BRDA:195,15,1,0
BRDA:195,15,2,0
BRDA:195,15,3,0
BRDA:195,15,4,0
BRDA:201,16,0,0
BRDA:201,16,1,0
BRDA:243,17,0,0
BRDA:243,17,1,0
BRDA:249,18,0,0
BRDA:249,18,1,0
BRDA:249,18,2,0
BRDA:249,18,3,0
BRDA:254,19,0,0
BRDA:254,19,1,0
BRDA:304,20,0,0
BRDA:304,20,1,0
BRDA:309,21,0,0
BRDA:309,21,1,0
BRDA:362,22,0,0
BRDA:362,22,1,0
BRDA:368,23,0,0
BRDA:368,23,1,0
BRDA:368,23,2,0
BRDA:368,23,3,0
BRDA:372,24,0,0
BRDA:372,24,1,0
BRF:59
BRH:0
end_of_record
TN:
SF:src/routes/evidence.ts
FN:9,(anonymous_1)
FN:14,(anonymous_2)
FN:42,(anonymous_3)
FN:94,(anonymous_4)
FN:141,(anonymous_5)
FN:181,(anonymous_6)
FN:235,(anonymous_7)
FNF:7
FNH:0
FNDA:0,(anonymous_1)
FNDA:0,(anonymous_2)
FNDA:0,(anonymous_3)
FNDA:0,(anonymous_4)
FNDA:0,(anonymous_5)
FNDA:0,(anonymous_6)
FNDA:0,(anonymous_7)
DA:1,2
DA:2,2
DA:3,2
DA:4,2
DA:7,2
DA:9,2
DA:14,2
DA:15,0
DA:16,0
DA:17,0
DA:18,0
DA:26,0
DA:28,0
DA:29,0
DA:30,0
DA:33,0
DA:37,0
DA:38,0
DA:39,0
DA:42,0
DA:44,0
DA:56,0
DA:66,0
DA:69,0
DA:80,0
DA:86,0
DA:87,0
DA:94,2
DA:95,0
DA:96,0
DA:97,0
DA:98,0
DA:101,0
DA:105,0
DA:106,0
DA:107,0
DA:110,0
DA:111,0
DA:112,0
DA:115,0
DA:131,0
DA:133,0
DA:134,0
DA:141,2
DA:142,0
DA:143,0
DA:144,0
DA:145,0
DA:146,0
DA:154,0
DA:156,0
DA:157,0
DA:158,0
DA:161,0
DA:165,0
DA:166,0
DA:167,0
DA:171,0
DA:172,0
DA:175,0
DA:176,0
DA:177,0
DA:181,0
DA:183,0
DA:195,0
DA:196,0
DA:203,0
DA:204,0
DA:211,0
DA:222,0
DA:227,0
DA:228,0
DA:235,2
DA:236,0
DA:237,0
DA:239,0
DA:252,0
DA:254,0
DA:255,0
DA:259,2
LF:80
LH:11
BRDA:9,0,0,0
BRDA:9,0,1,0
BRDA:9,0,2,0
BRDA:28,1,0,0
BRDA:28,1,1,0
BRDA:28,2,0,0
BRDA:28,2,1,0
BRDA:28,2,2,0
BRDA:28,2,3,0
BRDA:37,3,0,0
BRDA:37,3,1,0
BRDA:105,4,0,0
BRDA:105,4,1,0
BRDA:110,5,0,0
BRDA:110,5,1,0
BRDA:110,6,0,0
BRDA:110,6,1,0
BRDA:156,7,0,0
BRDA:156,7,1,0
BRDA:165,8,0,0
BRDA:165,8,1,0
BRDA:171,9,0,0
BRDA:171,9,1,0
BRDA:175,10,0,0
BRDA:175,10,1,0
BRDA:187,11,0,0
BRDA:187,11,1,0
BRDA:195,12,0,0
BRDA:195,12,1,0
BRDA:203,13,0,0
BRDA:203,13,1,0
BRDA:203,14,0,0
BRDA:203,14,1,0
BRDA:203,14,2,0
BRF:34
BRH:0
end_of_record
TN:
SF:src/routes/firs.ts
FN:10,(anonymous_1)
FN:12,(anonymous_2)
FN:171,(anonymous_3)
FN:286,(anonymous_4)
FN:376,(anonymous_5)
FN:421,(anonymous_6)
FN:448,(anonymous_7)
FN:496,(anonymous_8)
FN:571,(anonymous_9)
FN:630,(anonymous_10)
FN:708,(anonymous_11)
FNF:11
FNH:8
FNDA:4,(anonymous_1)
FNDA:2,(anonymous_2)
FNDA:1,(anonymous_3)
FNDA:2,(anonymous_4)
FNDA:1,(anonymous_5)
FNDA:1,(anonymous_6)
FNDA:0,(anonymous_7)
FNDA:1,(anonymous_8)
FNDA:0,(anonymous_9)
FNDA:1,(anonymous_10)
FNDA:0,(anonymous_11)
DA:1,2
DA:2,2
DA:3,2
DA:4,2
DA:5,2
DA:8,2
DA:10,4
DA:12,2
DA:13,2
DA:14,2
DA:15,2
DA:16,2
DA:35,2
DA:37,2
DA:38,1
DA:39,1
DA:43,1
DA:44,1
DA:46,0
DA:47,0
DA:51,0
DA:52,0
DA:59,0
DA:64,0
DA:65,0
DA:66,0
DA:70,0
DA:79,0
DA:80,0
DA:81,0
DA:83,0
DA:84,0
DA:85,0
DA:86,0
DA:89,0
DA:92,1
DA:94,1
DA:108,1
DA:110,1
DA:134,1
DA:135,0
DA:145,1
DA:154,1
DA:166,0
DA:167,0
DA:171,2
DA:172,1
DA:173,1
DA:174,1
DA:175,1
DA:176,1
DA:178,1
DA:182,1
DA:183,0
DA:184,0
DA:187,1
DA:188,0
DA:189,0
DA:192,1
DA:195,1
DA:196,0
DA:201,0
DA:202,0
DA:203,0
DA:207,0
DA:215,0
DA:218,0
DA:219,0
DA:225,0
DA:227,0
DA:228,0
DA:231,0
DA:232,0
DA:233,0
DA:237,1
DA:238,0
DA:239,0
DA:242,1
DA:246,1
DA:247,0
DA:248,0
DA:251,1
DA:256,1
DA:265,1
DA:274,1
DA:281,0
DA:282,0
DA:286,2
DA:287,2
DA:288,2
DA:289,2
DA:290,2
DA:292,2
DA:294,2
DA:295,1
DA:296,1
DA:297,1
DA:301,1
DA:302,0
DA:304,0
DA:305,0
DA:312,0
DA:318,2
DA:319,0
DA:322,2
DA:324,2
DA:360,2
DA:368,0
DA:369,0
DA:376,2
DA:377,1
DA:378,1
DA:379,1
DA:381,1
DA:383,1
DA:384,0
DA:385,1
DA:386,1
DA:390,1
DA:391,0
DA:393,0
DA:394,0
DA:399,0
DA:405,1
DA:413,1
DA:421,1
DA:422,1
DA:423,1
DA:425,0
DA:426,0
DA:428,1
DA:429,1
DA:430,1
DA:433,0
DA:434,0
DA:438,1
DA:440,0
DA:441,0
DA:448,2
DA:449,0
DA:450,0
DA:451,0
DA:453,0
DA:459,0
DA:460,0
DA:465,0
DA:466,0
DA:470,0
DA:489,0
DA:491,0
DA:492,0
DA:496,2
DA:497,1
DA:498,1
DA:499,1
DA:500,1
DA:502,1
DA:536,1
DA:537,0
DA:538,0
DA:541,1
DA:542,0
DA:543,0
DA:546,1
DA:547,1
DA:548,1
DA:549,1
DA:550,1
DA:553,0
DA:560,1
DA:566,0
DA:567,0
DA:571,2
DA:572,0
DA:573,0
DA:574,0
DA:575,0
DA:576,0
DA:577,0
DA:579,0
DA:580,0
DA:581,0
DA:584,0
DA:588,0
DA:589,0
DA:590,0
DA:593,0
DA:602,0
DA:611,0
DA:620,0
DA:625,0
DA:626,0
DA:630,2
DA:631,1
DA:632,1
DA:633,1
DA:634,1
DA:635,1
DA:636,1
DA:638,1
DA:639,0
DA:640,0
DA:643,1
DA:644,1
DA:645,0
DA:646,0
DA:650,1
DA:651,0
DA:652,0
DA:655,1
DA:659,1
DA:660,0
DA:661,0
DA:664,1
DA:667,1
DA:668,0
DA:671,1
DA:676,1
DA:686,1
DA:695,1
DA:700,0
DA:701,0
DA:708,2
DA:709,0
DA:710,0
DA:711,0
DA:712,0
DA:713,0
DA:714,0
DA:716,0
DA:717,0
DA:718,0
DA:721,0
DA:725,0
DA:726,0
DA:727,0
DA:731,0
DA:732,0
DA:733,0
DA:736,0
DA:746,0
DA:755,0
DA:761,0
DA:762,0
DA:766,2
LF:245
LH:113
BRDA:10,0,0,4
BRDA:10,0,1,0
BRDA:10,0,2,0
BRDA:37,1,0,1
BRDA:37,1,1,1
BRDA:37,2,0,2
BRDA:37,2,1,2
BRDA:37,2,2,1
BRDA:37,2,3,1
BRDA:37,2,4,1
BRDA:37,2,5,1
BRDA:44,3,0,0
BRDA:44,3,1,1
BRDA:46,4,0,0
BRDA:46,4,1,0
BRDA:51,5,0,0
BRDA:51,5,1,0
BRDA:64,6,0,0
BRDA:64,6,1,0
BRDA:81,7,0,0
BRDA:81,7,1,0
BRDA:83,8,0,0
BRDA:83,8,1,0
BRDA:84,9,0,0
BRDA:84,9,1,0
BRDA:97,10,0,1
BRDA:97,10,1,0
BRDA:101,11,0,1
BRDA:101,11,1,0
BRDA:102,12,0,1
BRDA:102,12,1,1
BRDA:103,13,0,0
BRDA:103,13,1,1
BRDA:104,14,0,0
BRDA:104,14,1,1
BRDA:105,15,0,1
BRDA:105,15,1,1
BRDA:118,16,0,1
BRDA:118,16,1,0
BRDA:122,17,0,1
BRDA:122,17,1,1
BRDA:124,18,0,0
BRDA:124,18,1,1
BRDA:126,19,0,1
BRDA:126,19,1,0
BRDA:134,20,0,0
BRDA:134,20,1,1
BRDA:139,21,0,0
BRDA:139,21,1,0
BRDA:146,22,0,0
BRDA:146,22,1,1
BRDA:158,23,0,1
BRDA:158,23,1,0
BRDA:163,24,0,0
BRDA:163,24,1,1
BRDA:182,25,0,0
BRDA:182,25,1,1
BRDA:187,26,0,0
BRDA:187,26,1,1
BRDA:195,27,0,0
BRDA:195,27,1,1
BRDA:201,28,0,0
BRDA:201,28,1,0
BRDA:218,29,0,0
BRDA:218,29,1,0
BRDA:227,30,0,0
BRDA:227,30,1,0
BRDA:227,31,0,0
BRDA:227,31,1,0
BRDA:231,32,0,0
BRDA:231,32,1,0
BRDA:237,33,0,0
BRDA:237,33,1,1
BRDA:246,34,0,0
BRDA:246,34,1,1
BRDA:260,35,0,1
BRDA:260,35,1,0
BRDA:290,36,0,2
BRDA:290,37,0,2
BRDA:294,38,0,1
BRDA:294,38,1,1
BRDA:296,39,0,1
BRDA:296,39,1,0
BRDA:301,40,0,0
BRDA:301,40,1,1
BRDA:304,41,0,0
BRDA:304,41,1,0
BRDA:314,42,0,0
BRDA:314,42,1,0
BRDA:318,43,0,0
BRDA:318,43,1,2
BRDA:383,44,0,0
BRDA:383,44,1,1
BRDA:385,45,0,1
BRDA:385,45,1,0
BRDA:390,46,0,0
BRDA:390,46,1,1
BRDA:393,47,0,0
BRDA:393,47,1,0
BRDA:401,48,0,0
BRDA:401,48,1,0
BRDA:423,49,0,0
BRDA:423,49,1,1
BRDA:423,49,2,0
BRDA:423,49,3,0
BRDA:459,50,0,0
BRDA:459,50,1,0
BRDA:465,51,0,0
BRDA:465,51,1,0
BRDA:536,52,0,0
BRDA:536,52,1,1
BRDA:541,53,0,0
BRDA:541,53,1,1
BRDA:541,54,0,1
BRDA:541,54,1,0
BRDA:547,55,0,1
BRDA:547,55,1,0
BRDA:555,56,0,0
BRDA:555,56,1,0
BRDA:579,57,0,0
BRDA:579,57,1,0
BRDA:579,58,0,0
BRDA:579,58,1,0
BRDA:588,59,0,0
BRDA:588,59,1,0
BRDA:588,60,0,0
BRDA:588,60,1,0
BRDA:588,60,2,0
BRDA:606,61,0,0
BRDA:606,61,1,0
BRDA:638,62,0,0
BRDA:638,62,1,1
BRDA:644,63,0,0
BRDA:644,63,1,1
BRDA:650,64,0,0
BRDA:650,64,1,1
BRDA:650,65,0,1
BRDA:650,65,1,1
BRDA:650,65,2,0
BRDA:659,66,0,0
BRDA:659,66,1,1
BRDA:667,67,0,0
BRDA:667,67,1,1
BRDA:680,68,0,1
BRDA:680,68,1,0
BRDA:682,69,0,1
BRDA:682,69,1,1
BRDA:716,70,0,0
BRDA:716,70,1,0
BRDA:725,71,0,0
BRDA:725,71,1,0
BRDA:731,72,0,0
BRDA:731,72,1,0
BRDA:731,73,0,0
BRDA:731,73,1,0
BRDA:740,74,0,0
BRDA:740,74,1,0
BRF:157
BRH:58
end_of_record
TN:
SF:src/routes/ipc.ts
FN:25,(anonymous_1)
FN:32,(anonymous_2)
FN:37,(anonymous_3)
FN:57,(anonymous_4)
FN:59,(anonymous_5)
FN:60,(anonymous_6)
FN:76,(anonymous_7)
FN:79,(anonymous_8)
FNF:8
FNH:0
FNDA:0,(anonymous_1)
FNDA:0,(anonymous_2)
FNDA:0,(anonymous_3)
FNDA:0,(anonymous_4)
FNDA:0,(anonymous_5)
FNDA:0,(anonymous_6)
FNDA:0,(anonymous_7)
FNDA:0,(anonymous_8)
DA:1,2
DA:2,2
DA:3,2
DA:5,2
DA:15,2
DA:17,2
DA:18,2
DA:19,2
DA:20,2
DA:22,0
DA:25,2
DA:26,0
DA:27,0
DA:29,0
DA:31,0
DA:32,0
DA:35,0
DA:36,0
DA:37,0
DA:38,0
DA:44,0
DA:45,0
DA:47,0
DA:52,0
DA:53,0
DA:57,2
DA:58,0
DA:59,0
DA:60,0
DA:61,0
DA:66,0
DA:69,0
DA:71,0
DA:72,0
DA:76,2
DA:77,0
DA:78,0
DA:79,0
DA:81,0
DA:82,0
DA:83,0
DA:86,0
DA:88,0
DA:89,0
DA:93,2
LF:45
LH:13
BRDA:27,0,0,0
BRDA:31,1,0,0
BRDA:31,1,1,0
BRDA:35,2,0,0
BRDA:35,2,1,0
BRDA:38,3,0,0
BRDA:38,3,1,0
BRDA:38,3,2,0
BRDA:60,4,0,0
BRDA:60,4,1,0
BRDA:81,5,0,0
BRDA:81,5,1,0
BRF:12
BRH:0
end_of_record
TN:
SF:src/routes/notifications.ts
FN:11,(anonymous_1)
FN:32,(anonymous_2)
FNF:2
FNH:0
FNDA:0,(anonymous_1)
FNDA:0,(anonymous_2)
DA:1,2
DA:2,2
DA:3,2
DA:5,2
DA:11,2
DA:12,0
DA:13,0
DA:15,0
DA:21,0
DA:23,0
DA:24,0
DA:32,2
DA:33,0
DA:34,0
DA:36,0
DA:47,0
DA:49,0
DA:50,0
DA:54,2
LF:19
LH:7
BRF:0
BRH:0
end_of_record
TN:
SF:src/routes/roster.ts
FN:9,(anonymous_1)
FN:14,(anonymous_2)
FN:62,(anonymous_3)
FN:119,(anonymous_4)
FNF:4
FNH:0
FNDA:0,(anonymous_1)
FNDA:0,(anonymous_2)
FNDA:0,(anonymous_3)
FNDA:0,(anonymous_4)
DA:1,2
DA:2,2
DA:3,2
DA:4,2
DA:7,2
DA:9,2
DA:14,2
DA:15,0
DA:16,0
DA:18,0
DA:21,0
DA:22,0
DA:23,0
DA:25,0
DA:31,0
DA:32,0
DA:35,0
DA:52,0
DA:54,0
DA:55,0
DA:62,2
DA:63,0
DA:64,0
DA:65,0
DA:66,0
DA:76,0
DA:78,0
DA:79,0
DA:80,0
DA:83,0
DA:95,0
DA:105,0
DA:111,0
DA:112,0
DA:119,2
DA:120,0
DA:121,0
DA:122,0
DA:125,0
DA:137,0
DA:138,0
DA:139,0
DA:142,0
DA:151,0
DA:157,0
DA:158,0
DA:162,2
LF:47
LH:10
BRDA:9,0,0,0
BRDA:9,0,1,0
BRDA:9,0,2,0
BRDA:21,1,0,0
BRDA:21,1,1,0
BRDA:31,2,0,0
BRDA:31,2,1,0
BRDA:78,3,0,0
BRDA:78,3,1,0
BRDA:78,4,0,0
BRDA:78,4,1,0
BRDA:78,4,2,0
BRDA:87,5,0,0
BRDA:87,5,1,0
BRDA:89,6,0,0
BRDA:89,6,1,0
BRDA:137,7,0,0
BRDA:137,7,1,0
BRDA:146,8,0,0
BRDA:146,8,1,0
BRDA:147,9,0,0
BRDA:147,9,1,0
BRDA:147,10,0,0
BRDA:147,10,1,0
BRF:24
BRH:0
end_of_record
