TN:
SF:src/lib/access-control.ts
FN:82,hasPermission
FN:91,isResourceOwner
FN:100,canAccessFIR
FN:128,canAccessDocument
FN:155,canAccessUser
FN:184,getRolePermissions
FN:205,logAccessAttempt
FN:213,canAccessRoute
FNF:8
FNH:0
FNDA:0,hasPermission
FNDA:0,isResourceOwner
FNDA:0,canAccessFIR
FNDA:0,canAccessDocument
FNDA:0,canAccessUser
FNDA:0,getRolePermissions
FNDA:0,logAccessAttempt
FNDA:0,canAccessRoute
DA:55,2
DA:82,2
DA:83,0
DA:84,0
DA:85,0
DA:91,2
DA:92,0
DA:100,2
DA:107,0
DA:108,0
DA:115,0
DA:116,0
DA:122,0
DA:128,2
DA:134,0
DA:135,0
DA:142,0
DA:143,0
DA:149,0
DA:155,2
DA:161,0
DA:162,0
DA:169,0
DA:172,0
DA:178,0
DA:184,2
DA:185,0
DA:205,2
DA:207,0
DA:213,2
DA:214,0
DA:223,0
DA:224,0
LF:33
LH:9
BRDA:84,0,0,0
BRDA:84,0,1,0
BRDA:107,1,0,0
BRDA:107,1,1,0
BRDA:115,2,0,0
BRDA:115,2,1,0
BRDA:115,3,0,0
BRDA:115,3,1,0
BRDA:134,4,0,0
BRDA:134,4,1,0
BRDA:142,5,0,0
BRDA:142,5,1,0
BRDA:142,6,0,0
BRDA:142,6,1,0
BRDA:161,7,0,0
BRDA:161,7,1,0
BRDA:169,8,0,0
BRDA:169,8,1,0
BRDA:169,9,0,0
BRDA:169,9,1,0
BRDA:169,9,2,0
BRDA:169,9,3,0
BRDA:223,10,0,0
BRDA:223,10,1,0
BRF:24
BRH:0
end_of_record
TN:
SF:src/lib/audit-logger.ts
FN:22,logAudit
FN:49,logAuthAttempt
FN:69,logFIROperation
FN:92,logUserOperation
FN:114,queryAuditLogs
FN:158,(anonymous_5)
FNF:6
FNH:2
FNDA:16,logAudit
FNDA:10,logAuthAttempt
FNDA:0,logFIROperation
FNDA:0,logUserOperation
FNDA:0,queryAuditLogs
FNDA:0,(anonymous_5)
DA:1,2
DA:2,2
DA:22,2
DA:23,16
DA:24,16
DA:29,16
DA:30,16
DA:31,16
DA:32,16
DA:33,16
DA:34,16
DA:35,16
DA:36,16
DA:37,16
DA:38,16
DA:40,16
DA:42,0
DA:49,2
DA:56,10
DA:69,2
DA:77,0
DA:92,2
DA:100,0
DA:114,2
DA:124,0
DA:126,0
DA:127,0
DA:128,0
DA:129,0
DA:131,0
DA:132,0
DA:133,0
DA:134,0
DA:137,0
DA:157,0
DA:158,0
LF:36
LH:21
BRDA:26,0,0,16
BRDA:26,0,1,5
BRDA:29,1,0,6
BRDA:29,1,1,10
BRDA:30,2,0,6
BRDA:30,2,1,10
BRDA:31,3,0,13
BRDA:31,3,1,3
BRDA:32,4,0,0
BRDA:32,4,1,16
BRDA:33,5,0,0
BRDA:33,5,1,16
BRDA:34,6,0,16
BRDA:34,6,1,0
BRDA:35,7,0,12
BRDA:35,7,1,4
BRDA:36,8,0,4
BRDA:36,8,1,12
BRDA:37,9,0,8
BRDA:37,9,1,8
BRDA:38,10,0,3
BRDA:38,10,1,13
BRDA:58,11,0,3
BRDA:58,11,1,7
BRDA:126,12,0,0
BRDA:126,12,1,0
BRDA:127,13,0,0
BRDA:127,13,1,0
BRDA:128,14,0,0
BRDA:128,14,1,0
BRDA:129,15,0,0
BRDA:129,15,1,0
BRDA:131,16,0,0
BRDA:131,16,1,0
BRDA:131,17,0,0
BRDA:131,17,1,0
BRDA:133,18,0,0
BRDA:133,18,1,0
BRDA:134,19,0,0
BRDA:134,19,1,0
BRDA:141,20,0,0
BRDA:141,20,1,0
BRDA:142,21,0,0
BRDA:142,21,1,0
BRDA:160,22,0,0
BRDA:160,22,1,0
BRDA:163,23,0,0
BRDA:163,23,1,0
BRDA:164,24,0,0
BRDA:164,24,1,0
BRF:50
BRH:21
end_of_record
TN:
SF:src/lib/auth-middleware.ts
FN:18,authenticateToken
FN:59,checkPermission
FN:122,requireRole
FN:123,(anonymous_3)
FNF:4
FNH:3
FNDA:10,authenticateToken
FNDA:0,checkPermission
FNDA:32,requireRole
FNDA:6,(anonymous_3)
DA:2,2
DA:3,2
DA:18,2
DA:19,10
DA:21,10
DA:22,10
DA:24,10
DA:25,10
DA:29,10
DA:30,0
DA:33,10
DA:34,0
DA:35,0
DA:39,10
DA:40,10
DA:41,0
DA:42,0
DA:46,10
DA:47,0
DA:48,0
DA:51,10
DA:52,10
DA:55,0
DA:59,2
DA:65,0
DA:68,0
DA:69,0
DA:80,0
DA:87,0
DA:88,0
DA:99,0
DA:106,0
DA:116,0
DA:122,2
DA:123,32
DA:124,6
DA:125,0
DA:126,0
DA:129,6
DA:130,2
DA:133,2
DA:135,4
LF:42
LH:23
BRDA:24,0,0,10
BRDA:24,0,1,0
BRDA:24,1,0,10
BRDA:24,1,1,10
BRDA:29,2,0,0
BRDA:29,2,1,10
BRDA:29,3,0,10
BRDA:29,3,1,0
BRDA:33,4,0,0
BRDA:33,4,1,10
BRDA:40,5,0,0
BRDA:40,5,1,10
BRDA:46,6,0,0
BRDA:46,6,1,10
BRDA:68,7,0,0
BRDA:68,7,1,0
BRDA:75,8,0,0
BRDA:75,8,1,0
BRDA:87,9,0,0
BRDA:87,9,1,0
BRDA:87,10,0,0
BRDA:87,10,1,0
BRDA:87,10,2,0
BRDA:112,11,0,0
BRDA:112,11,1,0
BRDA:124,12,0,0
BRDA:124,12,1,6
BRDA:129,13,0,2
BRDA:129,13,1,4
BRF:29
BRH:11
end_of_record
TN:
SF:src/lib/jwt.ts
FN:9,randomHex
FN:15,(anonymous_2)
FN:43,generateAccessToken
FN:54,generateRefreshToken
FN:64,verifyAccessToken
FN:79,verifyRefreshToken
FNF:6
FNH:3
FNDA:0,randomHex
FNDA:0,(anonymous_2)
FNDA:6,generateAccessToken
FNDA:1,generateRefreshToken
FNDA:12,verifyAccessToken
FNDA:0,verifyRefreshToken
DA:6,2
DA:10,0
DA:11,0
DA:12,0
DA:13,0
DA:14,0
DA:15,0
DA:21,0
DA:25,2
DA:26,2
DA:27,2
DA:28,2
DA:43,2
DA:44,6
DA:54,2
DA:55,1
DA:64,2
DA:65,12
DA:66,12
DA:70,12
DA:72,0
DA:79,2
DA:80,0
DA:81,0
DA:84,0
DA:86,0
LF:26
LH:14
BRDA:12,0,0,0
BRDA:12,0,1,0
BRDA:12,1,0,0
BRDA:12,1,1,0
BRDA:25,2,0,2
BRDA:25,2,1,0
BRDA:26,3,0,2
BRDA:26,3,1,0
BRF:8
BRH:2
end_of_record
TN:
SF:src/lib/password-service.ts
FN:4,validatePasswordStrength
FN:36,checkPasswordHistory
FN:50,updatePasswordHistory
FN:70,generateResetToken
FN:77,createPasswordResetRequest
FN:93,verifyResetToken
FN:130,markResetTokenUsed
FN:142,approvePasswordReset
FN:156,getPendingResetRequests
FNF:9
FNH:1
FNDA:3,validatePasswordStrength
FNDA:0,checkPasswordHistory
FNDA:0,updatePasswordHistory
FNDA:0,generateResetToken
FNDA:0,createPasswordResetRequest
FNDA:0,verifyResetToken
FNDA:0,markResetTokenUsed
FNDA:0,approvePasswordReset
FNDA:0,getPendingResetRequests
DA:1,2
DA:2,2
DA:4,2
DA:8,3
DA:10,3
DA:11,1
DA:14,3
DA:15,1
DA:18,3
DA:19,0
DA:22,3
DA:23,1
DA:26,3
DA:27,1
DA:30,3
DA:36,2
DA:40,0
DA:42,0
DA:43,0
DA:44,0
DA:46,0
DA:50,2
DA:54,0
DA:56,0
DA:57,0
DA:58,0
DA:60,0
DA:64,0
DA:65,0
DA:67,0
DA:70,2
DA:71,0
DA:72,0
DA:74,0
DA:77,2
DA:78,0
DA:79,0
DA:81,0
DA:90,0
DA:93,2
DA:98,0
DA:100,0
DA:105,0
DA:106,0
DA:109,0
DA:110,0
DA:113,0
DA:114,0
DA:117,0
DA:118,0
DA:124,0
DA:130,2
DA:131,0
DA:133,0
DA:142,2
DA:146,0
DA:156,2
DA:157,0
LF:58
LH:22
BRDA:10,0,0,1
BRDA:10,0,1,2
BRDA:14,1,0,1
BRDA:14,1,1,2
BRDA:18,2,0,0
BRDA:18,2,1,3
BRDA:22,3,0,1
BRDA:22,3,1,2
BRDA:26,4,0,1
BRDA:26,4,1,2
BRDA:40,5,0,0
BRDA:40,5,1,0
BRDA:56,6,0,0
BRDA:56,6,1,0
BRDA:105,7,0,0
BRDA:105,7,1,0
BRDA:109,8,0,0
BRDA:109,8,1,0
BRDA:113,9,0,0
BRDA:113,9,1,0
BRDA:117,10,0,0
BRDA:117,10,1,0
BRDA:117,11,0,0
BRDA:117,11,1,0
BRF:24
BRH:9
end_of_record
TN:
SF:src/lib/prisma.ts
FNF:0
FNH:0
DA:1,2
DA:2,2
DA:3,2
DA:4,2
DA:6,2
DA:9,2
DA:14,2
DA:15,2
DA:16,2
DA:17,0
DA:19,2
DA:22,2
DA:25,2
DA:26,2
DA:28,2
DA:29,2
DA:34,2
DA:35,2
DA:42,2
DA:48,2
DA:50,2
LF:21
LH:20
BRDA:9,0,0,2
BRDA:9,0,1,0
BRDA:9,0,2,0
BRDA:9,0,3,0
BRDA:14,1,0,2
BRDA:14,1,1,0
BRDA:14,2,0,2
BRDA:14,2,1,0
BRDA:16,3,0,0
BRDA:16,3,1,2
BRDA:19,4,0,0
BRDA:19,4,1,2
BRDA:25,5,0,2
BRDA:25,5,1,0
BRDA:25,6,0,2
BRDA:25,6,1,2
BRDA:43,7,0,2
BRDA:43,7,1,2
BRDA:45,8,0,0
BRDA:45,8,1,2
BRDA:48,9,0,2
BRDA:48,9,1,0
BRF:22
BRH:12
end_of_record
TN:
SF:src/lib/security-middleware.ts
FN:30,(anonymous_1)
FN:32,(anonymous_2)
FN:45,(anonymous_3)
FNF:3
FNH:3
FNDA:64,(anonymous_1)
FNDA:136,(anonymous_2)
FNDA:25,(anonymous_3)
DA:1,2
DA:2,2
DA:3,2
DA:7,2
DA:16,2
DA:24,2
DA:26,2
DA:30,64
DA:32,2
DA:33,136
DA:34,72
DA:35,72
DA:36,71
DA:37,71
DA:38,65
DA:40,71
DA:42,1
DA:45,2
DA:46,25
DA:47,21
DA:49,25
DA:50,25
DA:51,25
DA:52,25
DA:53,0
DA:55,25
DA:58,25
DA:59,25
DA:60,25
DA:61,25
DA:62,0
DA:64,25
DA:67,25
LF:33
LH:31
BRDA:33,0,0,64
BRDA:33,0,1,72
BRDA:34,1,0,0
BRDA:34,1,1,72
BRDA:35,2,0,71
BRDA:35,2,1,1
BRDA:35,3,0,72
BRDA:35,3,1,71
BRDA:46,4,0,21
BRDA:46,4,1,4
BRDA:49,5,0,25
BRDA:49,5,1,0
BRDA:51,6,0,25
BRDA:51,6,1,0
BRDA:51,7,0,25
BRDA:51,7,1,25
BRDA:58,8,0,25
BRDA:58,8,1,0
BRDA:60,9,0,25
BRDA:60,9,1,0
BRDA:60,10,0,25
BRDA:60,10,1,25
BRF:22
BRH:17
end_of_record
TN:
SF:src/lib/security.ts
FN:19,checkRateLimit
FN:41,trackFailedLogin
FN:74,resetFailedLoginAttempts
FN:84,isAccountLocked
FN:110,unlockAccount
FN:121,sanitizeInput
FN:129,isValidEmail
FN:134,isValidMobile
FN:140,normalizeMobile
FN:144,generateSecureToken
FN:148,(anonymous_15)
FN:151,cleanupRateLimits
FN:168,encodeBase64
FN:172,decodeBase64
FN:176,generateSalt
FN:179,(anonymous_20)
FN:182,hashWithSalt
FN:187,(anonymous_22)
FN:190,hashPassword
FN:196,verifyPassword
FN:200,deriveKey
FN:224,encryptAES
FN:244,decryptAES
FN:245,(anonymous_28)
FN:262,generateRSAKeyPair
FN:283,encryptRSA
FN:285,(anonymous_31)
FN:304,decryptRSA
FN:305,(anonymous_33)
FN:306,(anonymous_34)
FN:325,generateRSASigningKeyPair
FN:346,signData
FN:348,(anonymous_37)
FN:367,verifySignature
FN:369,(anonymous_39)
FN:370,(anonymous_40)
FN:388,generateFIRNumber
FN:395,ensureEncryptionKey
FN:410,encryptData
FN:415,decryptData
FNF:40
FNH:17
FNDA:13,checkRateLimit
FNDA:5,trackFailedLogin
FNDA:3,resetFailedLoginAttempts
FNDA:10,isAccountLocked
FNDA:0,unlockAccount
FNDA:14,sanitizeInput
FNDA:3,isValidEmail
FNDA:3,isValidMobile
FNDA:13,normalizeMobile
FNDA:0,generateSecureToken
FNDA:0,(anonymous_15)
FNDA:0,cleanupRateLimits
FNDA:0,encodeBase64
FNDA:0,decodeBase64
FNDA:0,generateSalt
FNDA:0,(anonymous_20)
FNDA:0,hashWithSalt
FNDA:0,(anonymous_22)
FNDA:3,hashPassword
FNDA:8,verifyPassword
FNDA:2,deriveKey
FNDA:1,encryptAES
FNDA:1,decryptAES
FNDA:376,(anonymous_28)
FNDA:0,generateRSAKeyPair
FNDA:0,encryptRSA
FNDA:0,(anonymous_31)
FNDA:0,decryptRSA
FNDA:0,(anonymous_33)
FNDA:0,(anonymous_34)
FNDA:0,generateRSASigningKeyPair
FNDA:0,signData
FNDA:0,(anonymous_37)
FNDA:0,verifySignature
FNDA:0,(anonymous_39)
FNDA:0,(anonymous_40)
FNDA:0,generateFIRNumber
FNDA:2,ensureEncryptionKey
FNDA:1,encryptData
FNDA:1,decryptData
DA:1,2
DA:2,2
DA:3,2
DA:4,2
DA:6,2
DA:8,2
DA:10,2
DA:11,2
DA:13,2
DA:14,2
DA:15,2
DA:16,2
DA:17,2
DA:19,2
DA:20,13
DA:21,13
DA:22,13
DA:24,13
DA:25,1
DA:29,1
DA:32,12
DA:33,0
DA:36,12
DA:37,12
DA:38,12
DA:41,2
DA:47,5
DA:54,5
DA:56,5
DA:58,5
DA:59,1
DA:60,1
DA:68,1
DA:71,4
DA:74,2
DA:75,3
DA:84,2
DA:85,10
DA:90,10
DA:92,10
DA:93,2
DA:94,0
DA:102,0
DA:104,2
DA:107,8
DA:110,2
DA:111,0
DA:121,2
DA:122,14
DA:129,2
DA:130,3
DA:131,3
DA:134,2
DA:135,3
DA:136,3
DA:137,3
DA:140,2
DA:141,13
DA:144,2
DA:145,0
DA:146,0
DA:147,0
DA:148,0
DA:151,2
DA:152,0
DA:153,0
DA:154,0
DA:155,0
DA:158,0
DA:159,0
DA:160,0
DA:165,2
DA:166,2
DA:168,2
DA:169,0
DA:172,2
DA:173,0
DA:176,2
DA:177,0
DA:178,0
DA:179,0
DA:182,2
DA:183,0
DA:184,0
DA:185,0
DA:186,0
DA:187,0
DA:190,2
DA:191,3
DA:192,3
DA:193,3
DA:196,2
DA:197,8
DA:201,2
DA:202,2
DA:210,2
DA:224,2
DA:225,1
DA:226,1
DA:227,1
DA:228,1
DA:230,1
DA:236,1
DA:237,1
DA:238,1
DA:239,1
DA:241,1
DA:244,2
DA:245,376
DA:247,1
DA:248,1
DA:249,1
DA:251,1
DA:253,1
DA:259,1
DA:262,2
DA:263,0
DA:274,0
DA:275,0
DA:277,0
DA:283,2
DA:284,0
DA:285,0
DA:287,0
DA:295,0
DA:301,0
DA:304,2
DA:305,0
DA:306,0
DA:308,0
DA:316,0
DA:322,0
DA:325,2
DA:326,0
DA:337,0
DA:338,0
DA:340,0
DA:346,2
DA:347,0
DA:348,0
DA:350,0
DA:358,0
DA:364,0
DA:367,2
DA:368,0
DA:369,0
DA:370,0
DA:372,0
DA:380,0
DA:388,2
DA:389,0
DA:390,0
DA:391,0
DA:394,2
DA:396,2
DA:397,2
DA:398,0
DA:399,0
DA:401,0
DA:402,0
DA:403,0
DA:405,0
DA:407,2
DA:410,2
DA:411,1
DA:412,1
DA:415,2
DA:416,1
DA:417,1
LF:169
LH:107
BRDA:6,0,0,2
BRDA:6,0,1,0
BRDA:24,1,0,1
BRDA:24,1,1,12
BRDA:24,2,0,13
BRDA:24,2,1,12
BRDA:32,3,0,0
BRDA:32,3,1,12
BRDA:58,4,0,1
BRDA:58,4,1,4
BRDA:90,5,0,0
BRDA:90,5,1,10
BRDA:92,6,0,2
BRDA:92,6,1,8
BRDA:93,7,0,0
BRDA:93,7,1,2
BRDA:93,8,0,2
BRDA:93,8,1,2
BRDA:144,9,0,0
BRDA:154,10,0,0
BRDA:154,10,1,0
BRDA:159,11,0,0
BRDA:159,11,1,0
BRDA:176,12,0,0
BRDA:388,13,0,0
BRDA:397,14,0,0
BRDA:397,14,1,2
BRDA:398,15,0,0
BRDA:398,15,1,0
BRDA:401,16,0,0
BRDA:401,16,1,0
BRF:31
BRH:15
end_of_record
TN:
SF:src/lib/session-service.ts
FN:9,createSession
FN:35,verifySession
FN:72,revokeSession
FN:87,revokeAllUserSessions
FN:100,getUserSessions
FN:114,cleanupExpiredSessions
FNF:6
FNH:1
FNDA:1,createSession
FNDA:0,verifySession
FNDA:0,revokeSession
FNDA:0,revokeAllUserSessions
FNDA:0,getUserSessions
FNDA:0,cleanupExpiredSessions
DA:1,2
DA:2,2
DA:4,2
DA:9,2
DA:14,1
DA:15,1
DA:16,1
DA:18,1
DA:24,1
DA:25,1
DA:27,1
DA:29,1
DA:35,2
DA:39,0
DA:41,0
DA:45,0
DA:46,0
DA:49,0
DA:50,0
DA:53,0
DA:54,0
DA:58,0
DA:63,0
DA:72,2
DA:73,0
DA:75,0
DA:87,2
DA:88,0
DA:100,2
DA:101,0
DA:114,2
DA:115,0
LF:32
LH:17
BRDA:24,0,0,1
BRDA:24,0,1,0
BRDA:25,1,0,1
BRDA:25,1,1,0
BRDA:45,2,0,0
BRDA:45,2,1,0
BRDA:49,3,0,0
BRDA:49,3,1,0
BRDA:53,4,0,0
BRDA:53,4,1,0
BRF:10
BRH:2
end_of_record
TN:
SF:src/lib/totp-service.ts
FN:20,generateTOTPSecret
FN:44,verifyTOTP
FN:57,generateRecoveryCodes
FNF:3
FNH:2
FNDA:0,generateTOTPSecret
FNDA:5,verifyTOTP
FNDA:1,generateRecoveryCodes
DA:6,2
DA:7,2
DA:9,2
DA:20,2
DA:21,0
DA:27,0
DA:28,0
DA:31,0
DA:33,0
DA:44,2
DA:45,5
DA:57,2
DA:58,1
DA:59,1
DA:60,10
DA:61,10
DA:63,1
LF:17
LH:12
BRDA:27,0,0,0
BRDA:27,0,1,0
BRF:2
BRH:0
end_of_record
TN:
SF:src/routes/admin.ts
FN:13,(anonymous_1)
FN:15,(anonymous_2)
FN:92,(anonymous_3)
FN:169,(anonymous_4)
FN:241,(anonymous_5)
FN:289,(anonymous_6)
FN:326,(anonymous_7)
FN:355,(anonymous_8)
FN:365,(anonymous_9)
FN:382,(anonymous_10)
FN:415,(anonymous_11)
FNF:11
FNH:0
FNDA:0,(anonymous_1)
FNDA:0,(anonymous_2)
FNDA:0,(anonymous_3)
FNDA:0,(anonymous_4)
FNDA:0,(anonymous_5)
FNDA:0,(anonymous_6)
FNDA:0,(anonymous_7)
FNDA:0,(anonymous_8)
FNDA:0,(anonymous_9)
FNDA:0,(anonymous_10)
FNDA:0,(anonymous_11)
DA:1,2
DA:2,2
DA:3,2
DA:4,2
DA:6,2
DA:7,2
DA:8,2
DA:11,2
DA:13,2
DA:15,2
DA:16,0
DA:17,0
DA:18,0
DA:19,0
DA:21,0
DA:23,0
DA:24,0
DA:25,0
DA:28,0
DA:37,0
DA:38,0
DA:39,0
DA:42,0
DA:43,0
DA:45,0
DA:62,0
DA:72,0
DA:87,0
DA:88,0
DA:92,2
DA:93,0
DA:94,0
DA:95,0
DA:96,0
DA:98,0
DA:100,0
DA:101,0
DA:102,0
DA:105,0
DA:114,0
DA:115,0
DA:116,0
DA:119,0
DA:120,0
DA:122,0
DA:139,0
DA:149,0
DA:164,0
DA:165,0
DA:169,2
DA:170,0
DA:171,0
DA:172,0
DA:173,0
DA:175,0
DA:177,0
DA:178,0
DA:179,0
DA:182,0
DA:191,0
DA:192,0
DA:193,0
DA:196,0
DA:197,0
DA:199,0
DA:213,0
DA:223,0
DA:236,0
DA:237,0
DA:241,2
DA:242,0
DA:243,0
DA:245,0
DA:246,0
DA:247,0
DA:248,0
DA:250,0
DA:252,0
DA:276,0
DA:284,0
DA:285,0
DA:289,2
DA:290,0
DA:291,0
DA:293,0
DA:314,0
DA:315,0
DA:316,0
DA:319,0
DA:321,0
DA:322,0
DA:326,2
DA:327,0
DA:328,0
DA:329,0
DA:330,0
DA:331,0
DA:333,0
DA:335,0
DA:345,0
DA:350,0
DA:351,0
DA:355,2
DA:356,0
DA:357,0
DA:358,0
DA:360,0
DA:361,0
DA:365,2
DA:366,0
DA:367,0
DA:368,0
DA:370,0
DA:372,0
DA:377,0
DA:378,0
DA:382,2
DA:383,0
DA:384,0
DA:386,0
DA:397,0
DA:399,0
DA:407,0
DA:408,0
DA:415,2
DA:416,0
DA:417,0
DA:418,0
DA:419,0
DA:421,0
DA:430,0
DA:432,0
DA:441,0
DA:442,0
DA:443,0
DA:445,0
DA:446,0
DA:450,2
LF:138
LH:20
BRDA:13,0,0,0
BRDA:13,0,1,0
BRDA:13,0,2,0
BRDA:23,1,0,0
BRDA:23,1,1,0
BRDA:23,2,0,0
BRDA:23,2,1,0
BRDA:23,2,2,0
BRDA:23,2,3,0
BRDA:23,2,4,0
BRDA:37,3,0,0
BRDA:37,3,1,0
BRDA:55,4,0,0
BRDA:55,4,1,0
BRDA:100,5,0,0
BRDA:100,5,1,0
BRDA:100,6,0,0
BRDA:100,6,1,0
BRDA:100,6,2,0
BRDA:100,6,3,0
BRDA:100,6,4,0
BRDA:114,7,0,0
BRDA:114,7,1,0
BRDA:177,8,0,0
BRDA:177,8,1,0
BRDA:177,9,0,0
BRDA:177,9,1,0
BRDA:177,9,2,0
BRDA:191,10,0,0
BRDA:191,10,1,0
BRDA:243,11,0,0
BRDA:243,12,0,0
BRDA:246,13,0,0
BRDA:246,13,1,0
BRDA:247,14,0,0
BRDA:247,14,1,0
BRDA:248,15,0,0
BRDA:248,15,1,0
BRDA:314,16,0,0
BRDA:314,16,1,0
BRDA:384,17,0,0
BRDA:384,18,0,0
BRDA:387,19,0,0
BRDA:387,19,1,0
BRDA:389,20,0,0
BRDA:389,20,1,0
BRDA:390,21,0,0
BRDA:390,21,1,0
BRDA:391,22,0,0
BRDA:391,22,1,0
BRDA:392,23,0,0
BRDA:392,23,1,0
BRDA:423,24,0,0
BRDA:423,24,1,0
BRDA:424,25,0,0
BRDA:424,25,1,0
BRDA:425,26,0,0
BRDA:425,26,1,0
BRDA:426,27,0,0
BRDA:426,27,1,0
BRF:60
BRH:0
end_of_record
TN:
SF:src/routes/auth.ts
FN:34,verifyAadhaar
FN:49,(anonymous_2)
FN:50,(anonymous_3)
FN:55,(anonymous_4)
FN:83,(anonymous_5)
FN:163,(anonymous_6)
FN:168,(anonymous_7)
FN:188,(anonymous_8)
FN:230,(anonymous_9)
FN:257,(anonymous_10)
FN:290,(anonymous_11)
FN:421,(anonymous_12)
FN:469,(anonymous_13)
FN:498,(anonymous_14)
FN:541,(anonymous_15)
FN:638,(anonymous_16)
FN:755,(anonymous_17)
FN:810,(anonymous_18)
FN:901,(anonymous_19)
FN:978,(anonymous_20)
FN:1008,(anonymous_21)
FN:1059,(anonymous_22)
FNF:22
FNH:9
FNDA:3,verifyAadhaar
FNDA:15,(anonymous_2)
FNDA:15,(anonymous_3)
FNDA:0,(anonymous_4)
FNDA:3,(anonymous_5)
FNDA:10,(anonymous_6)
FNDA:1,(anonymous_7)
FNDA:10,(anonymous_8)
FNDA:0,(anonymous_9)
FNDA:0,(anonymous_10)
FNDA:10,(anonymous_11)
FNDA:0,(anonymous_12)
FNDA:0,(anonymous_13)
FNDA:0,(anonymous_14)
FNDA:2,(anonymous_15)
FNDA:0,(anonymous_16)
FNDA:0,(anonymous_17)
FNDA:0,(anonymous_18)
FNDA:0,(anonymous_19)
FNDA:0,(anonymous_20)
FNDA:0,(anonymous_21)
FNDA:0,(anonymous_22)
DA:6,2
DA:8,2
DA:9,2
DA:10,2
DA:11,2
DA:19,2
DA:37,3
DA:38,3
DA:41,2
DA:42,2
DA:43,2
DA:44,2
DA:45,2
DA:47,2
DA:49,15
DA:50,15
DA:55,2
DA:56,0
DA:57,0
DA:59,0
DA:60,0
DA:61,0
DA:65,0
DA:67,0
DA:75,0
DA:76,0
DA:83,2
DA:84,3
DA:85,3
DA:86,3
DA:89,3
DA:90,0
DA:91,0
DA:94,3
DA:97,3
DA:98,0
DA:99,0
DA:103,3
DA:104,0
DA:105,0
DA:109,3
DA:110,3
DA:111,0
DA:112,0
DA:115,3
DA:116,3
DA:117,3
DA:118,0
DA:119,0
DA:123,3
DA:124,3
DA:126,3
DA:127,0
DA:128,0
DA:131,3
DA:132,0
DA:133,0
DA:137,3
DA:138,3
DA:139,1
DA:140,1
DA:144,2
DA:153,2
DA:154,1
DA:155,1
DA:159,1
DA:162,1
DA:163,10
DA:168,1
DA:169,1
DA:187,1
DA:188,10
DA:194,1
DA:198,1
DA:208,1
DA:222,0
DA:223,0
DA:230,2
DA:231,0
DA:232,0
DA:234,0
DA:235,0
DA:236,0
DA:243,0
DA:252,0
DA:253,0
DA:257,2
DA:258,0
DA:259,0
DA:261,0
DA:262,0
DA:263,0
DA:270,0
DA:271,0
DA:272,0
DA:275,0
DA:282,0
DA:283,0
DA:290,2
DA:291,10
DA:292,10
DA:293,10
DA:296,10
DA:297,0
DA:298,0
DA:301,10
DA:303,10
DA:304,0
DA:305,0
DA:308,10
DA:309,10
DA:312,10
DA:322,10
DA:323,0
DA:324,0
DA:325,0
DA:329,10
DA:330,10
DA:331,2
DA:332,2
DA:336,2
DA:340,8
DA:341,8
DA:342,5
DA:344,5
DA:345,1
DA:350,4
DA:355,5
DA:359,3
DA:362,3
DA:363,0
DA:371,0
DA:376,0
DA:380,3
DA:381,0
DA:389,0
DA:394,0
DA:398,3
DA:405,3
DA:407,3
DA:413,0
DA:414,0
DA:421,2
DA:422,0
DA:423,0
DA:424,0
DA:426,0
DA:430,0
DA:431,0
DA:432,0
DA:436,0
DA:439,0
DA:446,0
DA:454,0
DA:461,0
DA:462,0
DA:469,2
DA:470,0
DA:471,0
DA:472,0
DA:473,0
DA:475,0
DA:476,0
DA:477,0
DA:480,0
DA:484,0
DA:485,0
DA:486,0
DA:490,0
DA:491,0
DA:492,0
DA:493,0
DA:497,0
DA:498,0
DA:504,0
DA:518,0
DA:527,0
DA:533,0
DA:534,0
DA:541,2
DA:542,2
DA:543,2
DA:544,2
DA:545,2
DA:547,2
DA:548,0
DA:549,0
DA:552,2
DA:553,2
DA:554,0
DA:555,0
DA:558,2
DA:562,2
DA:563,0
DA:564,0
DA:568,2
DA:569,2
DA:570,1
DA:580,1
DA:581,1
DA:585,1
DA:586,1
DA:592,1
DA:594,1
DA:604,1
DA:611,1
DA:618,1
DA:630,0
DA:631,0
DA:638,2
DA:639,0
DA:640,0
DA:641,0
DA:642,0
DA:644,0
DA:645,0
DA:646,0
DA:649,0
DA:650,0
DA:651,0
DA:652,0
DA:655,0
DA:659,0
DA:660,0
DA:661,0
DA:665,0
DA:668,0
DA:676,0
DA:677,0
DA:687,0
DA:688,0
DA:692,0
DA:701,0
DA:702,0
DA:708,0
DA:710,0
DA:720,0
DA:727,0
DA:734,0
DA:747,0
DA:748,0
DA:755,2
DA:756,0
DA:757,0
DA:758,0
DA:760,0
DA:761,0
DA:762,0
DA:765,0
DA:770,0
DA:771,0
DA:775,0
DA:779,0
DA:781,0
DA:791,0
DA:792,0
DA:795,0
DA:802,0
DA:803,0
DA:810,2
DA:811,0
DA:812,0
DA:813,0
DA:815,0
DA:816,0
DA:817,0
DA:821,0
DA:822,0
DA:823,0
DA:824,0
DA:828,0
DA:829,0
DA:830,0
DA:831,0
DA:833,0
DA:835,0
DA:838,0
DA:839,0
DA:840,0
DA:843,0
DA:847,0
DA:848,0
DA:849,0
DA:853,0
DA:856,0
DA:857,0
DA:858,0
DA:862,0
DA:863,0
DA:875,0
DA:878,0
DA:880,0
DA:888,0
DA:893,0
DA:894,0
DA:901,2
DA:902,0
DA:903,0
DA:904,0
DA:905,0
DA:907,0
DA:908,0
DA:909,0
DA:912,0
DA:916,0
DA:917,0
DA:918,0
DA:922,0
DA:923,0
DA:924,0
DA:925,0
DA:929,0
DA:930,0
DA:931,0
DA:932,0
DA:936,0
DA:939,0
DA:940,0
DA:941,0
DA:945,0
DA:946,0
DA:957,0
DA:965,0
DA:970,0
DA:971,0
DA:978,2
DA:979,0
DA:980,0
DA:981,0
DA:983,0
DA:984,0
DA:987,0
DA:992,0
DA:993,0
DA:995,0
DA:1000,0
DA:1001,0
DA:1008,2
DA:1009,0
DA:1010,0
DA:1012,0
DA:1013,0
DA:1014,0
DA:1017,0
DA:1018,0
DA:1019,0
DA:1020,0
DA:1023,0
DA:1027,0
DA:1028,0
DA:1029,0
DA:1032,0
DA:1039,0
DA:1046,0
DA:1051,0
DA:1052,0
DA:1059,2
DA:1060,0
DA:1061,0
DA:1062,0
DA:1063,0
DA:1065,0
DA:1066,0
DA:1067,0
DA:1071,0
DA:1072,0
DA:1073,0
DA:1076,0
DA:1084,0
DA:1093,0
DA:1099,0
DA:1100,0
DA:1104,2
LF:373
LH:115
BRDA:38,0,0,3
BRDA:38,0,1,3
BRDA:49,1,0,15
BRDA:49,1,1,0
BRDA:49,1,2,0
BRDA:50,2,0,15
BRDA:50,2,1,15
BRDA:59,3,0,0
BRDA:59,3,1,0
BRDA:89,4,0,0
BRDA:89,4,1,3
BRDA:89,5,0,3
BRDA:89,5,1,0
BRDA:97,6,0,0
BRDA:97,6,1,3
BRDA:97,7,0,3
BRDA:97,7,1,3
BRDA:97,7,2,3
BRDA:97,7,3,3
BRDA:103,8,0,0
BRDA:103,8,1,3
BRDA:103,9,0,3
BRDA:103,9,1,3
BRDA:110,10,0,0
BRDA:110,10,1,3
BRDA:115,11,0,3
BRDA:115,11,1,0
BRDA:117,12,0,0
BRDA:117,12,1,3
BRDA:126,13,0,0
BRDA:126,13,1,3
BRDA:131,14,0,0
BRDA:131,14,1,3
BRDA:138,15,0,1
BRDA:138,15,1,2
BRDA:153,16,0,1
BRDA:153,16,1,1
BRDA:174,17,0,1
BRDA:174,17,1,0
BRDA:234,18,0,0
BRDA:234,18,1,0
BRDA:234,19,0,0
BRDA:234,19,1,0
BRDA:248,20,0,0
BRDA:248,20,1,0
BRDA:261,21,0,0
BRDA:261,21,1,0
BRDA:261,22,0,0
BRDA:261,22,1,0
BRDA:270,23,0,0
BRDA:270,23,1,0
BRDA:296,24,0,0
BRDA:296,24,1,10
BRDA:296,25,0,10
BRDA:296,25,1,0
BRDA:303,26,0,0
BRDA:303,26,1,10
BRDA:303,27,0,10
BRDA:303,27,1,10
BRDA:322,28,0,0
BRDA:322,28,1,10
BRDA:330,29,0,2
BRDA:330,29,1,8
BRDA:341,30,0,5
BRDA:341,30,1,3
BRDA:344,31,0,1
BRDA:344,31,1,4
BRDA:362,32,0,0
BRDA:362,32,1,3
BRDA:380,33,0,0
BRDA:380,33,1,3
BRDA:380,34,0,3
BRDA:380,34,1,3
BRDA:430,35,0,0
BRDA:430,35,1,0
BRDA:475,36,0,0
BRDA:475,36,1,0
BRDA:484,37,0,0
BRDA:484,37,1,0
BRDA:484,38,0,0
BRDA:484,38,1,0
BRDA:491,39,0,0
BRDA:491,39,1,0
BRDA:547,40,0,0
BRDA:547,40,1,2
BRDA:547,41,0,2
BRDA:547,41,1,2
BRDA:553,42,0,0
BRDA:553,42,1,2
BRDA:553,43,0,2
BRDA:553,43,1,2
BRDA:562,44,0,0
BRDA:562,44,1,2
BRDA:562,45,0,2
BRDA:562,45,1,2
BRDA:569,46,0,1
BRDA:569,46,1,1
BRDA:644,47,0,0
BRDA:644,47,1,0
BRDA:644,48,0,0
BRDA:644,48,1,0
BRDA:650,49,0,0
BRDA:650,49,1,0
BRDA:650,50,0,0
BRDA:650,50,1,0
BRDA:659,51,0,0
BRDA:659,51,1,0
BRDA:676,52,0,0
BRDA:676,52,1,0
BRDA:760,53,0,0
BRDA:760,53,1,0
BRDA:770,54,0,0
BRDA:770,54,1,0
BRDA:791,55,0,0
BRDA:791,55,1,0
BRDA:797,56,0,0
BRDA:797,56,1,0
BRDA:815,57,0,0
BRDA:815,57,1,0
BRDA:815,58,0,0
BRDA:815,58,1,0
BRDA:822,59,0,0
BRDA:822,59,1,0
BRDA:829,60,0,0
BRDA:829,60,1,0
BRDA:830,61,0,0
BRDA:830,61,1,0
BRDA:838,62,0,0
BRDA:838,62,1,0
BRDA:847,63,0,0
BRDA:847,63,1,0
BRDA:856,64,0,0
BRDA:856,64,1,0
BRDA:856,65,0,0
BRDA:856,65,1,0
BRDA:862,66,0,0
BRDA:862,66,1,0
BRDA:907,67,0,0
BRDA:907,67,1,0
BRDA:907,68,0,0
BRDA:907,68,1,0
BRDA:916,69,0,0
BRDA:916,69,1,0
BRDA:923,70,0,0
BRDA:923,70,1,0
BRDA:930,71,0,0
BRDA:930,71,1,0
BRDA:939,72,0,0
BRDA:939,72,1,0
BRDA:939,73,0,0
BRDA:939,73,1,0
BRDA:945,74,0,0
BRDA:945,74,1,0
BRDA:983,75,0,0
BRDA:983,75,1,0
BRDA:1010,76,0,0
BRDA:1010,76,1,0
BRDA:1012,77,0,0
BRDA:1012,77,1,0
BRDA:1018,78,0,0
BRDA:1018,78,1,0
BRDA:1018,79,0,0
BRDA:1018,79,1,0
BRDA:1027,80,0,0
BRDA:1027,80,1,0
BRDA:1065,81,0,0
BRDA:1065,81,1,0
BRDA:1065,82,0,0
BRDA:1065,82,1,0
BRDA:1071,83,0,0
BRDA:1071,83,1,0
BRF:171
BRH:52
end_of_record
TN:
SF:src/routes/documents.ts
FN:10,(anonymous_1)
FN:24,(anonymous_2)
FN:103,(anonymous_3)
FN:174,(anonymous_4)
FN:234,(anonymous_5)
FN:284,(anonymous_6)
FNF:6
FNH:0
FNDA:0,(anonymous_1)
FNDA:0,(anonymous_2)
FNDA:0,(anonymous_3)
FNDA:0,(anonymous_4)
FNDA:0,(anonymous_5)
FNDA:0,(anonymous_6)
DA:1,2
DA:2,2
DA:3,2
DA:4,2
DA:5,2
DA:8,2
DA:10,2
DA:12,2
DA:13,2
DA:24,2
DA:25,0
DA:26,0
DA:27,0
DA:28,0
DA:37,0
DA:39,0
DA:40,0
DA:41,0
DA:44,0
DA:45,0
DA:46,0
DA:49,0
DA:50,0
DA:51,0
DA:54,0
DA:58,0
DA:59,0
DA:60,0
DA:63,0
DA:64,0
DA:65,0
DA:68,0
DA:70,0
DA:83,0
DA:91,0
DA:98,0
DA:99,0
DA:103,2
DA:104,0
DA:105,0
DA:106,0
DA:107,0
DA:108,0
DA:110,0
DA:130,0
DA:131,0
DA:132,0
DA:136,0
DA:142,0
DA:143,0
DA:144,0
DA:147,0
DA:149,0
DA:157,0
DA:169,0
DA:170,0
DA:174,2
DA:175,0
DA:176,0
DA:177,0
DA:178,0
DA:180,0
DA:184,0
DA:185,0
DA:186,0
DA:190,0
DA:195,0
DA:196,0
DA:197,0
DA:200,0
DA:223,0
DA:229,0
DA:230,0
DA:234,2
DA:235,0
DA:236,0
DA:237,0
DA:238,0
DA:239,0
DA:241,0
DA:245,0
DA:246,0
DA:247,0
DA:250,0
DA:251,0
DA:252,0
DA:255,0
DA:264,0
DA:272,0
DA:279,0
DA:280,0
DA:284,2
DA:285,0
DA:286,0
DA:287,0
DA:288,0
DA:289,0
DA:291,0
DA:303,0
DA:304,0
DA:305,0
DA:309,0
DA:313,0
DA:314,0
DA:315,0
DA:318,0
DA:322,0
DA:330,0
DA:335,0
DA:336,0
DA:340,2
LF:111
LH:15
BRDA:10,0,0,0
BRDA:10,0,1,0
BRDA:10,0,2,0
BRDA:39,1,0,0
BRDA:39,1,1,0
BRDA:39,2,0,0
BRDA:39,2,1,0
BRDA:39,2,2,0
BRDA:39,2,3,0
BRDA:39,2,4,0
BRDA:44,3,0,0
BRDA:44,3,1,0
BRDA:49,4,0,0
BRDA:49,4,1,0
BRDA:58,5,0,0
BRDA:58,5,1,0
BRDA:63,6,0,0
BRDA:63,6,1,0
BRDA:63,7,0,0
BRDA:63,7,1,0
BRDA:77,8,0,0
BRDA:77,8,1,0
BRDA:130,9,0,0
BRDA:130,9,1,0
BRDA:136,10,0,0
BRDA:136,10,1,0
BRDA:136,10,2,0
BRDA:136,10,3,0
BRDA:136,10,4,0
BRDA:142,11,0,0
BRDA:142,11,1,0
BRDA:184,12,0,0
BRDA:184,12,1,0
BRDA:190,13,0,0
BRDA:190,13,1,0
BRDA:190,13,2,0
BRDA:190,13,3,0
BRDA:195,14,0,0
BRDA:195,14,1,0
BRDA:245,15,0,0
BRDA:245,15,1,0
BRDA:250,16,0,0
BRDA:250,16,1,0
BRDA:303,17,0,0
BRDA:303,17,1,0
BRDA:309,18,0,0
BRDA:309,18,1,0
BRDA:309,18,2,0
BRDA:309,18,3,0
BRDA:313,19,0,0
BRDA:313,19,1,0
BRF:51
BRH:0
end_of_record
TN:
SF:src/routes/firs.ts
FN:10,(anonymous_1)
FN:12,(anonymous_2)
FN:95,(anonymous_3)
FN:194,(anonymous_4)
FN:272,(anonymous_5)
FN:307,(anonymous_6)
FN:331,(anonymous_7)
FN:394,(anonymous_8)
FN:453,(anonymous_9)
FN:531,(anonymous_10)
FNF:10
FNH:8
FNDA:4,(anonymous_1)
FNDA:2,(anonymous_2)
FNDA:1,(anonymous_3)
FNDA:2,(anonymous_4)
FNDA:1,(anonymous_5)
FNDA:1,(anonymous_6)
FNDA:1,(anonymous_7)
FNDA:0,(anonymous_8)
FNDA:1,(anonymous_9)
FNDA:0,(anonymous_10)
DA:1,2
DA:2,2
DA:3,2
DA:4,2
DA:5,2
DA:8,2
DA:10,4
DA:12,2
DA:13,2
DA:14,2
DA:15,2
DA:16,2
DA:31,2
DA:33,2
DA:34,1
DA:35,1
DA:38,1
DA:40,1
DA:54,1
DA:56,1
DA:73,1
DA:82,1
DA:90,0
DA:91,0
DA:95,2
DA:96,1
DA:97,1
DA:98,1
DA:99,1
DA:100,1
DA:102,1
DA:106,1
DA:107,0
DA:108,0
DA:111,1
DA:112,0
DA:113,0
DA:116,1
DA:119,1
DA:120,0
DA:125,0
DA:126,0
DA:127,0
DA:131,0
DA:138,0
DA:139,0
DA:140,0
DA:141,0
DA:145,1
DA:146,0
DA:147,0
DA:150,1
DA:154,1
DA:155,0
DA:156,0
DA:159,1
DA:164,1
DA:173,1
DA:182,1
DA:189,0
DA:190,0
DA:194,2
DA:195,2
DA:196,2
DA:197,2
DA:198,2
DA:200,2
DA:202,2
DA:203,1
DA:204,1
DA:205,1
DA:209,1
DA:210,0
DA:214,2
DA:215,0
DA:218,2
DA:220,2
DA:256,2
DA:264,0
DA:265,0
DA:272,2
DA:273,1
DA:274,1
DA:275,1
DA:277,1
DA:279,1
DA:280,0
DA:281,1
DA:282,1
DA:286,1
DA:287,0
DA:291,1
DA:299,1
DA:307,1
DA:308,1
DA:309,1
DA:311,0
DA:312,0
DA:314,1
DA:315,1
DA:316,1
DA:319,0
DA:320,0
DA:324,1
DA:326,0
DA:327,0
DA:331,2
DA:332,1
DA:333,1
DA:334,1
DA:335,1
DA:337,1
DA:371,1
DA:372,0
DA:373,0
DA:376,1
DA:377,0
DA:378,0
DA:381,1
DA:383,1
DA:389,0
DA:390,0
DA:394,2
DA:395,0
DA:396,0
DA:397,0
DA:398,0
DA:399,0
DA:400,0
DA:402,0
DA:403,0
DA:404,0
DA:407,0
DA:411,0
DA:412,0
DA:413,0
DA:416,0
DA:425,0
DA:434,0
DA:443,0
DA:448,0
DA:449,0
DA:453,2
DA:454,1
DA:455,1
DA:456,1
DA:457,1
DA:458,1
DA:459,1
DA:461,1
DA:462,0
DA:463,0
DA:466,1
DA:467,1
DA:468,0
DA:469,0
DA:473,1
DA:474,0
DA:475,0
DA:478,1
DA:482,1
DA:483,0
DA:484,0
DA:487,1
DA:490,1
DA:491,0
DA:494,1
DA:499,1
DA:509,1
DA:518,1
DA:523,0
DA:524,0
DA:531,2
DA:532,0
DA:533,0
DA:534,0
DA:535,0
DA:536,0
DA:537,0
DA:539,0
DA:540,0
DA:541,0
DA:544,0
DA:548,0
DA:549,0
DA:550,0
DA:554,0
DA:555,0
DA:556,0
DA:559,0
DA:569,0
DA:578,0
DA:584,0
DA:585,0
DA:589,2
LF:195
LH:105
BRDA:10,0,0,4
BRDA:10,0,1,0
BRDA:10,0,2,0
BRDA:33,1,0,1
BRDA:33,1,1,1
BRDA:33,2,0,2
BRDA:33,2,1,2
BRDA:33,2,2,1
BRDA:33,2,3,1
BRDA:33,2,4,1
BRDA:33,2,5,1
BRDA:43,3,0,1
BRDA:43,3,1,0
BRDA:47,4,0,1
BRDA:47,4,1,0
BRDA:48,5,0,1
BRDA:48,5,1,1
BRDA:49,6,0,0
BRDA:49,6,1,1
BRDA:50,7,0,0
BRDA:50,7,1,1
BRDA:51,8,0,1
BRDA:51,8,1,1
BRDA:64,9,0,1
BRDA:64,9,1,0
BRDA:66,10,0,1
BRDA:66,10,1,1
BRDA:106,11,0,0
BRDA:106,11,1,1
BRDA:111,12,0,0
BRDA:111,12,1,1
BRDA:119,13,0,0
BRDA:119,13,1,1
BRDA:125,14,0,0
BRDA:125,14,1,0
BRDA:139,15,0,0
BRDA:139,15,1,0
BRDA:145,16,0,0
BRDA:145,16,1,1
BRDA:154,17,0,0
BRDA:154,17,1,1
BRDA:168,18,0,1
BRDA:168,18,1,0
BRDA:198,19,0,2
BRDA:198,20,0,2
BRDA:202,21,0,1
BRDA:202,21,1,1
BRDA:204,22,0,1
BRDA:204,22,1,0
BRDA:204,23,0,1
BRDA:204,23,1,0
BRDA:209,24,0,0
BRDA:209,24,1,1
BRDA:214,25,0,0
BRDA:214,25,1,2
BRDA:279,26,0,0
BRDA:279,26,1,1
BRDA:281,27,0,1
BRDA:281,27,1,0
BRDA:281,28,0,1
BRDA:281,28,1,0
BRDA:286,29,0,0
BRDA:286,29,1,1
BRDA:309,30,0,0
BRDA:309,30,1,1
BRDA:309,30,2,0
BRDA:309,30,3,0
BRDA:371,31,0,0
BRDA:371,31,1,1
BRDA:376,32,0,0
BRDA:376,32,1,1
BRDA:376,33,0,1
BRDA:376,33,1,0
BRDA:381,34,0,1
BRDA:381,34,1,0
BRDA:402,35,0,0
BRDA:402,35,1,0
BRDA:402,36,0,0
BRDA:402,36,1,0
BRDA:411,37,0,0
BRDA:411,37,1,0
BRDA:411,38,0,0
BRDA:411,38,1,0
BRDA:411,38,2,0
BRDA:429,39,0,0
BRDA:429,39,1,0
BRDA:461,40,0,0
BRDA:461,40,1,1
BRDA:467,41,0,0
BRDA:467,41,1,1
BRDA:473,42,0,0
BRDA:473,42,1,1
BRDA:473,43,0,1
BRDA:473,43,1,1
BRDA:473,43,2,0
BRDA:482,44,0,0
BRDA:482,44,1,1
BRDA:490,45,0,0
BRDA:490,45,1,1
BRDA:503,46,0,1
BRDA:503,46,1,0
BRDA:505,47,0,1
BRDA:505,47,1,1
BRDA:539,48,0,0
BRDA:539,48,1,0
BRDA:548,49,0,0
BRDA:548,49,1,0
BRDA:554,50,0,0
BRDA:554,50,1,0
BRDA:554,51,0,0
BRDA:554,51,1,0
BRDA:563,52,0,0
BRDA:563,52,1,0
BRF:113
BRH:53
end_of_record
TN:
SF:src/routes/ipc.ts
FN:25,(anonymous_1)
FN:32,(anonymous_2)
FN:37,(anonymous_3)
FN:57,(anonymous_4)
FN:59,(anonymous_5)
FN:60,(anonymous_6)
FN:76,(anonymous_7)
FN:79,(anonymous_8)
FNF:8
FNH:0
FNDA:0,(anonymous_1)
FNDA:0,(anonymous_2)
FNDA:0,(anonymous_3)
FNDA:0,(anonymous_4)
FNDA:0,(anonymous_5)
FNDA:0,(anonymous_6)
FNDA:0,(anonymous_7)
FNDA:0,(anonymous_8)
DA:1,2
DA:2,2
DA:3,2
DA:5,2
DA:15,2
DA:17,2
DA:18,2
DA:19,2
DA:20,2
DA:22,0
DA:25,2
DA:26,0
DA:27,0
DA:29,0
DA:31,0
DA:32,0
DA:35,0
DA:36,0
DA:37,0
DA:38,0
DA:44,0
DA:45,0
DA:47,0
DA:52,0
DA:53,0
DA:57,2
DA:58,0
DA:59,0
DA:60,0
DA:61,0
DA:66,0
DA:69,0
DA:71,0
DA:72,0
DA:76,2
DA:77,0
DA:78,0
DA:79,0
DA:81,0
DA:82,0
DA:83,0
DA:86,0
DA:88,0
DA:89,0
DA:93,2
LF:45
LH:13
BRDA:27,0,0,0
BRDA:31,1,0,0
BRDA:31,1,1,0
BRDA:35,2,0,0
BRDA:35,2,1,0
BRDA:38,3,0,0
BRDA:38,3,1,0
BRDA:38,3,2,0
BRDA:60,4,0,0
BRDA:60,4,1,0
BRDA:81,5,0,0
BRDA:81,5,1,0
BRF:12
BRH:0
end_of_record
